#
# There is insufficient memory for the Java Runtime Environment to continue.
# Native memory allocation (malloc) failed to allocate 1573632 bytes. Error detail: Chunk::new
# Possible reasons:
#   The system is out of physical RAM or swap space
#   This process is running with CompressedOops enabled, and the Java Heap may be blocking the growth of the native heap
# Possible solutions:
#   Reduce memory load on the system
#   Increase physical memory or swap space
#   Check if swap backing store is full
#   Decrease Java heap size (-Xmx/-Xms)
#   Decrease number of Java threads
#   Decrease Java thread stack sizes (-Xss)
#   Set larger code cache with -XX:ReservedCodeCacheSize=
#   JVM is running with Zero Based Compressed Oops mode in which the Java heap is
#     placed in the first 32GB address space. The Java Heap base address is the
#     maximum limit for the native heap growth. Please use -XX:HeapBaseMinAddress
#     to set the Java Heap base and to place the Java Heap above 32GB virtual address.
# This output file may be truncated or incomplete.
#
#  Out of Memory Error (arena.cpp:191), pid=9224, tid=11648
#
# JRE version: OpenJDK Runtime Environment Temurin-17.0.13+11 (17.0.13+11) (build 17.0.13+11)
# Java VM: OpenJDK 64-Bit Server VM Temurin-17.0.13+11 (17.0.13+11, mixed mode, sharing, tiered, compressed oops, compressed class ptrs, g1 gc, windows-amd64)
# No core dump will be written. Minidumps are not enabled by default on client versions of Windows
#

---------------  S U M M A R Y ------------

Command Line: --add-opens=java.base/java.lang=ALL-UNNAMED --add-opens=java.base/java.lang.invoke=ALL-UNNAMED --add-opens=java.base/java.util=ALL-UNNAMED --add-opens=java.prefs/java.util.prefs=ALL-UNNAMED --add-exports=jdk.compiler/com.sun.tools.javac.api=ALL-UNNAMED --add-exports=jdk.compiler/com.sun.tools.javac.util=ALL-UNNAMED --add-opens=java.base/java.util=ALL-UNNAMED --add-opens=java.prefs/java.util.prefs=ALL-UNNAMED --add-opens=java.base/java.nio.charset=ALL-UNNAMED --add-opens=java.base/java.net=ALL-UNNAMED --add-opens=java.base/java.util.concurrent.atomic=ALL-UNNAMED --add-opens=java.xml/javax.xml.namespace=ALL-UNNAMED -XX:MaxMetaspaceSize=4G -XX:ReservedCodeCacheSize=512m -XX:+HeapDumpOnOutOfMemoryError -Xmx8G -Dfile.encoding=UTF-8 -Duser.country=US -Duser.language=en -Duser.variant -javaagent:C:\Users\dawat\.gradle\wrapper\dists\gradle-8.14-all\c2qonpi39x1mddn7hk5gh9iqj\gradle-8.14\lib\agents\gradle-instrumentation-agent-8.14.jar org.gradle.launcher.daemon.bootstrap.GradleDaemon 8.14

Host: Intel(R) Core(TM) i5-8365U CPU @ 1.60GHz, 8 cores, 15G,  Windows 11 , 64 bit Build 26100 (10.0.26100.7019)
Time: Sat Jan 17 00:59:07 2026 E. Africa Standard Time elapsed time: 45.007419 seconds (0d 0h 0m 45s)

---------------  T H R E A D  ---------------

Current thread (0x000001fc27367040):  JavaThread "C2 CompilerThread1" daemon [_thread_in_native, id=11648, stack(0x000000e671e00000,0x000000e671f00000)]


Current CompileTask:
C2:  45007 12843   !   4       java.net.URLClassLoader::findClass (47 bytes)

Stack: [0x000000e671e00000,0x000000e671f00000]
Native frames: (J=compiled Java code, j=interpreted, Vv=VM code, C=native code)
V  [jvm.dll+0x682a19]
V  [jvm.dll+0x839538]
V  [jvm.dll+0x83afe3]
V  [jvm.dll+0x83b653]
V  [jvm.dll+0x24704f]
V  [jvm.dll+0xace34]
V  [jvm.dll+0xad4cc]
V  [jvm.dll+0x36597e]
V  [jvm.dll+0x1ba793]
V  [jvm.dll+0x2181a7]
V  [jvm.dll+0x21748f]
V  [jvm.dll+0x1a3070]
V  [jvm.dll+0x22788c]
V  [jvm.dll+0x2259eb]
V  [jvm.dll+0x7eec98]
V  [jvm.dll+0x7e8ffc]
V  [jvm.dll+0x6818f7]
C  [ucrtbase.dll+0x37b0]
C  [KERNEL32.DLL+0x2e8d7]
C  [ntdll.dll+0x8c53c]


---------------  P R O C E S S  ---------------

Threads class SMR info:
_java_thread_list=0x000001fc23c096c0, length=114, elements={
0x000001fb9bc93f10, 0x000001fbd770b8e0, 0x000001fbd770c3b0, 0x000001fc1f011e70,
0x000001fc1f014b50, 0x000001fc1f015420, 0x000001fc1f016d00, 0x000001fc1f01d420,
0x000001fc1f01dde0, 0x000001fc1f026af0, 0x000001fc1f0e6b80, 0x000001fc1f28ab40,
0x000001fc20f4d8b0, 0x000001fc20fd3d00, 0x000001fc1fb8cc10, 0x000001fc21544080,
0x000001fc20202ea0, 0x000001fc1ffb1150, 0x000001fc1ffb2080, 0x000001fc1ffaf2f0,
0x000001fc1ffb1660, 0x000001fc1ffb2590, 0x000001fc1ffb1b70, 0x000001fc1ffaede0,
0x000001fc1ffb0730, 0x000001fc23f98db0, 0x000001fc23f9c050, 0x000001fc23f9c560,
0x000001fc23f9ac10, 0x000001fc23f9a1f0, 0x000001fc23f9cf80, 0x000001fc23f997d0,
0x000001fc23f9deb0, 0x000001fc23f9ede0, 0x000001fc23f9f2f0, 0x000001fc23f9fd10,
0x000001fc1ffb0220, 0x000001fc1ffaf800, 0x000001fc1ffb0c40, 0x000001fc2252d170,
0x000001fc2252b820, 0x000001fc2252d680, 0x000001fc2252cc60, 0x000001fc2252db90,
0x000001fc2252e0a0, 0x000001fc2252bd30, 0x000001fc2252c240, 0x000001fc2252e5b0,
0x000001fc2252eac0, 0x000001fc2252efd0, 0x000001fc2252c750, 0x000001fc20538900,
0x000001fc20537ee0, 0x000001fc2053a760, 0x000001fc2053a250, 0x000001fc20538e10,
0x000001fc20539320, 0x000001fc20539830, 0x000001fc20539d40, 0x000001fc205383f0,
0x000001fc2053e930, 0x000001fc2053d4f0, 0x000001fc2053ee40, 0x000001fc2053f350,
0x000001fc2053c0b0, 0x000001fc2053cfe0, 0x000001fc2053df10, 0x000001fc2053c5c0,
0x000001fc2053da00, 0x000001fc2053cad0, 0x000001fc2053e420, 0x000001fc22a17720,
0x000001fc22a19070, 0x000001fc22a18140, 0x000001fc22a18650, 0x000001fc22a15dd0,
0x000001fc22a158c0, 0x000001fc22a17210, 0x000001fc22a18b60, 0x000001fc22a17c30,
0x000001fc22a167f0, 0x000001fc22a19580, 0x000001fc22a16d00, 0x000001fc22a162e0,
0x000001fc22a19fa0, 0x000001fc22a1be00, 0x000001fc22a1aed0, 0x000001fc22a1c310,
0x000001fc22a1a4b0, 0x000001fc22a1a9c0, 0x000001fc22a1b8f0, 0x000001fc22a1b3e0,
0x000001fc22a19a90, 0x000001fc22a1cd30, 0x000001fc22a1c820, 0x000001fc22a1d240,
0x000001fc22cd06d0, 0x000001fc22cce360, 0x000001fc22cce870, 0x000001fc22cd01c0,
0x000001fc22ccde50, 0x000001fc22ccf7a0, 0x000001fc22cccf20, 0x000001fc22ccf290,
0x000001fc22cced80, 0x000001fc22ccfcb0, 0x000001fc22cd0be0, 0x000001fc22cd10f0,
0x000001fc22ccd940, 0x000001fc22cd1600, 0x000001fc22cd2a40, 0x000001fc22cd3970,
0x000001fc27367040, 0x000001fc27367ae0
}

Java Threads: ( => current thread )
  0x000001fb9bc93f10 JavaThread "main" [_thread_blocked, id=16944, stack(0x000000e669900000,0x000000e669a00000)]
  0x000001fbd770b8e0 JavaThread "Reference Handler" daemon [_thread_blocked, id=20988, stack(0x000000e66a000000,0x000000e66a100000)]
  0x000001fbd770c3b0 JavaThread "Finalizer" daemon [_thread_blocked, id=21820, stack(0x000000e66a100000,0x000000e66a200000)]
  0x000001fc1f011e70 JavaThread "Signal Dispatcher" daemon [_thread_blocked, id=12468, stack(0x000000e66a200000,0x000000e66a300000)]
  0x000001fc1f014b50 JavaThread "Attach Listener" daemon [_thread_blocked, id=17484, stack(0x000000e66a300000,0x000000e66a400000)]
  0x000001fc1f015420 JavaThread "Service Thread" daemon [_thread_blocked, id=16464, stack(0x000000e66a400000,0x000000e66a500000)]
  0x000001fc1f016d00 JavaThread "Monitor Deflation Thread" daemon [_thread_blocked, id=6812, stack(0x000000e66a500000,0x000000e66a600000)]
  0x000001fc1f01d420 JavaThread "C2 CompilerThread0" daemon [_thread_in_native, id=11852, stack(0x000000e66a600000,0x000000e66a700000)]
  0x000001fc1f01dde0 JavaThread "C1 CompilerThread0" daemon [_thread_blocked, id=23012, stack(0x000000e66a700000,0x000000e66a800000)]
  0x000001fc1f026af0 JavaThread "Sweeper thread" daemon [_thread_blocked, id=22548, stack(0x000000e66a800000,0x000000e66a900000)]
  0x000001fc1f0e6b80 JavaThread "Common-Cleaner" daemon [_thread_blocked, id=16908, stack(0x000000e66a900000,0x000000e66aa00000)]
  0x000001fc1f28ab40 JavaThread "Notification Thread" daemon [_thread_blocked, id=22356, stack(0x000000e66ab00000,0x000000e66ac00000)]
  0x000001fc20f4d8b0 JavaThread "Daemon health stats" [_thread_blocked, id=18260, stack(0x000000e66b200000,0x000000e66b300000)]
  0x000001fc20fd3d00 JavaThread "Incoming local TCP Connector on port 2591" [_thread_in_native, id=17892, stack(0x000000e66aa00000,0x000000e66ab00000)]
  0x000001fc1fb8cc10 JavaThread "Daemon periodic checks" [_thread_blocked, id=22876, stack(0x000000e66b500000,0x000000e66b600000)]
  0x000001fc21544080 JavaThread "Daemon" [_thread_blocked, id=3156, stack(0x000000e66b600000,0x000000e66b700000)]
  0x000001fc20202ea0 JavaThread "Handler for socket connection from /127.0.0.1:2591 to /127.0.0.1:2592" [_thread_in_native, id=17920, stack(0x000000e66b700000,0x000000e66b800000)]
  0x000001fc1ffb1150 JavaThread "Cancel handler" [_thread_blocked, id=7272, stack(0x000000e66b800000,0x000000e66b900000)]
  0x000001fc1ffb2080 JavaThread "Daemon worker" [_thread_in_native, id=20276, stack(0x000000e66b900000,0x000000e66ba00000)]
  0x000001fc1ffaf2f0 JavaThread "Asynchronous log dispatcher for DefaultDaemonConnection: socket connection from /127.0.0.1:2591 to /127.0.0.1:2592" [_thread_blocked, id=20740, stack(0x000000e66bb00000,0x000000e66bc00000)]
  0x000001fc1ffb1660 JavaThread "Stdin handler" [_thread_blocked, id=22272, stack(0x000000e66bc00000,0x000000e66bd00000)]
  0x000001fc1ffb2590 JavaThread "Daemon client event forwarder" [_thread_blocked, id=6000, stack(0x000000e66bd00000,0x000000e66be00000)]
  0x000001fc1ffb1b70 JavaThread "Cache worker for journal cache (C:\Users\dawat\.gradle\caches\journal-1)" [_thread_blocked, id=22180, stack(0x000000e66ba00000,0x000000e66bb00000)]
  0x000001fc1ffaede0 JavaThread "File lock request listener" [_thread_in_native, id=23004, stack(0x000000e66be00000,0x000000e66bf00000)]
  0x000001fc1ffb0730 JavaThread "Cache worker for file hash cache (C:\Users\dawat\.gradle\caches\8.14\fileHashes)" [_thread_blocked, id=19132, stack(0x000000e66bf00000,0x000000e66c000000)]
  0x000001fc23f98db0 JavaThread "Cache worker for file hash cache (D:\Learning\Flutter\flutter-facebook-clone-app\android\.gradle\8.14\fileHashes)" [_thread_blocked, id=1272, stack(0x000000e66c200000,0x000000e66c300000)]
  0x000001fc23f9c050 JavaThread "Cache worker for Build Output Cleanup Cache (D:\Learning\Flutter\flutter-facebook-clone-app\android\.gradle\buildOutputCleanup)" [_thread_blocked, id=23336, stack(0x000000e66c300000,0x000000e66c400000)]
  0x000001fc23f9c560 JavaThread "File watcher server" daemon [_thread_in_native, id=19968, stack(0x000000e66c500000,0x000000e66c600000)]
  0x000001fc23f9ac10 JavaThread "File watcher consumer" daemon [_thread_blocked, id=22428, stack(0x000000e66c600000,0x000000e66c700000)]
  0x000001fc23f9a1f0 JavaThread "jar transforms" [_thread_blocked, id=17368, stack(0x000000e66c100000,0x000000e66c200000)]
  0x000001fc23f9cf80 JavaThread "jar transforms Thread 2" [_thread_blocked, id=8132, stack(0x000000e66c700000,0x000000e66c800000)]
  0x000001fc23f997d0 JavaThread "Cache worker for checksums cache (D:\Learning\Flutter\flutter-facebook-clone-app\android\.gradle\8.14\checksums)" [_thread_blocked, id=22920, stack(0x000000e66cc00000,0x000000e66cd00000)]
  0x000001fc23f9deb0 JavaThread "Cache worker for file content cache (C:\Users\dawat\.gradle\caches\8.14\fileContent)" [_thread_blocked, id=3216, stack(0x000000e66cd00000,0x000000e66ce00000)]
  0x000001fc23f9ede0 JavaThread "Cache worker for cache directory md-supplier (C:\Users\dawat\.gradle\caches\8.14\md-supplier)" [_thread_blocked, id=15740, stack(0x000000e66ce00000,0x000000e66cf00000)]
  0x000001fc23f9f2f0 JavaThread "Cache worker for cache directory md-rule (C:\Users\dawat\.gradle\caches\8.14\md-rule)" [_thread_blocked, id=16712, stack(0x000000e66cf00000,0x000000e66d000000)]
  0x000001fc23f9fd10 JavaThread "Cache worker for Build Output Cleanup Cache (C:\src\flutter\packages\flutter_tools\gradle\.gradle\buildOutputCleanup)" [_thread_blocked, id=21744, stack(0x000000e66d000000,0x000000e66d100000)]
  0x000001fc1ffb0220 JavaThread "Unconstrained build operations" [_thread_blocked, id=2324, stack(0x000000e66d100000,0x000000e66d200000)]
  0x000001fc1ffaf800 JavaThread "Unconstrained build operations Thread 2" [_thread_blocked, id=23356, stack(0x000000e66d200000,0x000000e66d300000)]
  0x000001fc1ffb0c40 JavaThread "Unconstrained build operations Thread 3" [_thread_blocked, id=21676, stack(0x000000e66d300000,0x000000e66d400000)]
  0x000001fc2252d170 JavaThread "Unconstrained build operations Thread 4" [_thread_blocked, id=14564, stack(0x000000e66d400000,0x000000e66d500000)]
  0x000001fc2252b820 JavaThread "Unconstrained build operations Thread 5" [_thread_blocked, id=12864, stack(0x000000e66d500000,0x000000e66d600000)]
  0x000001fc2252d680 JavaThread "Unconstrained build operations Thread 6" [_thread_blocked, id=20192, stack(0x000000e66d600000,0x000000e66d700000)]
  0x000001fc2252cc60 JavaThread "Unconstrained build operations Thread 7" [_thread_blocked, id=20372, stack(0x000000e66d700000,0x000000e66d800000)]
  0x000001fc2252db90 JavaThread "Unconstrained build operations Thread 8" [_thread_blocked, id=7152, stack(0x000000e66d800000,0x000000e66d900000)]
  0x000001fc2252e0a0 JavaThread "Unconstrained build operations Thread 9" [_thread_blocked, id=18756, stack(0x000000e66d900000,0x000000e66da00000)]
  0x000001fc2252bd30 JavaThread "Unconstrained build operations Thread 10" [_thread_blocked, id=4524, stack(0x000000e66da00000,0x000000e66db00000)]
  0x000001fc2252c240 JavaThread "Unconstrained build operations Thread 11" [_thread_blocked, id=452, stack(0x000000e66db00000,0x000000e66dc00000)]
  0x000001fc2252e5b0 JavaThread "Unconstrained build operations Thread 12" [_thread_blocked, id=4304, stack(0x000000e66dc00000,0x000000e66dd00000)]
  0x000001fc2252eac0 JavaThread "Unconstrained build operations Thread 13" [_thread_blocked, id=22604, stack(0x000000e66dd00000,0x000000e66de00000)]
  0x000001fc2252efd0 JavaThread "Unconstrained build operations Thread 14" [_thread_blocked, id=14868, stack(0x000000e66de00000,0x000000e66df00000)]
  0x000001fc2252c750 JavaThread "Unconstrained build operations Thread 15" [_thread_blocked, id=22640, stack(0x000000e66df00000,0x000000e66e000000)]
  0x000001fc20538900 JavaThread "Unconstrained build operations Thread 16" [_thread_blocked, id=19332, stack(0x000000e66e000000,0x000000e66e100000)]
  0x000001fc20537ee0 JavaThread "Unconstrained build operations Thread 17" [_thread_blocked, id=21136, stack(0x000000e66e100000,0x000000e66e200000)]
  0x000001fc2053a760 JavaThread "Unconstrained build operations Thread 18" [_thread_blocked, id=22204, stack(0x000000e66e200000,0x000000e66e300000)]
  0x000001fc2053a250 JavaThread "Unconstrained build operations Thread 19" [_thread_blocked, id=4392, stack(0x000000e66e300000,0x000000e66e400000)]
  0x000001fc20538e10 JavaThread "Unconstrained build operations Thread 20" [_thread_blocked, id=11412, stack(0x000000e66e400000,0x000000e66e500000)]
  0x000001fc20539320 JavaThread "Unconstrained build operations Thread 21" [_thread_blocked, id=7268, stack(0x000000e66e500000,0x000000e66e600000)]
  0x000001fc20539830 JavaThread "Memory manager" [_thread_blocked, id=7648, stack(0x000000e66e600000,0x000000e66e700000)]
  0x000001fc20539d40 JavaThread "build event listener" [_thread_blocked, id=14368, stack(0x000000e66c000000,0x000000e66c100000)]
  0x000001fc205383f0 JavaThread "included builds" [_thread_blocked, id=16780, stack(0x000000e66e800000,0x000000e66e900000)]
  0x000001fc2053e930 JavaThread "Execution worker" [_thread_blocked, id=6644, stack(0x000000e66e900000,0x000000e66ea00000)]
  0x000001fc2053d4f0 JavaThread "Execution worker Thread 2" [_thread_blocked, id=15612, stack(0x000000e66ea00000,0x000000e66eb00000)]
  0x000001fc2053ee40 JavaThread "Execution worker Thread 3" [_thread_blocked, id=22884, stack(0x000000e66eb00000,0x000000e66ec00000)]
  0x000001fc2053f350 JavaThread "Execution worker Thread 4" [_thread_blocked, id=4720, stack(0x000000e66ec00000,0x000000e66ed00000)]
  0x000001fc2053c0b0 JavaThread "Execution worker Thread 5" [_thread_blocked, id=19004, stack(0x000000e66ed00000,0x000000e66ee00000)]
  0x000001fc2053cfe0 JavaThread "Execution worker Thread 6" [_thread_blocked, id=19548, stack(0x000000e66ee00000,0x000000e66ef00000)]
  0x000001fc2053df10 JavaThread "Execution worker Thread 7" [_thread_blocked, id=5004, stack(0x000000e66ef00000,0x000000e66f000000)]
  0x000001fc2053c5c0 JavaThread "Cache worker for execution history cache (C:\src\flutter\packages\flutter_tools\gradle\.gradle\8.14\executionHistory)" [_thread_blocked, id=12604, stack(0x000000e66f000000,0x000000e66f100000)]
  0x000001fc2053da00 JavaThread "Unconstrained build operations Thread 22" [_thread_blocked, id=6632, stack(0x000000e66f100000,0x000000e66f200000)]
  0x000001fc2053cad0 JavaThread "Unconstrained build operations Thread 23" [_thread_blocked, id=7616, stack(0x000000e66f200000,0x000000e66f300000)]
  0x000001fc2053e420 JavaThread "Unconstrained build operations Thread 24" [_thread_blocked, id=12384, stack(0x000000e66f300000,0x000000e66f400000)]
  0x000001fc22a17720 JavaThread "Unconstrained build operations Thread 25" [_thread_blocked, id=8104, stack(0x000000e66f400000,0x000000e66f500000)]
  0x000001fc22a19070 JavaThread "Unconstrained build operations Thread 26" [_thread_blocked, id=13360, stack(0x000000e66f500000,0x000000e66f600000)]
  0x000001fc22a18140 JavaThread "Unconstrained build operations Thread 27" [_thread_blocked, id=21896, stack(0x000000e66f600000,0x000000e66f700000)]
  0x000001fc22a18650 JavaThread "Unconstrained build operations Thread 28" [_thread_blocked, id=12860, stack(0x000000e66f700000,0x000000e66f800000)]
  0x000001fc22a15dd0 JavaThread "Unconstrained build operations Thread 29" [_thread_blocked, id=6816, stack(0x000000e66f800000,0x000000e66f900000)]
  0x000001fc22a158c0 JavaThread "Unconstrained build operations Thread 30" [_thread_blocked, id=22032, stack(0x000000e66f900000,0x000000e66fa00000)]
  0x000001fc22a17210 JavaThread "Unconstrained build operations Thread 31" [_thread_blocked, id=23440, stack(0x000000e66fa00000,0x000000e66fb00000)]
  0x000001fc22a18b60 JavaThread "Unconstrained build operations Thread 32" [_thread_blocked, id=16000, stack(0x000000e66fb00000,0x000000e66fc00000)]
  0x000001fc22a17c30 JavaThread "Unconstrained build operations Thread 33" [_thread_blocked, id=7988, stack(0x000000e66fc00000,0x000000e66fd00000)]
  0x000001fc22a167f0 JavaThread "Unconstrained build operations Thread 34" [_thread_blocked, id=9584, stack(0x000000e66fd00000,0x000000e66fe00000)]
  0x000001fc22a19580 JavaThread "Unconstrained build operations Thread 35" [_thread_blocked, id=2744, stack(0x000000e66fe00000,0x000000e66ff00000)]
  0x000001fc22a16d00 JavaThread "Unconstrained build operations Thread 36" [_thread_blocked, id=6828, stack(0x000000e66ff00000,0x000000e670000000)]
  0x000001fc22a162e0 JavaThread "Unconstrained build operations Thread 37" [_thread_blocked, id=3176, stack(0x000000e670000000,0x000000e670100000)]
  0x000001fc22a19fa0 JavaThread "Unconstrained build operations Thread 38" [_thread_blocked, id=6972, stack(0x000000e670100000,0x000000e670200000)]
  0x000001fc22a1be00 JavaThread "Unconstrained build operations Thread 39" [_thread_blocked, id=21496, stack(0x000000e670200000,0x000000e670300000)]
  0x000001fc22a1aed0 JavaThread "Unconstrained build operations Thread 40" [_thread_blocked, id=21568, stack(0x000000e670300000,0x000000e670400000)]
  0x000001fc22a1c310 JavaThread "Unconstrained build operations Thread 41" [_thread_blocked, id=22896, stack(0x000000e670400000,0x000000e670500000)]
  0x000001fc22a1a4b0 JavaThread "Unconstrained build operations Thread 42" [_thread_blocked, id=21064, stack(0x000000e670500000,0x000000e670600000)]
  0x000001fc22a1a9c0 JavaThread "Unconstrained build operations Thread 43" [_thread_blocked, id=1928, stack(0x000000e670600000,0x000000e670700000)]
  0x000001fc22a1b8f0 JavaThread "Unconstrained build operations Thread 44" [_thread_blocked, id=7280, stack(0x000000e670700000,0x000000e670800000)]
  0x000001fc22a1b3e0 JavaThread "Unconstrained build operations Thread 45" [_thread_blocked, id=2372, stack(0x000000e670800000,0x000000e670900000)]
  0x000001fc22a19a90 JavaThread "Unconstrained build operations Thread 46" [_thread_blocked, id=6900, stack(0x000000e670900000,0x000000e670a00000)]
  0x000001fc22a1cd30 JavaThread "Unconstrained build operations Thread 47" [_thread_blocked, id=18376, stack(0x000000e670a00000,0x000000e670b00000)]
  0x000001fc22a1c820 JavaThread "Unconstrained build operations Thread 48" [_thread_blocked, id=3484, stack(0x000000e670b00000,0x000000e670c00000)]
  0x000001fc22a1d240 JavaThread "Unconstrained build operations Thread 49" [_thread_blocked, id=21212, stack(0x000000e670c00000,0x000000e670d00000)]
  0x000001fc22cd06d0 JavaThread "Unconstrained build operations Thread 50" [_thread_blocked, id=22416, stack(0x000000e670d00000,0x000000e670e00000)]
  0x000001fc22cce360 JavaThread "Unconstrained build operations Thread 51" [_thread_blocked, id=1432, stack(0x000000e670e00000,0x000000e670f00000)]
  0x000001fc22cce870 JavaThread "Unconstrained build operations Thread 52" [_thread_blocked, id=2796, stack(0x000000e670f00000,0x000000e671000000)]
  0x000001fc22cd01c0 JavaThread "Unconstrained build operations Thread 53" [_thread_blocked, id=15444, stack(0x000000e671000000,0x000000e671100000)]
  0x000001fc22ccde50 JavaThread "Unconstrained build operations Thread 54" [_thread_blocked, id=8628, stack(0x000000e671100000,0x000000e671200000)]
  0x000001fc22ccf7a0 JavaThread "Unconstrained build operations Thread 55" [_thread_blocked, id=4164, stack(0x000000e671200000,0x000000e671300000)]
  0x000001fc22cccf20 JavaThread "Unconstrained build operations Thread 56" [_thread_blocked, id=17856, stack(0x000000e671300000,0x000000e671400000)]
  0x000001fc22ccf290 JavaThread "Unconstrained build operations Thread 57" [_thread_blocked, id=13300, stack(0x000000e671400000,0x000000e671500000)]
  0x000001fc22cced80 JavaThread "Unconstrained build operations Thread 58" [_thread_blocked, id=15488, stack(0x000000e671500000,0x000000e671600000)]
  0x000001fc22ccfcb0 JavaThread "Unconstrained build operations Thread 59" [_thread_blocked, id=20588, stack(0x000000e671600000,0x000000e671700000)]
  0x000001fc22cd0be0 JavaThread "Unconstrained build operations Thread 60" [_thread_blocked, id=13400, stack(0x000000e671700000,0x000000e671800000)]
  0x000001fc22cd10f0 JavaThread "Unconstrained build operations Thread 61" [_thread_blocked, id=4020, stack(0x000000e671800000,0x000000e671900000)]
  0x000001fc22ccd940 JavaThread "Unconstrained build operations Thread 62" [_thread_blocked, id=9240, stack(0x000000e671900000,0x000000e671a00000)]
  0x000001fc22cd1600 JavaThread "Unconstrained build operations Thread 63" [_thread_blocked, id=10184, stack(0x000000e671a00000,0x000000e671b00000)]
  0x000001fc22cd2a40 JavaThread "Unconstrained build operations Thread 64" [_thread_blocked, id=15664, stack(0x000000e671b00000,0x000000e671c00000)]
  0x000001fc22cd3970 JavaThread "Unconstrained build operations Thread 65" [_thread_blocked, id=20004, stack(0x000000e671c00000,0x000000e671d00000)]
=>0x000001fc27367040 JavaThread "C2 CompilerThread1" daemon [_thread_in_native, id=11648, stack(0x000000e671e00000,0x000000e671f00000)]
  0x000001fc27367ae0 JavaThread "C2 CompilerThread2" daemon [_thread_in_native, id=20636, stack(0x000000e671f00000,0x000000e672000000)]

Other Threads:
  0x000001fbd76fd0a0 VMThread "VM Thread" [stack: 0x000000e669f00000,0x000000e66a000000] [id=19136]
  0x000001fb9bc95a50 WatcherThread [stack: 0x000000e66ac00000,0x000000e66ad00000] [id=21944]
  0x000001fbd75519b0 GCTaskThread "GC Thread#0" [stack: 0x000000e669a00000,0x000000e669b00000] [id=15252]
  0x000001fc1f578f50 GCTaskThread "GC Thread#1" [stack: 0x000000e66ad00000,0x000000e66ae00000] [id=19412]
  0x000001fc1f2ecb10 GCTaskThread "GC Thread#2" [stack: 0x000000e66ae00000,0x000000e66af00000] [id=19708]
  0x000001fc1f2ecdd0 GCTaskThread "GC Thread#3" [stack: 0x000000e66af00000,0x000000e66b000000] [id=20592]
  0x000001fc1f6488d0 GCTaskThread "GC Thread#4" [stack: 0x000000e66b000000,0x000000e66b100000] [id=15332]
  0x000001fc1f5bdb00 GCTaskThread "GC Thread#5" [stack: 0x000000e66b100000,0x000000e66b200000] [id=6124]
  0x000001fc200ffdd0 GCTaskThread "GC Thread#6" [stack: 0x000000e66b300000,0x000000e66b400000] [id=2660]
  0x000001fc201008d0 GCTaskThread "GC Thread#7" [stack: 0x000000e66b400000,0x000000e66b500000] [id=6844]
  0x000001fb9bd14360 ConcurrentGCThread "G1 Main Marker" [stack: 0x000000e669b00000,0x000000e669c00000] [id=16088]
  0x000001fb9bd15330 ConcurrentGCThread "G1 Conc#0" [stack: 0x000000e669c00000,0x000000e669d00000] [id=22232]
  0x000001fc200ff850 ConcurrentGCThread "G1 Conc#1" [stack: 0x000000e66c400000,0x000000e66c500000] [id=22288]
  0x000001fbd75b6790 ConcurrentGCThread "G1 Refine#0" [stack: 0x000000e669d00000,0x000000e669e00000] [id=12508]
  0x000001fc1fbe09e0 ConcurrentGCThread "G1 Refine#1" [stack: 0x000000e66c900000,0x000000e66ca00000] [id=4980]
  0x000001fc1fbe0400 ConcurrentGCThread "G1 Refine#2" [stack: 0x000000e66ca00000,0x000000e66cb00000] [id=20088]
  0x000001fc23e22750 ConcurrentGCThread "G1 Refine#3" [stack: 0x000000e66cb00000,0x000000e66cc00000] [id=19376]
  0x000001fc26bfd160 ConcurrentGCThread "G1 Refine#4" [stack: 0x000000e671d00000,0x000000e671e00000] [id=17896]
  0x000001fbd75b70d0 ConcurrentGCThread "G1 Service" [stack: 0x000000e669e00000,0x000000e669f00000] [id=19316]

Threads with active compile tasks:
C2 CompilerThread0    45107 12934       4       org.gradle.internal.service.DefaultServiceRegistry$ParentServices::getService (12 bytes)
C1 CompilerThread0    45107 12991       3       org.jetbrains.kotlin.com.intellij.lexer.FlexAdapter::getTokenType (9 bytes)
C2 CompilerThread1    45107 12843   !   4       java.net.URLClassLoader::findClass (47 bytes)
C2 CompilerThread2    45107 12933   !   4       java.lang.reflect.Executable::declaredAnnotations (85 bytes)

VM state: not at safepoint (normal execution)

VM Mutex/Monitor currently owned by a thread: None

Heap address: 0x0000000600000000, size: 8192 MB, Compressed Oops mode: Zero based, Oop shift amount: 3

CDS archive(s) mapped at: [0x000001fbda000000-0x000001fbdabb0000-0x000001fbdabb0000), size 12255232, SharedBaseAddress: 0x000001fbda000000, ArchiveRelocationMode: 1.
Compressed class space mapped at: 0x000001fbdb000000-0x000001fc1b000000, reserved size: 1073741824
Narrow klass base: 0x000001fbda000000, Narrow klass shift: 0, Narrow klass range: 0x100000000

GC Precious Log:
 CPUs: 8 total, 8 available
 Memory: 16190M
 Large Page Support: Disabled
 NUMA Support: Disabled
 Compressed Oops: Enabled (Zero based)
 Heap Region Size: 4M
 Heap Min Capacity: 8M
 Heap Initial Capacity: 256M
 Heap Max Capacity: 8G
 Pre-touch: Disabled
 Parallel Workers: 8
 Concurrent Workers: 2
 Concurrent Refinement Workers: 8
 Periodic GC: Disabled

Heap:
 garbage-first heap   total 339968K, used 157684K [0x0000000600000000, 0x0000000800000000)
  region size 4096K, 7 young (28672K), 4 survivors (16384K)
 Metaspace       used 124650K, committed 125504K, reserved 1179648K
  class space    used 16540K, committed 16960K, reserved 1048576K

Heap Regions: E=young(eden), S=young(survivor), O=old, HS=humongous(starts), HC=humongous(continues), CS=collection set, F=free, OA=open archive, CA=closed archive, TAMS=top-at-mark-start (previous, next)
|   0|0x0000000600000000, 0x0000000600400000, 0x0000000600400000|100%|HS|  |TAMS 0x0000000600400000, 0x0000000600000000| Complete 
|   1|0x0000000600400000, 0x0000000600800000, 0x0000000600800000|100%| O|  |TAMS 0x0000000600800000, 0x0000000600400000| Untracked 
|   2|0x0000000600800000, 0x0000000600c00000, 0x0000000600c00000|100%| O|  |TAMS 0x0000000600c00000, 0x0000000600800000| Untracked 
|   3|0x0000000600c00000, 0x0000000601000000, 0x0000000601000000|100%| O|  |TAMS 0x0000000601000000, 0x0000000600c00000| Untracked 
|   4|0x0000000601000000, 0x0000000601400000, 0x0000000601400000|100%| O|  |TAMS 0x0000000601400000, 0x0000000601000000| Untracked 
|   5|0x0000000601400000, 0x0000000601800000, 0x0000000601800000|100%| O|  |TAMS 0x0000000601800000, 0x0000000601400000| Untracked 
|   6|0x0000000601800000, 0x0000000601c00000, 0x0000000601c00000|100%| O|  |TAMS 0x0000000601c00000, 0x0000000601800000| Untracked 
|   7|0x0000000601c00000, 0x0000000602000000, 0x0000000602000000|100%| O|  |TAMS 0x0000000602000000, 0x0000000601c00000| Untracked 
|   8|0x0000000602000000, 0x0000000602400000, 0x0000000602400000|100%| O|  |TAMS 0x0000000602400000, 0x0000000602000000| Untracked 
|   9|0x0000000602400000, 0x0000000602800000, 0x0000000602800000|100%| O|  |TAMS 0x0000000602800000, 0x0000000602400000| Untracked 
|  10|0x0000000602800000, 0x0000000602c00000, 0x0000000602c00000|100%| O|  |TAMS 0x0000000602c00000, 0x0000000602800000| Untracked 
|  11|0x0000000602c00000, 0x0000000603000000, 0x0000000603000000|100%|HS|  |TAMS 0x0000000603000000, 0x0000000602c00000| Complete 
|  12|0x0000000603000000, 0x0000000603400000, 0x0000000603400000|100%| O|  |TAMS 0x0000000603400000, 0x0000000603000000| Untracked 
|  13|0x0000000603400000, 0x0000000603800000, 0x0000000603800000|100%| O|  |TAMS 0x0000000603800000, 0x0000000603400000| Untracked 
|  14|0x0000000603800000, 0x0000000603c00000, 0x0000000603c00000|100%|HS|  |TAMS 0x0000000603c00000, 0x0000000603800000| Complete 
|  15|0x0000000603c00000, 0x0000000604000000, 0x0000000604000000|100%| O|  |TAMS 0x0000000604000000, 0x0000000603c00000| Untracked 
|  16|0x0000000604000000, 0x0000000604400000, 0x0000000604400000|100%| O|  |TAMS 0x0000000604400000, 0x0000000604000000| Untracked 
|  17|0x0000000604400000, 0x0000000604800000, 0x0000000604800000|100%| O|  |TAMS 0x0000000604800000, 0x0000000604400000| Untracked 
|  18|0x0000000604800000, 0x0000000604c00000, 0x0000000604c00000|100%| O|  |TAMS 0x0000000604c00000, 0x0000000604800000| Untracked 
|  19|0x0000000604c00000, 0x0000000605000000, 0x0000000605000000|100%| O|  |TAMS 0x0000000605000000, 0x0000000604c00000| Untracked 
|  20|0x0000000605000000, 0x0000000605400000, 0x0000000605400000|100%| O|  |TAMS 0x0000000605400000, 0x0000000605000000| Untracked 
|  21|0x0000000605400000, 0x0000000605800000, 0x0000000605800000|100%| O|  |TAMS 0x0000000605800000, 0x0000000605400000| Untracked 
|  22|0x0000000605800000, 0x0000000605c00000, 0x0000000605c00000|100%| O|  |TAMS 0x0000000605c00000, 0x0000000605800000| Untracked 
|  23|0x0000000605c00000, 0x0000000606000000, 0x0000000606000000|100%| O|  |TAMS 0x0000000606000000, 0x0000000605c00000| Untracked 
|  24|0x0000000606000000, 0x0000000606400000, 0x0000000606400000|100%| O|  |TAMS 0x0000000606400000, 0x0000000606000000| Untracked 
|  25|0x0000000606400000, 0x0000000606800000, 0x0000000606800000|100%| O|  |TAMS 0x0000000606800000, 0x0000000606400000| Untracked 
|  26|0x0000000606800000, 0x0000000606c00000, 0x0000000606c00000|100%| O|  |TAMS 0x0000000606c00000, 0x0000000606800000| Untracked 
|  27|0x0000000606c00000, 0x0000000607000000, 0x0000000607000000|100%| O|  |TAMS 0x0000000607000000, 0x0000000606c00000| Untracked 
|  28|0x0000000607000000, 0x0000000607400000, 0x0000000607400000|100%| O|  |TAMS 0x0000000607400000, 0x0000000607000000| Untracked 
|  29|0x0000000607400000, 0x0000000607800000, 0x0000000607800000|100%|HS|  |TAMS 0x0000000607800000, 0x0000000607400000| Complete 
|  30|0x0000000607800000, 0x0000000607c00000, 0x0000000607c00000|100%|HC|  |TAMS 0x0000000607c00000, 0x0000000607800000| Complete 
|  31|0x0000000607c00000, 0x0000000608000000, 0x0000000608000000|100%| O|  |TAMS 0x0000000607e59000, 0x0000000607c00000| Untracked 
|  32|0x0000000608000000, 0x0000000608400000, 0x0000000608400000|100%| O|  |TAMS 0x0000000608000000, 0x0000000608000000| Untracked 
|  33|0x0000000608400000, 0x00000006085c1a00, 0x0000000608800000| 43%| O|  |TAMS 0x0000000608400000, 0x0000000608400000| Untracked 
|  34|0x0000000608800000, 0x0000000608800000, 0x0000000608c00000|  0%| F|  |TAMS 0x0000000608800000, 0x0000000608800000| Untracked 
|  35|0x0000000608c00000, 0x0000000608c00000, 0x0000000609000000|  0%| F|  |TAMS 0x0000000608c00000, 0x0000000608c00000| Untracked 
|  36|0x0000000609000000, 0x0000000609000000, 0x0000000609400000|  0%| F|  |TAMS 0x0000000609000000, 0x0000000609000000| Untracked 
|  37|0x0000000609400000, 0x0000000609400000, 0x0000000609800000|  0%| F|  |TAMS 0x0000000609400000, 0x0000000609400000| Untracked 
|  38|0x0000000609800000, 0x0000000609800000, 0x0000000609c00000|  0%| F|  |TAMS 0x0000000609800000, 0x0000000609800000| Untracked 
|  39|0x0000000609c00000, 0x0000000609c00000, 0x000000060a000000|  0%| F|  |TAMS 0x0000000609c00000, 0x0000000609c00000| Untracked 
|  40|0x000000060a000000, 0x000000060a000000, 0x000000060a400000|  0%| F|  |TAMS 0x000000060a000000, 0x000000060a000000| Untracked 
|  41|0x000000060a400000, 0x000000060a400000, 0x000000060a800000|  0%| F|  |TAMS 0x000000060a400000, 0x000000060a400000| Untracked 
|  42|0x000000060a800000, 0x000000060a800000, 0x000000060ac00000|  0%| F|  |TAMS 0x000000060a800000, 0x000000060a800000| Untracked 
|  43|0x000000060ac00000, 0x000000060ac00000, 0x000000060b000000|  0%| F|  |TAMS 0x000000060ac00000, 0x000000060ac00000| Untracked 
|  44|0x000000060b000000, 0x000000060b000000, 0x000000060b400000|  0%| F|  |TAMS 0x000000060b000000, 0x000000060b000000| Untracked 
|  45|0x000000060b400000, 0x000000060b400000, 0x000000060b800000|  0%| F|  |TAMS 0x000000060b400000, 0x000000060b400000| Untracked 
|  46|0x000000060b800000, 0x000000060b800000, 0x000000060bc00000|  0%| F|  |TAMS 0x000000060b800000, 0x000000060b800000| Untracked 
|  47|0x000000060bc00000, 0x000000060bc3b7f0, 0x000000060c000000|  5%| S|CS|TAMS 0x000000060bc00000, 0x000000060bc00000| Complete 
|  48|0x000000060c000000, 0x000000060c400000, 0x000000060c400000|100%| S|CS|TAMS 0x000000060c000000, 0x000000060c000000| Complete 
|  49|0x000000060c400000, 0x000000060c800000, 0x000000060c800000|100%| S|CS|TAMS 0x000000060c400000, 0x000000060c400000| Complete 
|  50|0x000000060c800000, 0x000000060cc00000, 0x000000060cc00000|100%| S|CS|TAMS 0x000000060c800000, 0x000000060c800000| Complete 
|  51|0x000000060cc00000, 0x000000060cc00000, 0x000000060d000000|  0%| F|  |TAMS 0x000000060cc00000, 0x000000060cc00000| Untracked 
|  52|0x000000060d000000, 0x000000060d000000, 0x000000060d400000|  0%| F|  |TAMS 0x000000060d000000, 0x000000060d000000| Untracked 
|  53|0x000000060d400000, 0x000000060d400000, 0x000000060d800000|  0%| F|  |TAMS 0x000000060d400000, 0x000000060d400000| Untracked 
|  54|0x000000060d800000, 0x000000060d800000, 0x000000060dc00000|  0%| F|  |TAMS 0x000000060d800000, 0x000000060d800000| Untracked 
|  55|0x000000060dc00000, 0x000000060dc00000, 0x000000060e000000|  0%| F|  |TAMS 0x000000060dc00000, 0x000000060dc00000| Untracked 
|  56|0x000000060e000000, 0x000000060e000000, 0x000000060e400000|  0%| F|  |TAMS 0x000000060e000000, 0x000000060e000000| Untracked 
|  57|0x000000060e400000, 0x000000060e400000, 0x000000060e800000|  0%| F|  |TAMS 0x000000060e400000, 0x000000060e400000| Untracked 
|  58|0x000000060e800000, 0x000000060e800000, 0x000000060ec00000|  0%| F|  |TAMS 0x000000060e800000, 0x000000060e800000| Untracked 
|  59|0x000000060ec00000, 0x000000060ec00000, 0x000000060f000000|  0%| F|  |TAMS 0x000000060ec00000, 0x000000060ec00000| Untracked 
|  60|0x000000060f000000, 0x000000060f000000, 0x000000060f400000|  0%| F|  |TAMS 0x000000060f000000, 0x000000060f000000| Untracked 
|  61|0x000000060f400000, 0x000000060f400000, 0x000000060f800000|  0%| F|  |TAMS 0x000000060f400000, 0x000000060f400000| Untracked 
|  62|0x000000060f800000, 0x000000060f800000, 0x000000060fc00000|  0%| F|  |TAMS 0x000000060f800000, 0x000000060f800000| Untracked 
|  63|0x000000060fc00000, 0x000000060fc00000, 0x0000000610000000|  0%| F|  |TAMS 0x000000060fc00000, 0x000000060fc00000| Untracked 
|  64|0x0000000610000000, 0x0000000610000000, 0x0000000610400000|  0%| F|  |TAMS 0x0000000610000000, 0x0000000610000000| Untracked 
|  65|0x0000000610400000, 0x0000000610400000, 0x0000000610800000|  0%| F|  |TAMS 0x0000000610400000, 0x0000000610400000| Untracked 
|  66|0x0000000610800000, 0x0000000610800000, 0x0000000610c00000|  0%| F|  |TAMS 0x0000000610800000, 0x0000000610800000| Untracked 
|  67|0x0000000610c00000, 0x0000000610c00000, 0x0000000611000000|  0%| F|  |TAMS 0x0000000610c00000, 0x0000000610c00000| Untracked 
|  68|0x0000000611000000, 0x0000000611000000, 0x0000000611400000|  0%| F|  |TAMS 0x0000000611000000, 0x0000000611000000| Untracked 
|  69|0x0000000611400000, 0x0000000611400000, 0x0000000611800000|  0%| F|  |TAMS 0x0000000611400000, 0x0000000611400000| Untracked 
|  70|0x0000000611800000, 0x0000000611800000, 0x0000000611c00000|  0%| F|  |TAMS 0x0000000611800000, 0x0000000611800000| Untracked 
|  71|0x0000000611c00000, 0x0000000611c00000, 0x0000000612000000|  0%| F|  |TAMS 0x0000000611c00000, 0x0000000611c00000| Untracked 
|  72|0x0000000612000000, 0x0000000612000000, 0x0000000612400000|  0%| F|  |TAMS 0x0000000612000000, 0x0000000612000000| Untracked 
|  73|0x0000000612400000, 0x0000000612400000, 0x0000000612800000|  0%| F|  |TAMS 0x0000000612400000, 0x0000000612400000| Untracked 
|  74|0x0000000612800000, 0x0000000612800000, 0x0000000612c00000|  0%| F|  |TAMS 0x0000000612800000, 0x0000000612800000| Untracked 
|  75|0x0000000612c00000, 0x0000000612c00000, 0x0000000613000000|  0%| F|  |TAMS 0x0000000612c00000, 0x0000000612c00000| Untracked 
|  76|0x0000000613000000, 0x0000000613000000, 0x0000000613400000|  0%| F|  |TAMS 0x0000000613000000, 0x0000000613000000| Untracked 
|  77|0x0000000613400000, 0x0000000613400000, 0x0000000613800000|  0%| F|  |TAMS 0x0000000613400000, 0x0000000613400000| Untracked 
|  78|0x0000000613800000, 0x0000000613800000, 0x0000000613c00000|  0%| F|  |TAMS 0x0000000613800000, 0x0000000613800000| Untracked 
|  79|0x0000000613c00000, 0x0000000613c00000, 0x0000000614000000|  0%| F|  |TAMS 0x0000000613c00000, 0x0000000613c00000| Untracked 
|  80|0x0000000614000000, 0x0000000614386e70, 0x0000000614400000| 88%| E|  |TAMS 0x0000000614000000, 0x0000000614000000| Complete 
|  81|0x0000000614400000, 0x0000000614800000, 0x0000000614800000|100%| E|CS|TAMS 0x0000000614400000, 0x0000000614400000| Complete 
|  82|0x0000000614800000, 0x0000000614c00000, 0x0000000614c00000|100%| E|CS|TAMS 0x0000000614800000, 0x0000000614800000| Complete 

Card table byte_map: [0x000001fbc5510000,0x000001fbc6510000] _byte_map_base: 0x000001fbc2510000

Marking Bits (Prev, Next): (CMBitMap*) 0x000001fb9bd02da0, (CMBitMap*) 0x000001fb9bd02d60
 Prev Bits: [0x000001fbcf510000, 0x000001fbd7510000)
 Next Bits: [0x000001fbc7510000, 0x000001fbcf510000)

Polling page: 0x000001fb9a2a0000

Metaspace:

Usage:
  Non-class:    105.59 MB used.
      Class:     16.15 MB used.
       Both:    121.75 MB used.

Virtual space:
  Non-class space:      128.00 MB reserved,     106.00 MB ( 83%) committed,  2 nodes.
      Class space:        1.00 GB reserved,      16.56 MB (  2%) committed,  1 nodes.
             Both:        1.12 GB reserved,     122.56 MB ( 11%) committed. 

Chunk freelists:
   Non-Class:  5.61 MB
       Class:  15.48 MB
        Both:  21.09 MB

MaxMetaspaceSize: 4.00 GB
CompressedClassSpaceSize: 1.00 GB
Initial GC threshold: 21.00 MB
Current GC threshold: 150.44 MB
CDS: on
MetaspaceReclaimPolicy: balanced
 - commit_granule_bytes: 65536.
 - commit_granule_words: 8192.
 - virtual_space_node_default_size: 8388608.
 - enlarge_chunks_in_place: 1.
 - new_chunks_are_fully_committed: 0.
 - uncommit_free_chunks: 1.
 - use_allocation_guard: 0.
 - handle_deallocations: 1.


Internal statistics:

num_allocs_failed_limit: 9.
num_arena_births: 1160.
num_arena_deaths: 0.
num_vsnodes_births: 3.
num_vsnodes_deaths: 0.
num_space_committed: 1960.
num_space_uncommitted: 0.
num_chunks_returned_to_freelist: 9.
num_chunks_taken_from_freelist: 6130.
num_chunk_merges: 9.
num_chunk_splits: 4382.
num_chunks_enlarged: 3309.
num_inconsistent_stats: 0.

CodeHeap 'non-profiled nmethods': size=259264Kb used=6863Kb max_used=6863Kb free=252400Kb
 bounds [0x000001fbb3b60000, 0x000001fbb4220000, 0x000001fbc3890000]
CodeHeap 'profiled nmethods': size=259264Kb used=21399Kb max_used=21399Kb free=237864Kb
 bounds [0x000001fba3890000, 0x000001fba4d80000, 0x000001fbb35c0000]
CodeHeap 'non-nmethods': size=5760Kb used=2543Kb max_used=2631Kb free=3216Kb
 bounds [0x000001fbb35c0000, 0x000001fbb3860000, 0x000001fbb3b60000]
 total_blobs=12031 nmethods=10925 adapters=1017
 compilation: enabled
              stopped_count=0, restarted_count=0
 full_count=0

Compilation events (20 events):
Event: 43.982 Thread 0x000001fc1f01dde0 12976       3       org.gradle.api.internal.tasks.DefaultTaskContainer_Decorated::getEventRegister (39 bytes)
Event: 43.982 Thread 0x000001fc1f01dde0 nmethod 12976 0x000001fba4d6a210 code [0x000001fba4d6a3e0, 0x000001fba4d6a778]
Event: 43.982 Thread 0x000001fc1f01dde0 12975       3       org.gradle.api.internal.project.DefaultProject_Decorated::getCrossProjectModelAccess (32 bytes)
Event: 43.982 Thread 0x000001fc1f01dde0 nmethod 12975 0x000001fba4d6a890 code [0x000001fba4d6aa80, 0x000001fba4d6b118]
Event: 43.985 Thread 0x000001fc1f01dde0 12977       2       java.util.concurrent.ConcurrentHashMap$KeySetView::contains (9 bytes)
Event: 43.986 Thread 0x000001fc1f01dde0 nmethod 12977 0x000001fba4d6b310 code [0x000001fba4d6b4a0, 0x000001fba4d6b5c8]
Event: 43.986 Thread 0x000001fc1f01dde0 12978       3       sun.net.www.protocol.jar.URLJarFile::isFileURL (50 bytes)
Event: 43.986 Thread 0x000001fc1f01dde0 nmethod 12978 0x000001fba4d6b690 code [0x000001fba4d6b880, 0x000001fba4d6bc88]
Event: 43.987 Thread 0x000001fc1f01dde0 12979   !   3       com.google.common.collect.MapMakerInternalMap$Segment::get (58 bytes)
Event: 43.989 Thread 0x000001fc1f01dde0 nmethod 12979 0x000001fba4d6be10 code [0x000001fba4d6c100, 0x000001fba4d6d6b8]
Event: 43.989 Thread 0x000001fc1f01dde0 12981       3       java.net.URI$Parser::scan (76 bytes)
Event: 43.990 Thread 0x000001fc1f01dde0 nmethod 12981 0x000001fba4d6de10 code [0x000001fba4d6e040, 0x000001fba4d6e8f8]
Event: 43.990 Thread 0x000001fc1f01dde0 12983       2       org.gradle.internal.operations.BuildOperationState::setRunning (9 bytes)
Event: 43.990 Thread 0x000001fc1f01dde0 nmethod 12983 0x000001fba4d6ed10 code [0x000001fba4d6eea0, 0x000001fba4d6efd8]
Event: 43.990 Thread 0x000001fc1f01dde0 12984       3       org.gradle.tooling.internal.provider.runner.ClientBuildEventGenerator$Disabled::accept (20 bytes)
Event: 43.991 Thread 0x000001fc1f01dde0 nmethod 12984 0x000001fba4d6f090 code [0x000001fba4d6f240, 0x000001fba4d6f478]
Event: 43.991 Thread 0x000001fc1f01dde0 12980       3       com.google.common.collect.MapMakerInternalMap$Segment::postReadCleanup (18 bytes)
Event: 43.991 Thread 0x000001fc1f01dde0 nmethod 12980 0x000001fba4d6f590 code [0x000001fba4d6f740, 0x000001fba4d6fa58]
Event: 43.991 Thread 0x000001fc1f01dde0 12982       3       org.gradle.util.Path::<init> (24 bytes)
Event: 43.992 Thread 0x000001fc1f01dde0 nmethod 12982 0x000001fba4d6fb90 code [0x000001fba4d6fd40, 0x000001fba4d6ff48]

GC Heap History (20 events):
Event: 28.765 GC heap before
{Heap before GC invocations=36 (full 0):
 garbage-first heap   total 184320K, used 142423K [0x0000000600000000, 0x0000000800000000)
  region size 4096K, 12 young (49152K), 1 survivors (4096K)
 Metaspace       used 85105K, committed 86016K, reserved 1179648K
  class space    used 12243K, committed 12672K, reserved 1048576K
}
Event: 28.775 GC heap after
{Heap after GC invocations=37 (full 0):
 garbage-first heap   total 184320K, used 104963K [0x0000000600000000, 0x0000000800000000)
  region size 4096K, 2 young (8192K), 2 survivors (8192K)
 Metaspace       used 85105K, committed 86016K, reserved 1179648K
  class space    used 12243K, committed 12672K, reserved 1048576K
}
Event: 29.346 GC heap before
{Heap before GC invocations=37 (full 0):
 garbage-first heap   total 184320K, used 141827K [0x0000000600000000, 0x0000000800000000)
  region size 4096K, 11 young (45056K), 2 survivors (8192K)
 Metaspace       used 85233K, committed 86144K, reserved 1179648K
  class space    used 12248K, committed 12672K, reserved 1048576K
}
Event: 29.373 GC heap after
{Heap after GC invocations=38 (full 0):
 garbage-first heap   total 184320K, used 106318K [0x0000000600000000, 0x0000000800000000)
  region size 4096K, 2 young (8192K), 2 survivors (8192K)
 Metaspace       used 85233K, committed 86144K, reserved 1179648K
  class space    used 12248K, committed 12672K, reserved 1048576K
}
Event: 29.750 GC heap before
{Heap before GC invocations=38 (full 0):
 garbage-first heap   total 184320K, used 139086K [0x0000000600000000, 0x0000000800000000)
  region size 4096K, 10 young (40960K), 2 survivors (8192K)
 Metaspace       used 85241K, committed 86144K, reserved 1179648K
  class space    used 12248K, committed 12672K, reserved 1048576K
}
Event: 29.775 GC heap after
{Heap after GC invocations=39 (full 0):
 garbage-first heap   total 184320K, used 116085K [0x0000000600000000, 0x0000000800000000)
  region size 4096K, 2 young (8192K), 2 survivors (8192K)
 Metaspace       used 85241K, committed 86144K, reserved 1179648K
  class space    used 12248K, committed 12672K, reserved 1048576K
}
Event: 30.748 GC heap before
{Heap before GC invocations=39 (full 0):
 garbage-first heap   total 184320K, used 140661K [0x0000000600000000, 0x0000000800000000)
  region size 4096K, 8 young (32768K), 2 survivors (8192K)
 Metaspace       used 86843K, committed 87680K, reserved 1179648K
  class space    used 12457K, committed 12864K, reserved 1048576K
}
Event: 30.761 GC heap after
{Heap after GC invocations=40 (full 0):
 garbage-first heap   total 184320K, used 120955K [0x0000000600000000, 0x0000000800000000)
  region size 4096K, 1 young (4096K), 1 survivors (4096K)
 Metaspace       used 86843K, committed 87680K, reserved 1179648K
  class space    used 12457K, committed 12864K, reserved 1048576K
}
Event: 31.564 GC heap before
{Heap before GC invocations=40 (full 0):
 garbage-first heap   total 184320K, used 153723K [0x0000000600000000, 0x0000000800000000)
  region size 4096K, 7 young (28672K), 1 survivors (4096K)
 Metaspace       used 89410K, committed 90176K, reserved 1179648K
  class space    used 12728K, committed 13120K, reserved 1048576K
}
Event: 31.570 GC heap after
{Heap after GC invocations=41 (full 0):
 garbage-first heap   total 184320K, used 132205K [0x0000000600000000, 0x0000000800000000)
  region size 4096K, 1 young (4096K), 1 survivors (4096K)
 Metaspace       used 89410K, committed 90176K, reserved 1179648K
  class space    used 12728K, committed 13120K, reserved 1048576K
}
Event: 32.059 GC heap before
{Heap before GC invocations=41 (full 0):
 garbage-first heap   total 184320K, used 148589K [0x0000000600000000, 0x0000000800000000)
  region size 4096K, 5 young (20480K), 1 survivors (4096K)
 Metaspace       used 90985K, committed 91776K, reserved 1179648K
  class space    used 12901K, committed 13312K, reserved 1048576K
}
Event: 32.065 GC heap after
{Heap after GC invocations=42 (full 0):
 garbage-first heap   total 184320K, used 133537K [0x0000000600000000, 0x0000000800000000)
  region size 4096K, 1 young (4096K), 1 survivors (4096K)
 Metaspace       used 90985K, committed 91776K, reserved 1179648K
  class space    used 12901K, committed 13312K, reserved 1048576K
}
Event: 32.491 GC heap before
{Heap before GC invocations=43 (full 0):
 garbage-first heap   total 245760K, used 141729K [0x0000000600000000, 0x0000000800000000)
  region size 4096K, 4 young (16384K), 1 survivors (4096K)
 Metaspace       used 92132K, committed 92992K, reserved 1179648K
  class space    used 13024K, committed 13440K, reserved 1048576K
}
Event: 32.495 GC heap after
{Heap after GC invocations=44 (full 0):
 garbage-first heap   total 245760K, used 134255K [0x0000000600000000, 0x0000000800000000)
  region size 4096K, 1 young (4096K), 1 survivors (4096K)
 Metaspace       used 92132K, committed 92992K, reserved 1179648K
  class space    used 13024K, committed 13440K, reserved 1048576K
}
Event: 34.324 GC heap before
{Heap before GC invocations=44 (full 0):
 garbage-first heap   total 245760K, used 191599K [0x0000000600000000, 0x0000000800000000)
  region size 4096K, 15 young (61440K), 1 survivors (4096K)
 Metaspace       used 98996K, committed 99840K, reserved 1179648K
  class space    used 13731K, committed 14144K, reserved 1048576K
}
Event: 34.334 GC heap after
{Heap after GC invocations=45 (full 0):
 garbage-first heap   total 339968K, used 137194K [0x0000000600000000, 0x0000000800000000)
  region size 4096K, 2 young (8192K), 2 survivors (8192K)
 Metaspace       used 98996K, committed 99840K, reserved 1179648K
  class space    used 13731K, committed 14144K, reserved 1048576K
}
Event: 38.655 GC heap before
{Heap before GC invocations=45 (full 0):
 garbage-first heap   total 339968K, used 255978K [0x0000000600000000, 0x0000000800000000)
  region size 4096K, 31 young (126976K), 2 survivors (8192K)
 Metaspace       used 108157K, committed 108992K, reserved 1179648K
  class space    used 14842K, committed 15232K, reserved 1048576K
}
Event: 38.667 GC heap after
{Heap after GC invocations=46 (full 0):
 garbage-first heap   total 339968K, used 144147K [0x0000000600000000, 0x0000000800000000)
  region size 4096K, 3 young (12288K), 3 survivors (12288K)
 Metaspace       used 108157K, committed 108992K, reserved 1179648K
  class space    used 14842K, committed 15232K, reserved 1048576K
}
Event: 43.311 GC heap before
{Heap before GC invocations=46 (full 0):
 garbage-first heap   total 339968K, used 262931K [0x0000000600000000, 0x0000000800000000)
  region size 4096K, 32 young (131072K), 3 survivors (12288K)
 Metaspace       used 123835K, committed 124736K, reserved 1179648K
  class space    used 16419K, committed 16832K, reserved 1048576K
}
Event: 43.336 GC heap after
{Heap after GC invocations=47 (full 0):
 garbage-first heap   total 339968K, used 149492K [0x0000000600000000, 0x0000000800000000)
  region size 4096K, 4 young (16384K), 4 survivors (16384K)
 Metaspace       used 123835K, committed 124736K, reserved 1179648K
  class space    used 16419K, committed 16832K, reserved 1048576K
}

Dll operation events (15 events):
Event: 0.014 Loaded shared library C:\Program Files\Eclipse Adoptium\jdk-17.0.13.11-hotspot\bin\java.dll
Event: 0.034 Loaded shared library C:\Program Files\Eclipse Adoptium\jdk-17.0.13.11-hotspot\bin\jsvml.dll
Event: 0.093 Loaded shared library C:\Program Files\Eclipse Adoptium\jdk-17.0.13.11-hotspot\bin\zip.dll
Event: 0.097 Loaded shared library C:\Program Files\Eclipse Adoptium\jdk-17.0.13.11-hotspot\bin\instrument.dll
Event: 0.102 Loaded shared library C:\Program Files\Eclipse Adoptium\jdk-17.0.13.11-hotspot\bin\net.dll
Event: 0.105 Loaded shared library C:\Program Files\Eclipse Adoptium\jdk-17.0.13.11-hotspot\bin\nio.dll
Event: 0.108 Loaded shared library C:\Program Files\Eclipse Adoptium\jdk-17.0.13.11-hotspot\bin\zip.dll
Event: 0.554 Loaded shared library C:\Program Files\Eclipse Adoptium\jdk-17.0.13.11-hotspot\bin\jimage.dll
Event: 0.969 Loaded shared library C:\Program Files\Eclipse Adoptium\jdk-17.0.13.11-hotspot\bin\verify.dll
Event: 1.364 Loaded shared library C:\Users\dawat\.gradle\native\1def1411415f61bf3af743bc5b6707747c0891f09f0c88961ee8f79bc544acac\windows-amd64\native-platform.dll
Event: 1.419 Loaded shared library C:\Users\dawat\.gradle\native\0.2.7\x86_64-windows-gnu\gradle-fileevents.dll
Event: 3.827 Loaded shared library C:\Program Files\Eclipse Adoptium\jdk-17.0.13.11-hotspot\bin\management.dll
Event: 3.830 Loaded shared library C:\Program Files\Eclipse Adoptium\jdk-17.0.13.11-hotspot\bin\management_ext.dll
Event: 4.332 Loaded shared library C:\Program Files\Eclipse Adoptium\jdk-17.0.13.11-hotspot\bin\extnet.dll
Event: 4.721 Loaded shared library C:\Program Files\Eclipse Adoptium\jdk-17.0.13.11-hotspot\bin\sunmscapi.dll

Deoptimization events (20 events):
Event: 43.899 Thread 0x000001fc1ffb2080 DEOPT PACKING pc=0x000001fbb3c02a6c sp=0x000000e66b9f8040
Event: 43.899 Thread 0x000001fc1ffb2080 DEOPT UNPACKING pc=0x000001fbb36169a3 sp=0x000000e66b9f8008 mode 2
Event: 43.899 Thread 0x000001fc1ffb2080 Uncommon trap: trap_request=0xffffffc6 fr.pc=0x000001fbb3c02a6c relative=0x000000000000032c
Event: 43.899 Thread 0x000001fc1ffb2080 Uncommon trap: reason=bimorphic_or_optimized_type_check action=maybe_recompile pc=0x000001fbb3c02a6c method=org.gradle.internal.snapshot.ChildMapFactory.childMapFromSorted(Ljava/util/List;)Lorg/gradle/internal/snapshot/ChildMap; @ 1 c2
Event: 43.899 Thread 0x000001fc1ffb2080 DEOPT PACKING pc=0x000001fbb3c02a6c sp=0x000000e66b9f8910
Event: 43.899 Thread 0x000001fc1ffb2080 DEOPT UNPACKING pc=0x000001fbb36169a3 sp=0x000000e66b9f88d8 mode 2
Event: 43.914 Thread 0x000001fc1ffb2080 DEOPT PACKING pc=0x000001fba4677a7a sp=0x000000e66b9fa9a0
Event: 43.914 Thread 0x000001fc1ffb2080 DEOPT UNPACKING pc=0x000001fbb3617143 sp=0x000000e66b9f9ed8 mode 0
Event: 43.957 Thread 0x000001fc1ffb2080 Uncommon trap: trap_request=0xffffff45 fr.pc=0x000001fbb412c1d0 relative=0x0000000000001010
Event: 43.957 Thread 0x000001fc1ffb2080 Uncommon trap: reason=unstable_if action=reinterpret pc=0x000001fbb412c1d0 method=com.google.common.collect.RegularImmutableMap.checkNoConflictInKeyBucket(Ljava/lang/Object;Ljava/lang/Object;Lcom/google/common/collect/ImmutableMapEntry;Z)Lcom/google/commo
Event: 43.957 Thread 0x000001fc1ffb2080 DEOPT PACKING pc=0x000001fbb412c1d0 sp=0x000000e66b9faa40
Event: 43.957 Thread 0x000001fc1ffb2080 DEOPT UNPACKING pc=0x000001fbb36169a3 sp=0x000000e66b9fa898 mode 2
Event: 43.957 Thread 0x000001fc1ffb2080 Uncommon trap: trap_request=0xffffff45 fr.pc=0x000001fbb3bfceb4 relative=0x0000000000000114
Event: 43.957 Thread 0x000001fc1ffb2080 Uncommon trap: reason=unstable_if action=reinterpret pc=0x000001fbb3bfceb4 method=com.google.common.collect.RegularImmutableMap.checkNoConflictInKeyBucket(Ljava/lang/Object;Ljava/lang/Object;Lcom/google/common/collect/ImmutableMapEntry;Z)Lcom/google/commo
Event: 43.957 Thread 0x000001fc1ffb2080 DEOPT PACKING pc=0x000001fbb3bfceb4 sp=0x000000e66b9fa8e0
Event: 43.957 Thread 0x000001fc1ffb2080 DEOPT UNPACKING pc=0x000001fbb36169a3 sp=0x000000e66b9fa888 mode 2
Event: 43.975 Thread 0x000001fc1ffb2080 Uncommon trap: trap_request=0xffffff45 fr.pc=0x000001fbb4117f4c relative=0x00000000000000ac
Event: 43.975 Thread 0x000001fc1ffb2080 Uncommon trap: reason=unstable_if action=reinterpret pc=0x000001fbb4117f4c method=org.gradle.tooling.internal.provider.runner.ClientBuildEventGenerator$Disabled.accept(Lorg/gradle/internal/operations/BuildOperationDescriptor;)Lorg/gradle/tooling/internal/
Event: 43.975 Thread 0x000001fc1ffb2080 DEOPT PACKING pc=0x000001fbb4117f4c sp=0x000000e66b9fa650
Event: 43.975 Thread 0x000001fc1ffb2080 DEOPT UNPACKING pc=0x000001fbb36169a3 sp=0x000000e66b9fa5f0 mode 2

Classes loaded (20 events):
Event: 34.775 Loading class java/util/function/IntUnaryOperator
Event: 34.776 Loading class java/util/function/IntUnaryOperator done
Event: 35.189 Loading class java/util/EnumMap$EntrySet
Event: 35.189 Loading class java/util/EnumMap$EntrySet done
Event: 35.189 Loading class java/util/EnumMap$EntryIterator
Event: 35.189 Loading class java/util/EnumMap$EnumMapIterator
Event: 35.189 Loading class java/util/EnumMap$EnumMapIterator done
Event: 35.189 Loading class java/util/EnumMap$EntryIterator done
Event: 35.189 Loading class java/util/EnumMap$EntryIterator$Entry
Event: 35.189 Loading class java/util/EnumMap$EntryIterator$Entry done
Event: 43.631 Loading class java/util/zip/ZipInputStream
Event: 43.631 Loading class java/util/zip/ZipInputStream done
Event: 43.643 Loading class java/nio/channels/Channels$1
Event: 43.643 Loading class java/nio/channels/Channels$1 done
Event: 43.778 Loading class java/io/CharArrayWriter
Event: 43.779 Loading class java/io/CharArrayWriter done
Event: 43.895 Loading class java/nio/file/StandardCopyOption
Event: 43.895 Loading class java/nio/file/StandardCopyOption done
Event: 43.895 Loading class sun/nio/fs/WindowsFileCopy
Event: 43.895 Loading class sun/nio/fs/WindowsFileCopy done

Classes unloaded (0 events):
No events

Classes redefined (0 events):
No events

Internal exceptions (20 events):
Event: 38.129 Thread 0x000001fc1ffb2080 Exception <a 'java/lang/NoSuchMethodError'{0x000000060e783348}: 'java.lang.Object java.lang.invoke.DirectMethodHandle$Holder.newInvokeSpecial(java.lang.Object, int, java.lang.Object, java.lang.Object, java.lang.Object, java.lang.Object, java.lang.Object)'> (0x000000060e783348) 
thrown [s\src\hotspot\share\interpreter\linkResolver.cpp, line 759]
Event: 38.130 Thread 0x000001fc1ffb2080 Exception <a 'java/lang/NoSuchMethodError'{0x000000060e7896f0}: 'java.lang.Object java.lang.invoke.DirectMethodHandle$Holder.invokeSpecial(java.lang.Object, java.lang.Object, int, java.lang.Object, java.lang.Object, java.lang.Object, java.lang.Object, java.lang.Object)'> (0x000000060e7896f0) 
thrown [s\src\hotspot\share\interpreter\linkResolver.cpp, line 759]
Event: 38.278 Thread 0x000001fc1ffb2080 Exception <a 'java/lang/NoSuchMethodError'{0x000000060e19dcc0}: 'java.lang.Object java.lang.invoke.DirectMethodHandle$Holder.invokeStatic(java.lang.Object, int, java.lang.Object)'> (0x000000060e19dcc0) 
thrown [s\src\hotspot\share\interpreter\linkResolver.cpp, line 759]
Event: 38.523 Thread 0x000001fc1ffb2080 Exception <a 'java/lang/NoSuchMethodError'{0x000000060d83b418}: 'java.lang.Object java.lang.invoke.DirectMethodHandle$Holder.newInvokeSpecial(java.lang.Object, java.lang.Object, java.lang.Object, java.lang.Object, java.lang.Object, java.lang.Object, java.lang.Object, int)'> (0x000000060d83b418) 
thrown [s\src\hotspot\share\interpreter\linkResolver.cpp, line 759]
Event: 38.523 Thread 0x000001fc1ffb2080 Exception <a 'java/lang/NoSuchMethodError'{0x000000060d841908}: 'java.lang.Object java.lang.invoke.DirectMethodHandle$Holder.invokeSpecial(java.lang.Object, java.lang.Object, java.lang.Object, java.lang.Object, java.lang.Object, java.lang.Object, java.lang.Object, java.lang.Object, int)'> (0x000000060d841908) 
thrown [s\src\hotspot\share\interpreter\linkResolver.cpp, line 759]
Event: 38.524 Thread 0x000001fc1ffb2080 Exception <a 'java/lang/NoSuchMethodError'{0x000000060d8478c8}: 'java.lang.Object java.lang.invoke.Invokers$Holder.linkToTargetMethod(java.lang.Object, java.lang.Object, java.lang.Object, java.lang.Object, java.lang.Object, java.lang.Object, int, java.lang.Object)'> (0x000000060d8478c8) 
thrown [s\src\hotspot\share\interpreter\linkResolver.cpp, line 759]
Event: 39.908 Thread 0x000001fc1ffb2080 Exception <a 'java/lang/NoSuchMethodError'{0x0000000612fcda00}: 'java.lang.Object java.lang.invoke.DirectMethodHandle$Holder.invokeStatic(java.lang.Object, java.lang.Object, int, int, java.lang.Object, java.lang.Object)'> (0x0000000612fcda00) 
thrown [s\src\hotspot\share\interpreter\linkResolver.cpp, line 759]
Event: 39.911 Thread 0x000001fc1ffb2080 Exception <a 'java/lang/NoSuchMethodError'{0x0000000612fddf28}: 'java.lang.Object java.lang.invoke.Invokers$Holder.linkToTargetMethod(java.lang.Object, int, int, java.lang.Object, java.lang.Object)'> (0x0000000612fddf28) 
thrown [s\src\hotspot\share\interpreter\linkResolver.cpp, line 759]
Event: 40.078 Thread 0x000001fc1ffb2080 Exception <a 'java/lang/NoSuchMethodError'{0x0000000612bb25d8}: 'java.lang.Object java.lang.invoke.DirectMethodHandle$Holder.newInvokeSpecial(java.lang.Object, java.lang.Object, java.lang.Object, int, int, java.lang.Object, java.lang.Object)'> (0x0000000612bb25d8) 
thrown [s\src\hotspot\share\interpreter\linkResolver.cpp, line 759]
Event: 40.079 Thread 0x000001fc1ffb2080 Exception <a 'java/lang/NoSuchMethodError'{0x0000000612bbb768}: 'java.lang.Object java.lang.invoke.Invokers$Holder.linkToTargetMethod(java.lang.Object, java.lang.Object, int, int, java.lang.Object, java.lang.Object, java.lang.Object)'> (0x0000000612bbb768) 
thrown [s\src\hotspot\share\interpreter\linkResolver.cpp, line 759]
Event: 40.363 Thread 0x000001fc1ffb2080 Exception <a 'java/lang/NoSuchMethodError'{0x0000000611cd9868}: 'java.lang.Object java.lang.invoke.DirectMethodHandle$Holder.invokeStatic(java.lang.Object, int, java.lang.Object, java.lang.Object, java.lang.Object)'> (0x0000000611cd9868) 
thrown [s\src\hotspot\share\interpreter\linkResolver.cpp, line 759]
Event: 40.363 Thread 0x000001fc1ffb2080 Exception <a 'java/lang/NoSuchMethodError'{0x0000000611cde910}: 'java.lang.Object java.lang.invoke.DirectMethodHandle$Holder.invokeStaticInit(java.lang.Object, int, java.lang.Object, java.lang.Object, java.lang.Object)'> (0x0000000611cde910) 
thrown [s\src\hotspot\share\interpreter\linkResolver.cpp, line 759]
Event: 41.080 Thread 0x000001fc1ffb2080 Exception <a 'java/lang/NoSuchMethodError'{0x0000000610af9d90}: 'java.lang.Object java.lang.invoke.DirectMethodHandle$Holder.invokeSpecial(java.lang.Object, java.lang.Object, int, java.lang.Object, int)'> (0x0000000610af9d90) 
thrown [s\src\hotspot\share\interpreter\linkResolver.cpp, line 759]
Event: 42.992 Thread 0x000001fc1ffb2080 Exception <a 'java/lang/NoSuchMethodError'{0x000000060e3c5fa8}: 'java.lang.Object java.lang.invoke.DirectMethodHandle$Holder.invokeStatic(java.lang.Object, int, int)'> (0x000000060e3c5fa8) 
thrown [s\src\hotspot\share\interpreter\linkResolver.cpp, line 759]
Event: 43.247 Thread 0x000001fc1ffb2080 Exception <a 'java/lang/NoSuchMethodError'{0x000000060d9ff238}: 'java.lang.Object java.lang.invoke.DirectMethodHandle$Holder.invokeStatic(java.lang.Object, java.lang.Object, int, java.lang.Object, java.lang.Object)'> (0x000000060d9ff238) 
thrown [s\src\hotspot\share\interpreter\linkResolver.cpp, line 759]
Event: 43.399 Thread 0x000001fc1ffb2080 Exception <a 'java/lang/NoSuchMethodError'{0x00000006148d77c8}: 'void java.lang.invoke.DirectMethodHandle$Holder.invokeStaticInit(java.lang.Object, java.lang.Object, java.lang.Object, java.lang.Object, java.lang.Object, java.lang.Object, java.lang.Object, int)'> (0x00000006148d77c8) 
thrown [s\src\hotspot\share\interpreter\linkResolver.cpp, line 759]
Event: 43.615 Thread 0x000001fc1ffb2080 Exception <a 'sun/nio/fs/WindowsException'{0x0000000614b3a048}> (0x0000000614b3a048) 
thrown [s\src\hotspot\share\prims\jni.cpp, line 516]
Event: 43.619 Thread 0x000001fc1ffb2080 Exception <a 'sun/nio/fs/WindowsException'{0x0000000614b3ba38}> (0x0000000614b3ba38) 
thrown [s\src\hotspot\share\prims\jni.cpp, line 516]
Event: 43.696 Thread 0x000001fc1ffb2080 Exception <a 'sun/nio/fs/WindowsException'{0x000000061446b208}> (0x000000061446b208) 
thrown [s\src\hotspot\share\prims\jni.cpp, line 516]
Event: 43.714 Thread 0x000001fc1ffb2080 Exception <a 'sun/nio/fs/WindowsException'{0x00000006144735d0}> (0x00000006144735d0) 
thrown [s\src\hotspot\share\prims\jni.cpp, line 516]

VM Operations (20 events):
Event: 40.965 Executing VM operation: HandshakeAllThreads done
Event: 41.180 Executing VM operation: HandshakeAllThreads
Event: 41.180 Executing VM operation: HandshakeAllThreads done
Event: 41.184 Executing VM operation: HandshakeAllThreads
Event: 41.184 Executing VM operation: HandshakeAllThreads done
Event: 42.060 Executing VM operation: HandshakeAllThreads
Event: 42.060 Executing VM operation: HandshakeAllThreads done
Event: 42.060 Executing VM operation: Cleanup
Event: 42.061 Executing VM operation: Cleanup done
Event: 42.474 Executing VM operation: HandshakeAllThreads
Event: 42.475 Executing VM operation: HandshakeAllThreads done
Event: 42.476 Executing VM operation: HandshakeAllThreads
Event: 42.476 Executing VM operation: HandshakeAllThreads done
Event: 42.488 Executing VM operation: HandshakeAllThreads
Event: 42.489 Executing VM operation: HandshakeAllThreads done
Event: 43.311 Executing VM operation: G1CollectForAllocation
Event: 43.336 Executing VM operation: G1CollectForAllocation done
Event: 43.813 Executing VM operation: HandshakeAllThreads
Event: 43.813 Executing VM operation: HandshakeAllThreads done
Event: 44.815 Executing VM operation: Cleanup

Memory protections (0 events):
No events

Nmethod flushes (20 events):
Event: 36.785 Thread 0x000001fc1f026af0 flushing  nmethod 0x000001fba4ad4910
Event: 36.785 Thread 0x000001fc1f026af0 flushing  nmethod 0x000001fba4ad5990
Event: 36.786 Thread 0x000001fc1f026af0 flushing  nmethod 0x000001fba4ae0410
Event: 36.786 Thread 0x000001fc1f026af0 flushing  nmethod 0x000001fba4ae0f90
Event: 36.786 Thread 0x000001fc1f026af0 flushing  nmethod 0x000001fba4ae7210
Event: 36.786 Thread 0x000001fc1f026af0 flushing  nmethod 0x000001fba4ae8e10
Event: 36.786 Thread 0x000001fc1f026af0 flushing  nmethod 0x000001fba4aeea90
Event: 36.786 Thread 0x000001fc1f026af0 flushing  nmethod 0x000001fba4afc010
Event: 36.786 Thread 0x000001fc1f026af0 flushing  nmethod 0x000001fba4afd110
Event: 36.786 Thread 0x000001fc1f026af0 flushing  nmethod 0x000001fba4b00e10
Event: 36.786 Thread 0x000001fc1f026af0 flushing  nmethod 0x000001fba4b1e110
Event: 36.786 Thread 0x000001fc1f026af0 flushing  nmethod 0x000001fba4b1fe90
Event: 36.786 Thread 0x000001fc1f026af0 flushing  nmethod 0x000001fba4b20710
Event: 36.786 Thread 0x000001fc1f026af0 flushing  nmethod 0x000001fba4b20e90
Event: 36.786 Thread 0x000001fc1f026af0 flushing  nmethod 0x000001fba4b23510
Event: 36.786 Thread 0x000001fc1f026af0 flushing  nmethod 0x000001fba4b23f10
Event: 36.786 Thread 0x000001fc1f026af0 flushing  nmethod 0x000001fba4b27490
Event: 36.786 Thread 0x000001fc1f026af0 flushing  nmethod 0x000001fba4b7e410
Event: 36.788 Thread 0x000001fc1f026af0 flushing  nmethod 0x000001fba4bd4990
Event: 36.789 Thread 0x000001fc1f026af0 flushing  nmethod 0x000001fba4c53710

Events (20 events):
Event: 34.209 Thread 0x000001fc1f01dde0 Thread added: 0x000001fc253bb460
Event: 34.863 Thread 0x000001fc253bb460 Thread exited: 0x000001fc253bb460
Event: 35.003 Thread 0x000001fc1f01d420 Thread added: 0x000001fc253bb460
Event: 35.447 Thread 0x000001fc1f01dde0 Thread added: 0x000001fc253bb9b0
Event: 35.999 Thread 0x000001fc253bb9b0 Thread exited: 0x000001fc253bb9b0
Event: 36.023 Thread 0x000001fc253bb460 Thread exited: 0x000001fc253bb460
Event: 36.036 Thread 0x000001fc1f01dde0 Thread added: 0x000001fc253bc9a0
Event: 36.225 Thread 0x000001fc1f01dde0 Thread added: 0x000001fc253beed0
Event: 36.488 Thread 0x000001fc253beed0 Thread exited: 0x000001fc253beed0
Event: 36.897 Thread 0x000001fc1f01dde0 Thread added: 0x000001fc253bcef0
Event: 38.242 Thread 0x000001fc253bcef0 Thread exited: 0x000001fc253bcef0
Event: 38.312 Thread 0x000001fc253bc9a0 Thread exited: 0x000001fc253bc9a0
Event: 39.026 Thread 0x000001fc1f01dde0 Thread added: 0x000001fc253bb9b0
Event: 39.206 Thread 0x000001fc1f01dde0 Thread added: 0x000001fc253be430
Event: 40.159 Thread 0x000001fc253be430 Thread exited: 0x000001fc253be430
Event: 40.159 Thread 0x000001fc253bb9b0 Thread exited: 0x000001fc253bb9b0
Event: 41.756 Thread 0x000001fc1f01dde0 Thread added: 0x000001fc253bf970
Event: 42.210 Thread 0x000001fc253bf970 Thread exited: 0x000001fc253bf970
Event: 43.409 Thread 0x000001fc1f01dde0 Thread added: 0x000001fc27367040
Event: 43.717 Thread 0x000001fc1f01dde0 Thread added: 0x000001fc27367ae0


Dynamic libraries:
0x00007ff7fc950000 - 0x00007ff7fc95e000 	C:\Program Files\Eclipse Adoptium\jdk-17.0.13.11-hotspot\bin\java.exe
0x00007ffb887a0000 - 0x00007ffb88a08000 	C:\WINDOWS\SYSTEM32\ntdll.dll
0x00007ffb55c60000 - 0x00007ffb55c80000 	C:\Program Files\Avast Software\Avast\aswhook.dll
0x00007ffb86b90000 - 0x00007ffb86c59000 	C:\WINDOWS\System32\KERNEL32.DLL
0x00007ffb858f0000 - 0x00007ffb85ce8000 	C:\WINDOWS\System32\KERNELBASE.dll
0x00007ffb85fa0000 - 0x00007ffb860eb000 	C:\WINDOWS\System32\ucrtbase.dll
0x00007ffb6f7d0000 - 0x00007ffb6f7e7000 	C:\Program Files\Eclipse Adoptium\jdk-17.0.13.11-hotspot\bin\jli.dll
0x00007ffb77e40000 - 0x00007ffb77e5e000 	C:\Program Files\Eclipse Adoptium\jdk-17.0.13.11-hotspot\bin\VCRUNTIME140.dll
0x00007ffb87970000 - 0x00007ffb87b37000 	C:\WINDOWS\System32\USER32.dll
0x00007ffb5df10000 - 0x00007ffb5e1a4000 	C:\WINDOWS\WinSxS\amd64_microsoft.windows.common-controls_6595b64144ccf1df_6.0.26100.7019_none_3e06ffa0e335b8a8\COMCTL32.dll
0x00007ffb86180000 - 0x00007ffb861a7000 	C:\WINDOWS\System32\win32u.dll
0x00007ffb86d80000 - 0x00007ffb86e29000 	C:\WINDOWS\System32\msvcrt.dll
0x00007ffb883a0000 - 0x00007ffb883cb000 	C:\WINDOWS\System32\GDI32.dll
0x00007ffb85cf0000 - 0x00007ffb85e1c000 	C:\WINDOWS\System32\gdi32full.dll
0x00007ffb861b0000 - 0x00007ffb86253000 	C:\WINDOWS\System32\msvcp_win.dll
0x00007ffb867f0000 - 0x00007ffb86821000 	C:\WINDOWS\System32\IMM32.DLL
0x00007ffb73d40000 - 0x00007ffb73d4c000 	C:\Program Files\Eclipse Adoptium\jdk-17.0.13.11-hotspot\bin\vcruntime140_1.dll
0x00007ffb24f30000 - 0x00007ffb24fbd000 	C:\Program Files\Eclipse Adoptium\jdk-17.0.13.11-hotspot\bin\msvcp140.dll
0x00007ffafbf70000 - 0x00007ffafcbdb000 	C:\Program Files\Eclipse Adoptium\jdk-17.0.13.11-hotspot\bin\server\jvm.dll
0x00007ffb88420000 - 0x00007ffb884d4000 	C:\WINDOWS\System32\ADVAPI32.dll
0x00007ffb866c0000 - 0x00007ffb86766000 	C:\WINDOWS\System32\sechost.dll
0x00007ffb86c60000 - 0x00007ffb86d78000 	C:\WINDOWS\System32\RPCRT4.dll
0x00007ffb86640000 - 0x00007ffb866b4000 	C:\WINDOWS\System32\WS2_32.dll
0x00007ffb85750000 - 0x00007ffb857ae000 	C:\WINDOWS\SYSTEM32\POWRPROF.dll
0x00007ffb6f470000 - 0x00007ffb6f4a5000 	C:\WINDOWS\SYSTEM32\WINMM.dll
0x00007ffb79f40000 - 0x00007ffb79f4b000 	C:\WINDOWS\SYSTEM32\VERSION.dll
0x00007ffb85730000 - 0x00007ffb85744000 	C:\WINDOWS\SYSTEM32\UMPDC.dll
0x00007ffb84670000 - 0x00007ffb8468b000 	C:\WINDOWS\SYSTEM32\kernel.appcore.dll
0x00007ffb6f870000 - 0x00007ffb6f87a000 	C:\Program Files\Eclipse Adoptium\jdk-17.0.13.11-hotspot\bin\jimage.dll
0x00007ffb803c0000 - 0x00007ffb80602000 	C:\WINDOWS\SYSTEM32\DBGHELP.DLL
0x00007ffb87110000 - 0x00007ffb8749b000 	C:\WINDOWS\System32\combase.dll
0x00007ffb86ab0000 - 0x00007ffb86b87000 	C:\WINDOWS\System32\OLEAUT32.dll
0x00007ffb766b0000 - 0x00007ffb766ec000 	C:\WINDOWS\SYSTEM32\dbgcore.DLL
0x00007ffb86490000 - 0x00007ffb86535000 	C:\WINDOWS\System32\bcryptPrimitives.dll
0x00007ffb7fa20000 - 0x00007ffb7fa2e000 	C:\Program Files\Eclipse Adoptium\jdk-17.0.13.11-hotspot\bin\instrument.dll
0x00007ffb50710000 - 0x00007ffb50735000 	C:\Program Files\Eclipse Adoptium\jdk-17.0.13.11-hotspot\bin\java.dll
0x00007ffb17330000 - 0x00007ffb17407000 	C:\Program Files\Eclipse Adoptium\jdk-17.0.13.11-hotspot\bin\jsvml.dll
0x00007ffb87b40000 - 0x00007ffb8828f000 	C:\WINDOWS\System32\SHELL32.dll
0x00007ffb86260000 - 0x00007ffb863cb000 	C:\WINDOWS\System32\wintypes.dll
0x00007ffb834f0000 - 0x00007ffb83d4d000 	C:\WINDOWS\SYSTEM32\windows.storage.dll
0x00007ffb882a0000 - 0x00007ffb88392000 	C:\WINDOWS\System32\SHCORE.dll
0x00007ffb86540000 - 0x00007ffb865a7000 	C:\WINDOWS\System32\shlwapi.dll
0x00007ffb85810000 - 0x00007ffb85839000 	C:\WINDOWS\SYSTEM32\profapi.dll
0x00007ffb6d780000 - 0x00007ffb6d798000 	C:\Program Files\Eclipse Adoptium\jdk-17.0.13.11-hotspot\bin\zip.dll
0x00007ffb59c10000 - 0x00007ffb59c29000 	C:\Program Files\Eclipse Adoptium\jdk-17.0.13.11-hotspot\bin\net.dll
0x00007ffb79dc0000 - 0x00007ffb79ee8000 	C:\WINDOWS\SYSTEM32\WINHTTP.dll
0x00007ffb84bc0000 - 0x00007ffb84c2b000 	C:\WINDOWS\system32\mswsock.dll
0x00007ffb50aa0000 - 0x00007ffb50ab6000 	C:\Program Files\Eclipse Adoptium\jdk-17.0.13.11-hotspot\bin\nio.dll
0x00007ffb6f4c0000 - 0x00007ffb6f4d0000 	C:\Program Files\Eclipse Adoptium\jdk-17.0.13.11-hotspot\bin\verify.dll
0x00007ffb40520000 - 0x00007ffb40547000 	C:\Users\dawat\.gradle\native\1def1411415f61bf3af743bc5b6707747c0891f09f0c88961ee8f79bc544acac\windows-amd64\native-platform.dll
0x00007ffb3b850000 - 0x00007ffb3b8c8000 	C:\Users\dawat\.gradle\native\0.2.7\x86_64-windows-gnu\gradle-fileevents.dll
0x00007ffb82790000 - 0x00007ffb8279a000 	C:\Program Files\Eclipse Adoptium\jdk-17.0.13.11-hotspot\bin\management.dll
0x00007ffb82780000 - 0x00007ffb8278b000 	C:\Program Files\Eclipse Adoptium\jdk-17.0.13.11-hotspot\bin\management_ext.dll
0x00007ffb884e0000 - 0x00007ffb884e8000 	C:\WINDOWS\System32\PSAPI.DLL
0x00007ffb84110000 - 0x00007ffb84144000 	C:\WINDOWS\SYSTEM32\IPHLPAPI.DLL
0x00007ffb86a10000 - 0x00007ffb86a1a000 	C:\WINDOWS\System32\NSI.dll
0x00007ffb79f80000 - 0x00007ffb79f9e000 	C:\WINDOWS\SYSTEM32\dhcpcsvc6.DLL
0x00007ffb79f50000 - 0x00007ffb79f73000 	C:\WINDOWS\SYSTEM32\dhcpcsvc.DLL
0x00007ffb841f0000 - 0x00007ffb8431c000 	C:\WINDOWS\SYSTEM32\DNSAPI.dll
0x00007ffb7fa30000 - 0x00007ffb7fa39000 	C:\Program Files\Eclipse Adoptium\jdk-17.0.13.11-hotspot\bin\extnet.dll
0x00007ffb84fb0000 - 0x00007ffb84fcb000 	C:\WINDOWS\SYSTEM32\CRYPTSP.dll
0x00007ffb845d0000 - 0x00007ffb8460a000 	C:\WINDOWS\system32\rsaenh.dll
0x00007ffb84c70000 - 0x00007ffb84c9b000 	C:\WINDOWS\SYSTEM32\USERENV.dll
0x00007ffb857e0000 - 0x00007ffb8580a000 	C:\WINDOWS\SYSTEM32\bcrypt.dll
0x00007ffb84e10000 - 0x00007ffb84e1c000 	C:\WINDOWS\SYSTEM32\CRYPTBASE.dll
0x00007ffb7f7c0000 - 0x00007ffb7f7ce000 	C:\Program Files\Eclipse Adoptium\jdk-17.0.13.11-hotspot\bin\sunmscapi.dll
0x00007ffb85e20000 - 0x00007ffb85f97000 	C:\WINDOWS\System32\CRYPT32.dll
0x00007ffb85100000 - 0x00007ffb85130000 	C:\WINDOWS\SYSTEM32\ncrypt.dll
0x00007ffb850b0000 - 0x00007ffb850ef000 	C:\WINDOWS\SYSTEM32\NTASN1.dll
0x00007ffb79900000 - 0x00007ffb79908000 	C:\WINDOWS\system32\wshunix.dll
0x00007ffb5f260000 - 0x00007ffb5f278000 	C:\WINDOWS\system32\napinsp.dll
0x00007ffb5f240000 - 0x00007ffb5f252000 	C:\WINDOWS\System32\winrnr.dll
0x00007ffb5f1d0000 - 0x00007ffb5f1f2000 	C:\WINDOWS\system32\nlansp_c.dll
0x00007ffb5f610000 - 0x00007ffb5f626000 	C:\WINDOWS\system32\wshbth.dll
0x00007ffb6da80000 - 0x00007ffb6da8b000 	C:\Windows\System32\rasadhlp.dll
0x00007ffb79210000 - 0x00007ffb79296000 	C:\WINDOWS\System32\fwpuclnt.dll

dbghelp: loaded successfully - version: 4.0.5 - missing functions: none
symbol engine: initialized successfully - sym options: 0x614 - pdb path: .;C:\Program Files\Eclipse Adoptium\jdk-17.0.13.11-hotspot\bin;C:\WINDOWS\SYSTEM32;C:\Program Files\Avast Software\Avast;C:\WINDOWS\WinSxS\amd64_microsoft.windows.common-controls_6595b64144ccf1df_6.0.26100.7019_none_3e06ffa0e335b8a8;C:\Program Files\Eclipse Adoptium\jdk-17.0.13.11-hotspot\bin\server;C:\Users\dawat\.gradle\native\1def1411415f61bf3af743bc5b6707747c0891f09f0c88961ee8f79bc544acac\windows-amd64;C:\Users\dawat\.gradle\native\0.2.7\x86_64-windows-gnu

VM Arguments:
jvm_args: --add-opens=java.base/java.lang=ALL-UNNAMED --add-opens=java.base/java.lang.invoke=ALL-UNNAMED --add-opens=java.base/java.util=ALL-UNNAMED --add-opens=java.prefs/java.util.prefs=ALL-UNNAMED --add-exports=jdk.compiler/com.sun.tools.javac.api=ALL-UNNAMED --add-exports=jdk.compiler/com.sun.tools.javac.util=ALL-UNNAMED --add-opens=java.base/java.util=ALL-UNNAMED --add-opens=java.prefs/java.util.prefs=ALL-UNNAMED --add-opens=java.base/java.nio.charset=ALL-UNNAMED --add-opens=java.base/java.net=ALL-UNNAMED --add-opens=java.base/java.util.concurrent.atomic=ALL-UNNAMED --add-opens=java.xml/javax.xml.namespace=ALL-UNNAMED -XX:MaxMetaspaceSize=4G -XX:ReservedCodeCacheSize=512m -XX:+HeapDumpOnOutOfMemoryError -Xmx8G -Dfile.encoding=UTF-8 -Duser.country=US -Duser.language=en -Duser.variant -javaagent:C:\Users\dawat\.gradle\wrapper\dists\gradle-8.14-all\c2qonpi39x1mddn7hk5gh9iqj\gradle-8.14\lib\agents\gradle-instrumentation-agent-8.14.jar 
java_command: org.gradle.launcher.daemon.bootstrap.GradleDaemon 8.14
java_class_path (initial): C:\Users\dawat\.gradle\wrapper\dists\gradle-8.14-all\c2qonpi39x1mddn7hk5gh9iqj\gradle-8.14\lib\gradle-daemon-main-8.14.jar
Launcher Type: SUN_STANDARD

[Global flags]
     intx CICompilerCount                          = 4                                         {product} {ergonomic}
     uint ConcGCThreads                            = 2                                         {product} {ergonomic}
     uint G1ConcRefinementThreads                  = 8                                         {product} {ergonomic}
   size_t G1HeapRegionSize                         = 4194304                                   {product} {ergonomic}
    uintx GCDrainStackTargetSize                   = 64                                        {product} {ergonomic}
     bool HeapDumpOnOutOfMemoryError               = true                                   {manageable} {command line}
   size_t InitialHeapSize                          = 268435456                                 {product} {ergonomic}
   size_t MarkStackSize                            = 4194304                                   {product} {ergonomic}
   size_t MaxHeapSize                              = 8589934592                                {product} {command line}
   size_t MaxMetaspaceSize                         = 4294967296                                {product} {command line}
   size_t MaxNewSize                               = 5150605312                                {product} {ergonomic}
   size_t MinHeapDeltaBytes                        = 4194304                                   {product} {ergonomic}
   size_t MinHeapSize                              = 8388608                                   {product} {ergonomic}
    uintx NonNMethodCodeHeapSize                   = 5839372                                {pd product} {ergonomic}
    uintx NonProfiledCodeHeapSize                  = 265515770                              {pd product} {ergonomic}
    uintx ProfiledCodeHeapSize                     = 265515770                              {pd product} {ergonomic}
    uintx ReservedCodeCacheSize                    = 536870912                              {pd product} {command line}
     bool SegmentedCodeCache                       = true                                      {product} {ergonomic}
   size_t SoftMaxHeapSize                          = 8589934592                             {manageable} {ergonomic}
   double SweeperThreshold                         = 0.234375                                  {product} {ergonomic}
     bool UseCompressedClassPointers               = true                           {product lp64_product} {ergonomic}
     bool UseCompressedOops                        = true                           {product lp64_product} {ergonomic}
     bool UseG1GC                                  = true                                      {product} {ergonomic}
     bool UseLargePagesIndividualAllocation        = false                                  {pd product} {ergonomic}

Logging:
Log output configuration:
 #0: stdout all=warning uptime,level,tags
 #1: stderr all=off uptime,level,tags

Environment Variables:
JAVA_HOME=C:\Program Files\Eclipse Adoptium\jdk-17.0.13.11-hotspot\
PATH=C:\Program Files\Common Files\Oracle\Java\javapath;C:\Program Files\Eclipse Adoptium\jdk-17.0.13.11-hotspot\bin;C:\WINDOWS\system32;C:\WINDOWS;C:\WINDOWS\System32\Wbem;C:\WINDOWS\System32\WindowsPowerShell\v1.0\;C:\WINDOWS\System32\OpenSSH\;C:\Program Files\Git\cmd;C:\Program Files\dotnet\;C:\Users\dawat\AppData\Local\nvm;C:\nvm4w\nodejs;c:\Users\dawat\AppData\Local\Programs\cursor\resources\app\codeBin;C:\Users\dawat\AppData\Local\Programs\Python\Python314\Scripts\;C:\Users\dawat\AppData\Local\Programs\Python\Python314\;C:\Users\dawat\AppData\Local\Programs\Python\Launcher\;C:\Users\dawat\AppData\Local\Microsoft\WindowsApps;C:\msys64\ucrt64\bin;C:\Users\dawat\AppData\Local\GitHubDesktop\bin;C:\MinGW\bin;C:\Users\dawat\AppData\Local\Programs\Microsoft VS Code\bin;C:\Program Files\JetBrains\IntelliJ IDEA 2024.3\bin;;C:\Program Files\Git\bin\git.exe;C:\Users\dawat\AppData\Roaming\npm;C:\Users\dawat\AppData\Local\Muse Hub\lib;C:\src\flutter\bin;C:\Users\dawat\AppData\Local\Android\Sdk\cmdline-tools\latest\bin;C:\Users\dawat\AppData\Local\Android\Sdk\platform-tools;C:\Exercism;C:\Users\dawat\AppData\Local\nvm;C:\nvm4w\nodejs;C:\GnuWin32\bin;C:\Dev-Cpp\bin;C:\Users\dawat\AppData\Local\Pub\Cache\bin;C:\Users\dawat\AppData\Roaming\npm;C:\Users\dawat\AppData\Local\Programs\cursor\resources\app\bin
USERNAME=dawat
OS=Windows_NT
PROCESSOR_IDENTIFIER=Intel64 Family 6 Model 142 Stepping 12, GenuineIntel
TMP=C:\Users\dawat\AppData\Local\Temp
TEMP=C:\Users\dawat\AppData\Local\Temp



Periodic native trim disabled


---------------  S Y S T E M  ---------------

OS:
 Windows 11 , 64 bit Build 26100 (10.0.26100.7019)
OS uptime: 0 days 1:55 hours
Hyper-V role detected

CPU: total 8 (initial active 8) (4 cores per cpu, 2 threads per core) family 6 model 142 stepping 12 microcode 0x100, cx8, cmov, fxsr, ht, mmx, 3dnowpref, sse, sse2, sse3, ssse3, sse4.1, sse4.2, popcnt, lzcnt, tsc, tscinvbit, avx, avx2, aes, erms, clmul, bmi1, bmi2, adx, fma, vzeroupper, clflush, clflushopt, hv
Processor Information for all 8 processors :
  Max Mhz: 1896, Current Mhz: 1596, Mhz Limit: 1592

Memory: 4k page, system-wide physical 16190M (1092M free)
TotalPageFile size 19109M (AvailPageFile size 125M)
current process WorkingSet (physical memory assigned to process): 661M, peak: 661M
current process commit charge ("private bytes"): 707M, peak: 707M

vm_info: OpenJDK 64-Bit Server VM (17.0.13+11) for windows-amd64 JRE (17.0.13+11), built on Oct 16 2024 00:10:08 by "admin" with MS VC++ 17.7 (VS2022)

END.
