#
# There is insufficient memory for the Java Runtime Environment to continue.
# Native memory allocation (malloc) failed to allocate 1387072 bytes. Error detail: Chunk::new
# Possible reasons:
#   The system is out of physical RAM or swap space
#   This process is running with CompressedOops enabled, and the Java Heap may be blocking the growth of the native heap
# Possible solutions:
#   Reduce memory load on the system
#   Increase physical memory or swap space
#   Check if swap backing store is full
#   Decrease Java heap size (-Xmx/-Xms)
#   Decrease number of Java threads
#   Decrease Java thread stack sizes (-Xss)
#   Set larger code cache with -XX:ReservedCodeCacheSize=
#   JVM is running with Zero Based Compressed Oops mode in which the Java heap is
#     placed in the first 32GB address space. The Java Heap base address is the
#     maximum limit for the native heap growth. Please use -XX:HeapBaseMinAddress
#     to set the Java Heap base and to place the Java Heap above 32GB virtual address.
# This output file may be truncated or incomplete.
#
#  Out of Memory Error (arena.cpp:191), pid=23092, tid=4720
#
# JRE version: OpenJDK Runtime Environment Temurin-17.0.13+11 (17.0.13+11) (build 17.0.13+11)
# Java VM: OpenJDK 64-Bit Server VM Temurin-17.0.13+11 (17.0.13+11, mixed mode, sharing, tiered, compressed oops, compressed class ptrs, g1 gc, windows-amd64)
# No core dump will be written. Minidumps are not enabled by default on client versions of Windows
#

---------------  S U M M A R Y ------------

Command Line: --add-opens=java.base/java.lang=ALL-UNNAMED --add-opens=java.base/java.lang.invoke=ALL-UNNAMED --add-opens=java.base/java.util=ALL-UNNAMED --add-opens=java.prefs/java.util.prefs=ALL-UNNAMED --add-exports=jdk.compiler/com.sun.tools.javac.api=ALL-UNNAMED --add-exports=jdk.compiler/com.sun.tools.javac.util=ALL-UNNAMED --add-opens=java.base/java.util=ALL-UNNAMED --add-opens=java.prefs/java.util.prefs=ALL-UNNAMED --add-opens=java.base/java.nio.charset=ALL-UNNAMED --add-opens=java.base/java.net=ALL-UNNAMED --add-opens=java.base/java.util.concurrent.atomic=ALL-UNNAMED --add-opens=java.xml/javax.xml.namespace=ALL-UNNAMED -XX:MaxMetaspaceSize=4G -XX:ReservedCodeCacheSize=512m -XX:+HeapDumpOnOutOfMemoryError -Xmx8G -Dfile.encoding=UTF-8 -Duser.country=US -Duser.language=en -Duser.variant -javaagent:C:\Users\dawat\.gradle\wrapper\dists\gradle-8.14-all\c2qonpi39x1mddn7hk5gh9iqj\gradle-8.14\lib\agents\gradle-instrumentation-agent-8.14.jar org.gradle.launcher.daemon.bootstrap.GradleDaemon 8.14

Host: Intel(R) Core(TM) i5-8365U CPU @ 1.60GHz, 8 cores, 15G,  Windows 11 , 64 bit Build 26100 (10.0.26100.7019)
Time: Sat Jan 17 00:58:21 2026 E. Africa Standard Time elapsed time: 160.570384 seconds (0d 0h 2m 40s)

---------------  T H R E A D  ---------------

Current thread (0x0000016a4779bb80):  JavaThread "C2 CompilerThread2" daemon [_thread_in_native, id=4720, stack(0x0000001695700000,0x0000001695800000)]


Current CompileTask:
C2: 160570 13412   !   4       org.jetbrains.kotlin.metadata.ProtoBuf$Function::<init> (1410 bytes)

Stack: [0x0000001695700000,0x0000001695800000]
Native frames: (J=compiled Java code, j=interpreted, Vv=VM code, C=native code)
V  [jvm.dll+0x682a19]
V  [jvm.dll+0x839538]
V  [jvm.dll+0x83afe3]
V  [jvm.dll+0x83b653]
V  [jvm.dll+0x24704f]
V  [jvm.dll+0xace34]
V  [jvm.dll+0xad4cc]
V  [jvm.dll+0x36597e]
V  [jvm.dll+0x1ba989]
V  [jvm.dll+0x2181a7]
V  [jvm.dll+0x21748f]
V  [jvm.dll+0x1a3070]
V  [jvm.dll+0x22788c]
V  [jvm.dll+0x2259eb]
V  [jvm.dll+0x7eec98]
V  [jvm.dll+0x7e8ffc]
V  [jvm.dll+0x6818f7]
C  [ucrtbase.dll+0x37b0]
C  [KERNEL32.DLL+0x2e8d7]
C  [ntdll.dll+0x8c53c]


---------------  P R O C E S S  ---------------

Threads class SMR info:
_java_thread_list=0x0000016a464098f0, length=126, elements={
0x00000169e14c7cf0, 0x00000169fc742740, 0x00000169fc744000, 0x0000016a4411c4a0,
0x0000016a4411cd70, 0x0000016a4411d640, 0x0000016a4411df10, 0x0000016a4411fb20,
0x0000016a441991d0, 0x0000016a441ae250, 0x0000016a44238f40, 0x0000016a44397910,
0x0000016a45017380, 0x0000016a450498c0, 0x0000016a46177a20, 0x0000016a46175db0,
0x0000016a4469bfc0, 0x0000016a461968b0, 0x0000016a46196dc0, 0x0000016a461963a0,
0x0000016a46194a50, 0x0000016a46194f60, 0x0000016a46194030, 0x0000016a46195470,
0x0000016a46195980, 0x0000016a461972d0, 0x0000016a46194540, 0x0000016a486001e0,
0x0000016a486006f0, 0x0000016a485fde70, 0x0000016a485ffcd0, 0x0000016a485ff2b0,
0x0000016a48601110, 0x0000016a485feda0, 0x0000016a485fe380, 0x0000016a48602040,
0x0000016a48602550, 0x0000016a48602a60, 0x0000016a48602f70, 0x0000016a486043b0,
0x0000016a486048c0, 0x0000016a46195e90, 0x0000016a49cd2900, 0x0000016a49cd4250,
0x0000016a49cd2e10, 0x0000016a49cd5ba0, 0x0000016a49cd3830, 0x0000016a49cd4760,
0x0000016a49cd4c70, 0x0000016a49cd23f0, 0x0000016a49cd5180, 0x0000016a49cd3d40,
0x0000016a49cd5690, 0x0000016a49cd60b0, 0x0000016a49cd65c0, 0x0000016a49cd6ad0,
0x0000016a49cd9d70, 0x0000016a49cd8e40, 0x0000016a49cd6fe0, 0x0000016a49cd7a00,
0x0000016a49cd8930, 0x0000016a49cd74f0, 0x0000016a49cd7f10, 0x0000016a49cd9350,
0x0000016a49cd9860, 0x0000016a46c17f50, 0x0000016a46c17530, 0x0000016a46c17a40,
0x0000016a46c18970, 0x0000016a46c16600, 0x0000016a46c18460, 0x0000016a46c19390,
0x0000016a46c15be0, 0x0000016a46c198a0, 0x0000016a46c19db0, 0x0000016a46c1ace0,
0x0000016a46c1d560, 0x0000016a46c1d050, 0x0000016a46c1b1f0, 0x0000016a46c1bc10,
0x0000016a46c1b700, 0x0000016a46c1c120, 0x0000016a46c1c630, 0x0000016a46c1cb40,
0x0000016a46c1a2c0, 0x0000016a46c1a7d0, 0x0000016a4a137760, 0x0000016a4a137250,
0x0000016a4a138ba0, 0x0000016a4a137c70, 0x0000016a4a138690, 0x0000016a4a138180,
0x0000016a4a1390b0, 0x0000016a4a1395c0, 0x0000016a4a136830, 0x0000016a4a13b420,
0x0000016a4a13be40, 0x0000016a4a13c350, 0x0000016a4a13aa00, 0x0000016a4a13d790,
0x0000016a4a13b930, 0x0000016a4a13dca0, 0x0000016a4a13a4f0, 0x0000016a4a13e1b0,
0x0000016a4a13c860, 0x0000016a4a13af10, 0x0000016a4a13d280, 0x0000016a4a13cd70,
0x0000016a46bd11f0, 0x0000016a46bd1700, 0x0000016a46bd2630, 0x0000016a46bd1c10,
0x0000016a46bd2b40, 0x0000016a46bd3560, 0x0000016a46bd2120, 0x0000016a46bd3050,
0x0000016a46bd3a70, 0x0000016a46bd3f80, 0x0000016a46bd07d0, 0x0000016a46bd4490,
0x0000016a46bd0ce0, 0x0000016a46bd62f0, 0x0000016a46bd53c0, 0x0000016a46bd7730,
0x0000016a4779d610, 0x0000016a4779bb80
}

Java Threads: ( => current thread )
  0x00000169e14c7cf0 JavaThread "main" [_thread_blocked, id=21672, stack(0x000000168d100000,0x000000168d200000)]
  0x00000169fc742740 JavaThread "Reference Handler" daemon [_thread_blocked, id=22276, stack(0x000000168d800000,0x000000168d900000)]
  0x00000169fc744000 JavaThread "Finalizer" daemon [_thread_blocked, id=20496, stack(0x000000168d900000,0x000000168da00000)]
  0x0000016a4411c4a0 JavaThread "Signal Dispatcher" daemon [_thread_blocked, id=19676, stack(0x000000168da00000,0x000000168db00000)]
  0x0000016a4411cd70 JavaThread "Attach Listener" daemon [_thread_blocked, id=21100, stack(0x000000168db00000,0x000000168dc00000)]
  0x0000016a4411d640 JavaThread "Service Thread" daemon [_thread_blocked, id=6296, stack(0x000000168dc00000,0x000000168dd00000)]
  0x0000016a4411df10 JavaThread "Monitor Deflation Thread" daemon [_thread_blocked, id=1080, stack(0x000000168dd00000,0x000000168de00000)]
  0x0000016a4411fb20 JavaThread "C2 CompilerThread0" daemon [_thread_in_native, id=22656, stack(0x000000168de00000,0x000000168df00000)]
  0x0000016a441991d0 JavaThread "C1 CompilerThread0" daemon [_thread_blocked, id=17888, stack(0x000000168df00000,0x000000168e000000)]
  0x0000016a441ae250 JavaThread "Sweeper thread" daemon [_thread_blocked, id=17004, stack(0x000000168e000000,0x000000168e100000)]
  0x0000016a44238f40 JavaThread "Common-Cleaner" daemon [_thread_blocked, id=7196, stack(0x000000168e100000,0x000000168e200000)]
  0x0000016a44397910 JavaThread "Notification Thread" daemon [_thread_blocked, id=10256, stack(0x000000168e200000,0x000000168e300000)]
  0x0000016a45017380 JavaThread "Daemon health stats" [_thread_blocked, id=452, stack(0x000000168e900000,0x000000168ea00000)]
  0x0000016a450498c0 JavaThread "Incoming local TCP Connector on port 12823" [_thread_in_native, id=21016, stack(0x000000168ec00000,0x000000168ed00000)]
  0x0000016a46177a20 JavaThread "Daemon periodic checks" [_thread_blocked, id=1676, stack(0x000000168ed00000,0x000000168ee00000)]
  0x0000016a46175db0 JavaThread "Daemon" [_thread_blocked, id=1332, stack(0x000000168ee00000,0x000000168ef00000)]
  0x0000016a4469bfc0 JavaThread "Handler for socket connection from /127.0.0.1:12823 to /127.0.0.1:12824" [_thread_in_native, id=14532, stack(0x000000168ef00000,0x000000168f000000)]
  0x0000016a461968b0 JavaThread "Cancel handler" [_thread_blocked, id=14664, stack(0x000000168f000000,0x000000168f100000)]
  0x0000016a46196dc0 JavaThread "Daemon worker" [_thread_in_vm, id=16916, stack(0x000000168f100000,0x000000168f200000)]
  0x0000016a461963a0 JavaThread "Asynchronous log dispatcher for DefaultDaemonConnection: socket connection from /127.0.0.1:12823 to /127.0.0.1:12824" [_thread_blocked, id=22204, stack(0x000000168f200000,0x000000168f300000)]
  0x0000016a46194a50 JavaThread "Stdin handler" [_thread_blocked, id=3672, stack(0x000000168f300000,0x000000168f400000)]
  0x0000016a46194f60 JavaThread "Daemon client event forwarder" [_thread_blocked, id=19332, stack(0x000000168f400000,0x000000168f500000)]
  0x0000016a46194030 JavaThread "Cache worker for journal cache (C:\Users\dawat\.gradle\caches\journal-1)" [_thread_blocked, id=22044, stack(0x000000168f500000,0x000000168f600000)]
  0x0000016a46195470 JavaThread "File lock request listener" [_thread_in_native, id=22640, stack(0x000000168f600000,0x000000168f700000)]
  0x0000016a46195980 JavaThread "Cache worker for file hash cache (C:\Users\dawat\.gradle\caches\8.14\fileHashes)" [_thread_blocked, id=21136, stack(0x000000168f700000,0x000000168f800000)]
  0x0000016a461972d0 JavaThread "Cache worker for file hash cache (D:\Learning\Flutter\flutter-facebook-clone-app\android\.gradle\8.14\fileHashes)" [_thread_blocked, id=4392, stack(0x000000168f900000,0x000000168fa00000)]
  0x0000016a46194540 JavaThread "Cache worker for Build Output Cleanup Cache (D:\Learning\Flutter\flutter-facebook-clone-app\android\.gradle\buildOutputCleanup)" [_thread_blocked, id=11412, stack(0x000000168fa00000,0x000000168fb00000)]
  0x0000016a486001e0 JavaThread "File watcher server" daemon [_thread_in_native, id=340, stack(0x000000168fc00000,0x000000168fd00000)]
  0x0000016a486006f0 JavaThread "File watcher consumer" daemon [_thread_blocked, id=9440, stack(0x000000168fd00000,0x000000168fe00000)]
  0x0000016a485fde70 JavaThread "jar transforms" [_thread_blocked, id=16556, stack(0x000000168fb00000,0x000000168fc00000)]
  0x0000016a485ffcd0 JavaThread "jar transforms Thread 2" [_thread_blocked, id=296, stack(0x000000168fe00000,0x000000168ff00000)]
  0x0000016a485ff2b0 JavaThread "jar transforms Thread 3" [_thread_blocked, id=15352, stack(0x000000168ff00000,0x0000001690000000)]
  0x0000016a48601110 JavaThread "jar transforms Thread 4" [_thread_blocked, id=13440, stack(0x0000001690200000,0x0000001690300000)]
  0x0000016a485feda0 JavaThread "jar transforms Thread 5" [_thread_blocked, id=3212, stack(0x0000001690300000,0x0000001690400000)]
  0x0000016a485fe380 JavaThread "Cache worker for checksums cache (D:\Learning\Flutter\flutter-facebook-clone-app\android\.gradle\8.14\checksums)" [_thread_blocked, id=1504, stack(0x0000001690800000,0x0000001690900000)]
  0x0000016a48602040 JavaThread "Cache worker for file content cache (C:\Users\dawat\.gradle\caches\8.14\fileContent)" [_thread_blocked, id=11244, stack(0x0000001690900000,0x0000001690a00000)]
  0x0000016a48602550 JavaThread "jar transforms Thread 6" [_thread_blocked, id=18492, stack(0x0000001690400000,0x0000001690500000)]
  0x0000016a48602a60 JavaThread "jar transforms Thread 7" [_thread_blocked, id=18908, stack(0x0000001690500000,0x0000001690600000)]
  0x0000016a48602f70 JavaThread "jar transforms Thread 8" [_thread_blocked, id=7680, stack(0x0000001690a00000,0x0000001690b00000)]
  0x0000016a486043b0 JavaThread "Cache worker for cache directory md-supplier (C:\Users\dawat\.gradle\caches\8.14\md-supplier)" [_thread_blocked, id=20312, stack(0x0000001690b00000,0x0000001690c00000)]
  0x0000016a486048c0 JavaThread "Cache worker for cache directory md-rule (C:\Users\dawat\.gradle\caches\8.14\md-rule)" [_thread_blocked, id=22592, stack(0x0000001690c00000,0x0000001690d00000)]
  0x0000016a46195e90 JavaThread "Cache worker for Build Output Cleanup Cache (C:\src\flutter\packages\flutter_tools\gradle\.gradle\buildOutputCleanup)" [_thread_blocked, id=17780, stack(0x0000001690d00000,0x0000001690e00000)]
  0x0000016a49cd2900 JavaThread "Unconstrained build operations" [_thread_blocked, id=580, stack(0x000000168d000000,0x000000168d100000)]
  0x0000016a49cd4250 JavaThread "Unconstrained build operations Thread 2" [_thread_blocked, id=18048, stack(0x0000001690e00000,0x0000001690f00000)]
  0x0000016a49cd2e10 JavaThread "Unconstrained build operations Thread 3" [_thread_blocked, id=21892, stack(0x0000001690f00000,0x0000001691000000)]
  0x0000016a49cd5ba0 JavaThread "Unconstrained build operations Thread 4" [_thread_blocked, id=11892, stack(0x0000001691000000,0x0000001691100000)]
  0x0000016a49cd3830 JavaThread "Unconstrained build operations Thread 5" [_thread_blocked, id=19028, stack(0x0000001691100000,0x0000001691200000)]
  0x0000016a49cd4760 JavaThread "Unconstrained build operations Thread 6" [_thread_blocked, id=23136, stack(0x0000001691200000,0x0000001691300000)]
  0x0000016a49cd4c70 JavaThread "Unconstrained build operations Thread 7" [_thread_blocked, id=12692, stack(0x0000001691300000,0x0000001691400000)]
  0x0000016a49cd23f0 JavaThread "Unconstrained build operations Thread 8" [_thread_blocked, id=21572, stack(0x0000001691400000,0x0000001691500000)]
  0x0000016a49cd5180 JavaThread "Unconstrained build operations Thread 9" [_thread_blocked, id=22976, stack(0x0000001691500000,0x0000001691600000)]
  0x0000016a49cd3d40 JavaThread "Unconstrained build operations Thread 10" [_thread_blocked, id=19728, stack(0x0000001691600000,0x0000001691700000)]
  0x0000016a49cd5690 JavaThread "Unconstrained build operations Thread 11" [_thread_blocked, id=5756, stack(0x0000001691700000,0x0000001691800000)]
  0x0000016a49cd60b0 JavaThread "Unconstrained build operations Thread 12" [_thread_blocked, id=18084, stack(0x000000168cf00000,0x000000168d000000)]
  0x0000016a49cd65c0 JavaThread "Unconstrained build operations Thread 13" [_thread_blocked, id=13428, stack(0x0000001691800000,0x0000001691900000)]
  0x0000016a49cd6ad0 JavaThread "Unconstrained build operations Thread 14" [_thread_blocked, id=15284, stack(0x0000001691900000,0x0000001691a00000)]
  0x0000016a49cd9d70 JavaThread "Unconstrained build operations Thread 15" [_thread_blocked, id=2604, stack(0x0000001691b00000,0x0000001691c00000)]
  0x0000016a49cd8e40 JavaThread "Unconstrained build operations Thread 16" [_thread_blocked, id=16444, stack(0x0000001691c00000,0x0000001691d00000)]
  0x0000016a49cd6fe0 JavaThread "Unconstrained build operations Thread 17" [_thread_blocked, id=16876, stack(0x0000001691d00000,0x0000001691e00000)]
  0x0000016a49cd7a00 JavaThread "Unconstrained build operations Thread 18" [_thread_blocked, id=12284, stack(0x0000001691e00000,0x0000001691f00000)]
  0x0000016a49cd8930 JavaThread "Unconstrained build operations Thread 19" [_thread_blocked, id=4524, stack(0x0000001691f00000,0x0000001692000000)]
  0x0000016a49cd74f0 JavaThread "Unconstrained build operations Thread 20" [_thread_blocked, id=20404, stack(0x0000001692000000,0x0000001692100000)]
  0x0000016a49cd7f10 JavaThread "Unconstrained build operations Thread 21" [_thread_blocked, id=22888, stack(0x0000001692100000,0x0000001692200000)]
  0x0000016a49cd9350 JavaThread "Memory manager" [_thread_blocked, id=11012, stack(0x0000001692200000,0x0000001692300000)]
  0x0000016a49cd9860 JavaThread "build event listener" [_thread_blocked, id=17924, stack(0x0000001691a00000,0x0000001691b00000)]
  0x0000016a46c17f50 JavaThread "included builds" [_thread_blocked, id=21748, stack(0x0000001692300000,0x0000001692400000)]
  0x0000016a46c17530 JavaThread "Execution worker" [_thread_blocked, id=18468, stack(0x0000001692400000,0x0000001692500000)]
  0x0000016a46c17a40 JavaThread "Execution worker Thread 2" [_thread_blocked, id=21956, stack(0x0000001692500000,0x0000001692600000)]
  0x0000016a46c18970 JavaThread "Execution worker Thread 3" [_thread_blocked, id=22452, stack(0x0000001692600000,0x0000001692700000)]
  0x0000016a46c16600 JavaThread "Execution worker Thread 4" [_thread_blocked, id=10444, stack(0x0000001692700000,0x0000001692800000)]
  0x0000016a46c18460 JavaThread "Execution worker Thread 5" [_thread_blocked, id=20432, stack(0x0000001692800000,0x0000001692900000)]
  0x0000016a46c19390 JavaThread "Execution worker Thread 6" [_thread_blocked, id=19788, stack(0x0000001692900000,0x0000001692a00000)]
  0x0000016a46c15be0 JavaThread "Execution worker Thread 7" [_thread_blocked, id=9040, stack(0x0000001692a00000,0x0000001692b00000)]
  0x0000016a46c198a0 JavaThread "Cache worker for execution history cache (C:\src\flutter\packages\flutter_tools\gradle\.gradle\8.14\executionHistory)" [_thread_blocked, id=19068, stack(0x000000168ce00000,0x000000168cf00000)]
  0x0000016a46c19db0 JavaThread "Unconstrained build operations Thread 22" [_thread_blocked, id=22392, stack(0x0000001692b00000,0x0000001692c00000)]
  0x0000016a46c1ace0 JavaThread "Unconstrained build operations Thread 23" [_thread_blocked, id=7648, stack(0x0000001692c00000,0x0000001692d00000)]
  0x0000016a46c1d560 JavaThread "Unconstrained build operations Thread 24" [_thread_blocked, id=2400, stack(0x0000001692d00000,0x0000001692e00000)]
  0x0000016a46c1d050 JavaThread "Unconstrained build operations Thread 25" [_thread_blocked, id=12592, stack(0x0000001692e00000,0x0000001692f00000)]
  0x0000016a46c1b1f0 JavaThread "Unconstrained build operations Thread 26" [_thread_blocked, id=20720, stack(0x0000001692f00000,0x0000001693000000)]
  0x0000016a46c1bc10 JavaThread "Unconstrained build operations Thread 27" [_thread_blocked, id=13508, stack(0x0000001693000000,0x0000001693100000)]
  0x0000016a46c1b700 JavaThread "Unconstrained build operations Thread 28" [_thread_blocked, id=4232, stack(0x0000001693100000,0x0000001693200000)]
  0x0000016a46c1c120 JavaThread "Unconstrained build operations Thread 29" [_thread_blocked, id=14304, stack(0x0000001693300000,0x0000001693400000)]
  0x0000016a46c1c630 JavaThread "Unconstrained build operations Thread 30" [_thread_blocked, id=6856, stack(0x0000001693400000,0x0000001693500000)]
  0x0000016a46c1cb40 JavaThread "Unconstrained build operations Thread 31" [_thread_blocked, id=14640, stack(0x0000001693500000,0x0000001693600000)]
  0x0000016a46c1a2c0 JavaThread "Unconstrained build operations Thread 32" [_thread_blocked, id=3092, stack(0x0000001693600000,0x0000001693700000)]
  0x0000016a46c1a7d0 JavaThread "Unconstrained build operations Thread 33" [_thread_blocked, id=14624, stack(0x0000001693700000,0x0000001693800000)]
  0x0000016a4a137760 JavaThread "Unconstrained build operations Thread 34" [_thread_blocked, id=4664, stack(0x0000001693800000,0x0000001693900000)]
  0x0000016a4a137250 JavaThread "Unconstrained build operations Thread 35" [_thread_blocked, id=16744, stack(0x0000001693900000,0x0000001693a00000)]
  0x0000016a4a138ba0 JavaThread "Unconstrained build operations Thread 36" [_thread_blocked, id=9380, stack(0x0000001693a00000,0x0000001693b00000)]
  0x0000016a4a137c70 JavaThread "Unconstrained build operations Thread 37" [_thread_blocked, id=14368, stack(0x0000001693b00000,0x0000001693c00000)]
  0x0000016a4a138690 JavaThread "Unconstrained build operations Thread 38" [_thread_blocked, id=15292, stack(0x0000001693c00000,0x0000001693d00000)]
  0x0000016a4a138180 JavaThread "Unconstrained build operations Thread 39" [_thread_blocked, id=19212, stack(0x0000001693d00000,0x0000001693e00000)]
  0x0000016a4a1390b0 JavaThread "Unconstrained build operations Thread 40" [_thread_blocked, id=17760, stack(0x0000001693e00000,0x0000001693f00000)]
  0x0000016a4a1395c0 JavaThread "Unconstrained build operations Thread 41" [_thread_blocked, id=21564, stack(0x0000001693f00000,0x0000001694000000)]
  0x0000016a4a136830 JavaThread "Unconstrained build operations Thread 42" [_thread_blocked, id=1508, stack(0x0000001694000000,0x0000001694100000)]
  0x0000016a4a13b420 JavaThread "Unconstrained build operations Thread 43" [_thread_blocked, id=656, stack(0x0000001693200000,0x0000001693300000)]
  0x0000016a4a13be40 JavaThread "Unconstrained build operations Thread 44" [_thread_blocked, id=11660, stack(0x0000001694100000,0x0000001694200000)]
  0x0000016a4a13c350 JavaThread "WorkerExecutor Queue" [_thread_blocked, id=10388, stack(0x0000001694200000,0x0000001694300000)]
  0x0000016a4a13aa00 JavaThread "RMI Scheduler(0)" daemon [_thread_blocked, id=20228, stack(0x0000001694300000,0x0000001694400000)]
  0x0000016a4a13d790 JavaThread "RMI GC Daemon" daemon [_thread_blocked, id=22968, stack(0x0000001694500000,0x0000001694600000)]
  0x0000016a4a13b930 JavaThread "RMI TCP Accept-0" daemon [_thread_in_native, id=23112, stack(0x0000001694600000,0x0000001694700000)]
  0x0000016a4a13dca0 JavaThread "RMI Reaper" [_thread_blocked, id=6500, stack(0x0000001694700000,0x0000001694800000)]
  0x0000016a4a13a4f0 JavaThread "RMI TCP Connection(2)-127.0.0.1" daemon [_thread_in_native, id=22684, stack(0x0000001694900000,0x0000001694a00000)]
  0x0000016a4a13e1b0 JavaThread "Unconstrained build operations Thread 45" [_thread_blocked, id=18428, stack(0x0000001694400000,0x0000001694500000)]
  0x0000016a4a13c860 JavaThread "Unconstrained build operations Thread 46" [_thread_blocked, id=21788, stack(0x0000001694a00000,0x0000001694b00000)]
  0x0000016a4a13af10 JavaThread "Unconstrained build operations Thread 47" [_thread_blocked, id=15432, stack(0x0000001694b00000,0x0000001694c00000)]
  0x0000016a4a13d280 JavaThread "Unconstrained build operations Thread 48" [_thread_blocked, id=13132, stack(0x0000001694c00000,0x0000001694d00000)]
  0x0000016a4a13cd70 JavaThread "Unconstrained build operations Thread 49" [_thread_blocked, id=5204, stack(0x0000001694d00000,0x0000001694e00000)]
  0x0000016a46bd11f0 JavaThread "Unconstrained build operations Thread 50" [_thread_blocked, id=12544, stack(0x0000001694e00000,0x0000001694f00000)]
  0x0000016a46bd1700 JavaThread "Unconstrained build operations Thread 51" [_thread_blocked, id=13068, stack(0x0000001694f00000,0x0000001695000000)]
  0x0000016a46bd2630 JavaThread "Unconstrained build operations Thread 52" [_thread_blocked, id=3184, stack(0x0000001695000000,0x0000001695100000)]
  0x0000016a46bd1c10 JavaThread "Unconstrained build operations Thread 53" [_thread_blocked, id=6884, stack(0x0000001695100000,0x0000001695200000)]
  0x0000016a46bd2b40 JavaThread "Unconstrained build operations Thread 54" [_thread_blocked, id=19368, stack(0x0000001695200000,0x0000001695300000)]
  0x0000016a46bd3560 JavaThread "Unconstrained build operations Thread 55" [_thread_blocked, id=22172, stack(0x0000001695300000,0x0000001695400000)]
  0x0000016a46bd2120 JavaThread "Unconstrained build operations Thread 56" [_thread_blocked, id=22192, stack(0x0000001695400000,0x0000001695500000)]
  0x0000016a46bd3050 JavaThread "Unconstrained build operations Thread 57" [_thread_blocked, id=18992, stack(0x0000001695500000,0x0000001695600000)]
  0x0000016a46bd3a70 JavaThread "Unconstrained build operations Thread 58" [_thread_blocked, id=22552, stack(0x0000001695600000,0x0000001695700000)]
  0x0000016a46bd3f80 JavaThread "Unconstrained build operations Thread 59" [_thread_blocked, id=4092, stack(0x0000001695800000,0x0000001695900000)]
  0x0000016a46bd07d0 JavaThread "Unconstrained build operations Thread 60" [_thread_blocked, id=20692, stack(0x0000001695900000,0x0000001695a00000)]
  0x0000016a46bd4490 JavaThread "Unconstrained build operations Thread 61" [_thread_blocked, id=22456, stack(0x0000001695a00000,0x0000001695b00000)]
  0x0000016a46bd0ce0 JavaThread "Unconstrained build operations Thread 62" [_thread_blocked, id=21688, stack(0x0000001695b00000,0x0000001695c00000)]
  0x0000016a46bd62f0 JavaThread "Unconstrained build operations Thread 63" [_thread_blocked, id=19284, stack(0x0000001695c00000,0x0000001695d00000)]
  0x0000016a46bd53c0 JavaThread "Unconstrained build operations Thread 64" [_thread_blocked, id=21328, stack(0x0000001695d00000,0x0000001695e00000)]
  0x0000016a46bd7730 JavaThread "Unconstrained build operations Thread 65" [_thread_blocked, id=11100, stack(0x0000001695e00000,0x0000001695f00000)]
  0x0000016a4779d610 JavaThread "C2 CompilerThread1" daemon [_thread_blocked, id=20060, stack(0x0000001694800000,0x0000001694900000)]
=>0x0000016a4779bb80 JavaThread "C2 CompilerThread2" daemon [_thread_in_native, id=4720, stack(0x0000001695700000,0x0000001695800000)]

Other Threads:
  0x00000169fc73d7e0 VMThread "VM Thread" [stack: 0x000000168d700000,0x000000168d800000] [id=7004]
  0x00000169e14c9a90 WatcherThread [stack: 0x000000168e300000,0x000000168e400000] [id=5436]
  0x00000169fc5919b0 GCTaskThread "GC Thread#0" [stack: 0x000000168d200000,0x000000168d300000] [id=14652]
  0x0000016a44421150 GCTaskThread "GC Thread#1" [stack: 0x000000168e400000,0x000000168e500000] [id=6808]
  0x0000016a44484b30 GCTaskThread "GC Thread#2" [stack: 0x000000168e500000,0x000000168e600000] [id=14016]
  0x0000016a44484df0 GCTaskThread "GC Thread#3" [stack: 0x000000168e600000,0x000000168e700000] [id=21588]
  0x0000016a4439e550 GCTaskThread "GC Thread#4" [stack: 0x000000168e700000,0x000000168e800000] [id=23376]
  0x0000016a4439f020 GCTaskThread "GC Thread#5" [stack: 0x000000168e800000,0x000000168e900000] [id=7508]
  0x0000016a4482d420 GCTaskThread "GC Thread#6" [stack: 0x000000168ea00000,0x000000168eb00000] [id=20636]
  0x0000016a445b44b0 GCTaskThread "GC Thread#7" [stack: 0x000000168eb00000,0x000000168ec00000] [id=22224]
  0x00000169df32e8e0 ConcurrentGCThread "G1 Main Marker" [stack: 0x000000168d300000,0x000000168d400000] [id=22720]
  0x00000169e1544be0 ConcurrentGCThread "G1 Conc#0" [stack: 0x000000168d400000,0x000000168d500000] [id=4304]
  0x0000016a46254460 ConcurrentGCThread "G1 Conc#1" [stack: 0x000000168f800000,0x000000168f900000] [id=7268]
  0x00000169e156e810 ConcurrentGCThread "G1 Refine#0" [stack: 0x000000168d500000,0x000000168d600000] [id=22604]
  0x0000016a45b74de0 ConcurrentGCThread "G1 Refine#1" [stack: 0x0000001690000000,0x0000001690100000] [id=18484]
  0x0000016a45b750d0 ConcurrentGCThread "G1 Refine#2" [stack: 0x0000001690100000,0x0000001690200000] [id=23164]
  0x0000016a4b564c00 ConcurrentGCThread "G1 Refine#3" [stack: 0x0000001695f00000,0x0000001696000000] [id=22504]
  0x0000016a4b564330 ConcurrentGCThread "G1 Refine#4" [stack: 0x0000001696000000,0x0000001696100000] [id=18172]
  0x0000016a46fb1e40 ConcurrentGCThread "G1 Refine#5" [stack: 0x0000001696100000,0x0000001696200000] [id=7940]
  0x00000169fc5f8da0 ConcurrentGCThread "G1 Service" [stack: 0x000000168d600000,0x000000168d700000] [id=14868]

Threads with active compile tasks:
C2 CompilerThread0   160645 13393       4       org.jetbrains.kotlin.cli.jvm.index.JvmDependenciesIndexImpl::search (374 bytes)
C2 CompilerThread2   160645 13412   !   4       org.jetbrains.kotlin.metadata.ProtoBuf$Function::<init> (1410 bytes)

VM state: not at safepoint (normal execution)

VM Mutex/Monitor currently owned by a thread: None

Heap address: 0x0000000600000000, size: 8192 MB, Compressed Oops mode: Zero based, Oop shift amount: 3

CDS archive(s) mapped at: [0x00000169ff000000-0x00000169ffbb0000-0x00000169ffbb0000), size 12255232, SharedBaseAddress: 0x00000169ff000000, ArchiveRelocationMode: 1.
Compressed class space mapped at: 0x0000016a00000000-0x0000016a40000000, reserved size: 1073741824
Narrow klass base: 0x00000169ff000000, Narrow klass shift: 0, Narrow klass range: 0x100000000

GC Precious Log:
 CPUs: 8 total, 8 available
 Memory: 16190M
 Large Page Support: Disabled
 NUMA Support: Disabled
 Compressed Oops: Enabled (Zero based)
 Heap Region Size: 4M
 Heap Min Capacity: 8M
 Heap Initial Capacity: 256M
 Heap Max Capacity: 8G
 Pre-touch: Disabled
 Parallel Workers: 8
 Concurrent Workers: 2
 Concurrent Refinement Workers: 8
 Periodic GC: Disabled

Heap:
 garbage-first heap   total 262144K, used 193432K [0x0000000600000000, 0x0000000800000000)
  region size 4096K, 14 young (57344K), 2 survivors (8192K)
 Metaspace       used 113978K, committed 114944K, reserved 1179648K
  class space    used 15627K, committed 16064K, reserved 1048576K

Heap Regions: E=young(eden), S=young(survivor), O=old, HS=humongous(starts), HC=humongous(continues), CS=collection set, F=free, OA=open archive, CA=closed archive, TAMS=top-at-mark-start (previous, next)
|   0|0x0000000600000000, 0x0000000600400000, 0x0000000600400000|100%|HS|  |TAMS 0x0000000600400000, 0x0000000600000000| Complete 
|   1|0x0000000600400000, 0x0000000600800000, 0x0000000600800000|100%| O|  |TAMS 0x0000000600800000, 0x0000000600400000| Untracked 
|   2|0x0000000600800000, 0x0000000600c00000, 0x0000000600c00000|100%| O|  |TAMS 0x0000000600c00000, 0x0000000600800000| Untracked 
|   3|0x0000000600c00000, 0x0000000601000000, 0x0000000601000000|100%| O|  |TAMS 0x0000000601000000, 0x0000000600c00000| Untracked 
|   4|0x0000000601000000, 0x0000000601400000, 0x0000000601400000|100%| O|  |TAMS 0x0000000601400000, 0x0000000601000000| Untracked 
|   5|0x0000000601400000, 0x0000000601800000, 0x0000000601800000|100%| O|  |TAMS 0x0000000601800000, 0x0000000601400000| Untracked 
|   6|0x0000000601800000, 0x0000000601c00000, 0x0000000601c00000|100%| O|  |TAMS 0x0000000601c00000, 0x0000000601800000| Untracked 
|   7|0x0000000601c00000, 0x0000000602000000, 0x0000000602000000|100%| O|  |TAMS 0x0000000602000000, 0x0000000601c00000| Untracked 
|   8|0x0000000602000000, 0x0000000602400000, 0x0000000602400000|100%| O|  |TAMS 0x0000000602400000, 0x0000000602000000| Untracked 
|   9|0x0000000602400000, 0x0000000602800000, 0x0000000602800000|100%|HS|  |TAMS 0x0000000602800000, 0x0000000602400000| Complete 
|  10|0x0000000602800000, 0x0000000602c00000, 0x0000000602c00000|100%|HS|  |TAMS 0x0000000602c00000, 0x0000000602800000| Complete 
|  11|0x0000000602c00000, 0x0000000603000000, 0x0000000603000000|100%| O|  |TAMS 0x0000000603000000, 0x0000000602c00000| Untracked 
|  12|0x0000000603000000, 0x0000000603400000, 0x0000000603400000|100%| O|  |TAMS 0x0000000603400000, 0x0000000603000000| Untracked 
|  13|0x0000000603400000, 0x0000000603800000, 0x0000000603800000|100%| O|  |TAMS 0x0000000603800000, 0x0000000603400000| Untracked 
|  14|0x0000000603800000, 0x0000000603c00000, 0x0000000603c00000|100%| O|  |TAMS 0x0000000603c00000, 0x0000000603800000| Untracked 
|  15|0x0000000603c00000, 0x0000000604000000, 0x0000000604000000|100%| O|  |TAMS 0x0000000604000000, 0x0000000603c00000| Untracked 
|  16|0x0000000604000000, 0x0000000604400000, 0x0000000604400000|100%| O|  |TAMS 0x0000000604400000, 0x0000000604000000| Untracked 
|  17|0x0000000604400000, 0x0000000604800000, 0x0000000604800000|100%| O|  |TAMS 0x0000000604800000, 0x0000000604400000| Untracked 
|  18|0x0000000604800000, 0x0000000604c00000, 0x0000000604c00000|100%| O|  |TAMS 0x0000000604c00000, 0x0000000604800000| Untracked 
|  19|0x0000000604c00000, 0x0000000605000000, 0x0000000605000000|100%| O|  |TAMS 0x0000000605000000, 0x0000000604c00000| Untracked 
|  20|0x0000000605000000, 0x0000000605400000, 0x0000000605400000|100%| O|  |TAMS 0x0000000605400000, 0x0000000605000000| Untracked 
|  21|0x0000000605400000, 0x0000000605800000, 0x0000000605800000|100%| O|  |TAMS 0x0000000605800000, 0x0000000605400000| Untracked 
|  22|0x0000000605800000, 0x0000000605c00000, 0x0000000605c00000|100%| O|  |TAMS 0x0000000605c00000, 0x0000000605800000| Untracked 
|  23|0x0000000605c00000, 0x0000000606000000, 0x0000000606000000|100%| O|  |TAMS 0x0000000606000000, 0x0000000605c00000| Untracked 
|  24|0x0000000606000000, 0x0000000606400000, 0x0000000606400000|100%| O|  |TAMS 0x0000000606400000, 0x0000000606000000| Untracked 
|  25|0x0000000606400000, 0x0000000606800000, 0x0000000606800000|100%| O|  |TAMS 0x0000000606800000, 0x0000000606400000| Untracked 
|  26|0x0000000606800000, 0x0000000606c00000, 0x0000000606c00000|100%| O|  |TAMS 0x0000000606c00000, 0x0000000606800000| Untracked 
|  27|0x0000000606c00000, 0x0000000607000000, 0x0000000607000000|100%| O|  |TAMS 0x0000000607000000, 0x0000000606c00000| Untracked 
|  28|0x0000000607000000, 0x0000000607400000, 0x0000000607400000|100%| O|  |TAMS 0x0000000607400000, 0x0000000607000000| Untracked 
|  29|0x0000000607400000, 0x0000000607800000, 0x0000000607800000|100%| O|  |TAMS 0x0000000607800000, 0x0000000607400000| Untracked 
|  30|0x0000000607800000, 0x0000000607c00000, 0x0000000607c00000|100%| O|  |TAMS 0x0000000607c00000, 0x0000000607800000| Untracked 
|  31|0x0000000607c00000, 0x0000000608000000, 0x0000000608000000|100%|HS|  |TAMS 0x0000000608000000, 0x0000000607c00000| Complete 
|  32|0x0000000608000000, 0x0000000608400000, 0x0000000608400000|100%|HC|  |TAMS 0x0000000608400000, 0x0000000608000000| Complete 
|  33|0x0000000608400000, 0x0000000608800000, 0x0000000608800000|100%| O|  |TAMS 0x0000000608616800, 0x0000000608400000| Untracked 
|  34|0x0000000608800000, 0x0000000608b73400, 0x0000000608c00000| 86%| O|  |TAMS 0x0000000608800000, 0x0000000608800000| Untracked 
|  35|0x0000000608c00000, 0x0000000608c00000, 0x0000000609000000|  0%| F|  |TAMS 0x0000000608c00000, 0x0000000608c00000| Untracked 
|  36|0x0000000609000000, 0x0000000609000000, 0x0000000609400000|  0%| F|  |TAMS 0x0000000609000000, 0x0000000609000000| Untracked 
|  37|0x0000000609400000, 0x0000000609400000, 0x0000000609800000|  0%| F|  |TAMS 0x0000000609400000, 0x0000000609400000| Untracked 
|  38|0x0000000609800000, 0x0000000609800000, 0x0000000609c00000|  0%| F|  |TAMS 0x0000000609800000, 0x0000000609800000| Untracked 
|  39|0x0000000609c00000, 0x0000000609c00000, 0x000000060a000000|  0%| F|  |TAMS 0x0000000609c00000, 0x0000000609c00000| Untracked 
|  40|0x000000060a000000, 0x000000060a000000, 0x000000060a400000|  0%| F|  |TAMS 0x000000060a000000, 0x000000060a000000| Untracked 
|  41|0x000000060a400000, 0x000000060a400000, 0x000000060a800000|  0%| F|  |TAMS 0x000000060a400000, 0x000000060a400000| Untracked 
|  42|0x000000060a800000, 0x000000060a800000, 0x000000060ac00000|  0%| F|  |TAMS 0x000000060a800000, 0x000000060a800000| Untracked 
|  43|0x000000060ac00000, 0x000000060ac00000, 0x000000060b000000|  0%| F|  |TAMS 0x000000060ac00000, 0x000000060ac00000| Untracked 
|  44|0x000000060b000000, 0x000000060b000000, 0x000000060b400000|  0%| F|  |TAMS 0x000000060b000000, 0x000000060b000000| Untracked 
|  45|0x000000060b400000, 0x000000060b400000, 0x000000060b800000|  0%| F|  |TAMS 0x000000060b400000, 0x000000060b400000| Untracked 
|  46|0x000000060b800000, 0x000000060b800000, 0x000000060bc00000|  0%| F|  |TAMS 0x000000060b800000, 0x000000060b800000| Untracked 
|  47|0x000000060bc00000, 0x000000060bc00000, 0x000000060c000000|  0%| F|  |TAMS 0x000000060bc00000, 0x000000060bc00000| Untracked 
|  48|0x000000060c000000, 0x000000060c000000, 0x000000060c400000|  0%| F|  |TAMS 0x000000060c000000, 0x000000060c000000| Untracked 
|  49|0x000000060c400000, 0x000000060c572e80, 0x000000060c800000| 36%| S|CS|TAMS 0x000000060c400000, 0x000000060c400000| Complete 
|  50|0x000000060c800000, 0x000000060cc00000, 0x000000060cc00000|100%| S|CS|TAMS 0x000000060c800000, 0x000000060c800000| Complete 
|  51|0x000000060cc00000, 0x000000060cc00000, 0x000000060d000000|  0%| F|  |TAMS 0x000000060cc00000, 0x000000060cc00000| Untracked 
|  52|0x000000060d000000, 0x000000060d3968a8, 0x000000060d400000| 89%| E|  |TAMS 0x000000060d000000, 0x000000060d000000| Complete 
|  53|0x000000060d400000, 0x000000060d800000, 0x000000060d800000|100%| E|CS|TAMS 0x000000060d400000, 0x000000060d400000| Complete 
|  54|0x000000060d800000, 0x000000060dc00000, 0x000000060dc00000|100%| E|CS|TAMS 0x000000060d800000, 0x000000060d800000| Complete 
|  55|0x000000060dc00000, 0x000000060e000000, 0x000000060e000000|100%| E|CS|TAMS 0x000000060dc00000, 0x000000060dc00000| Complete 
|  56|0x000000060e000000, 0x000000060e400000, 0x000000060e400000|100%| E|CS|TAMS 0x000000060e000000, 0x000000060e000000| Complete 
|  57|0x000000060e400000, 0x000000060e800000, 0x000000060e800000|100%| E|CS|TAMS 0x000000060e400000, 0x000000060e400000| Complete 
|  58|0x000000060e800000, 0x000000060ec00000, 0x000000060ec00000|100%| E|CS|TAMS 0x000000060e800000, 0x000000060e800000| Complete 
|  59|0x000000060ec00000, 0x000000060f000000, 0x000000060f000000|100%| E|CS|TAMS 0x000000060ec00000, 0x000000060ec00000| Complete 
|  60|0x000000060f000000, 0x000000060f400000, 0x000000060f400000|100%| E|CS|TAMS 0x000000060f000000, 0x000000060f000000| Complete 
|  61|0x000000060f400000, 0x000000060f800000, 0x000000060f800000|100%| E|CS|TAMS 0x000000060f400000, 0x000000060f400000| Complete 
|  62|0x000000060f800000, 0x000000060fc00000, 0x000000060fc00000|100%| E|CS|TAMS 0x000000060f800000, 0x000000060f800000| Complete 
|  63|0x000000060fc00000, 0x0000000610000000, 0x0000000610000000|100%| E|CS|TAMS 0x000000060fc00000, 0x000000060fc00000| Complete 

Card table byte_map: [0x00000169ea550000,0x00000169eb550000] _byte_map_base: 0x00000169e7550000

Marking Bits (Prev, Next): (CMBitMap*) 0x00000169df32dfe0, (CMBitMap*) 0x00000169df32e020
 Prev Bits: [0x00000169ec550000, 0x00000169f4550000)
 Next Bits: [0x00000169f4550000, 0x00000169fc550000)

Polling page: 0x00000169df3d0000

Metaspace:

Usage:
  Non-class:     96.06 MB used.
      Class:     15.26 MB used.
       Both:    111.32 MB used.

Virtual space:
  Non-class space:      128.00 MB reserved,      96.56 MB ( 75%) committed,  2 nodes.
      Class space:        1.00 GB reserved,      15.69 MB (  2%) committed,  1 nodes.
             Both:        1.12 GB reserved,     112.25 MB ( 10%) committed. 

Chunk freelists:
   Non-Class:  15.03 MB
       Class:  263.00 KB
        Both:  15.29 MB

MaxMetaspaceSize: 4.00 GB
CompressedClassSpaceSize: 1.00 GB
Initial GC threshold: 21.00 MB
Current GC threshold: 177.19 MB
CDS: on
MetaspaceReclaimPolicy: balanced
 - commit_granule_bytes: 65536.
 - commit_granule_words: 8192.
 - virtual_space_node_default_size: 8388608.
 - enlarge_chunks_in_place: 1.
 - new_chunks_are_fully_committed: 0.
 - uncommit_free_chunks: 1.
 - use_allocation_guard: 0.
 - handle_deallocations: 1.


Internal statistics:

num_allocs_failed_limit: 9.
num_arena_births: 1320.
num_arena_deaths: 0.
num_vsnodes_births: 3.
num_vsnodes_deaths: 0.
num_space_committed: 1794.
num_space_uncommitted: 0.
num_chunks_returned_to_freelist: 9.
num_chunks_taken_from_freelist: 5963.
num_chunk_merges: 9.
num_chunk_splits: 4097.
num_chunks_enlarged: 2904.
num_inconsistent_stats: 0.

CodeHeap 'non-profiled nmethods': size=259264Kb used=7948Kb max_used=7948Kb free=251316Kb
 bounds [0x00000169902d0000, 0x0000016990aa0000, 0x00000169a0000000]
CodeHeap 'profiled nmethods': size=259264Kb used=22306Kb max_used=22306Kb free=236957Kb
 bounds [0x0000016980000000, 0x00000169815d0000, 0x000001698fd30000]
CodeHeap 'non-nmethods': size=5760Kb used=2477Kb max_used=2527Kb free=3282Kb
 bounds [0x000001698fd30000, 0x000001698ffd0000, 0x00000169902d0000]
 total_blobs=12459 nmethods=11424 adapters=947
 compilation: enabled
              stopped_count=0, restarted_count=0
 full_count=0

Compilation events (20 events):
Event: 158.543 Thread 0x0000016a441991d0 13606       3       org.jetbrains.kotlin.com.google.common.collect.SingletonImmutableList::<init> (13 bytes)
Event: 158.544 Thread 0x0000016a441991d0 nmethod 13606 0x00000169815c4590 code [0x00000169815c4760, 0x00000169815c4ba8]
Event: 158.544 Thread 0x0000016a441991d0 13608       1       org.jetbrains.kotlin.com.google.common.collect.ImmutableEntry::getValue (5 bytes)
Event: 158.544 Thread 0x0000016a441991d0 nmethod 13608 0x0000016990a90610 code [0x0000016990a907a0, 0x0000016990a90878]
Event: 158.544 Thread 0x0000016a441991d0 13609       1       org.jetbrains.kotlin.com.google.common.collect.ImmutableMapEntry::isReusable (2 bytes)
Event: 158.544 Thread 0x0000016a441991d0 nmethod 13609 0x0000016990a90910 code [0x0000016990a90aa0, 0x0000016990a90b78]
Event: 158.544 Thread 0x0000016a441991d0 13610       3       org.jetbrains.kotlin.com.google.common.collect.RegularImmutableMap::makeImmutable (44 bytes)
Event: 158.545 Thread 0x0000016a441991d0 nmethod 13610 0x00000169815c4d90 code [0x00000169815c4fa0, 0x00000169815c5838]
Event: 158.545 Thread 0x0000016a441991d0 13615       1       org.jetbrains.kotlin.resolve.calls.tower.PSICallResolver$ASTScopeTower::getLocation (5 bytes)
Event: 158.545 Thread 0x0000016a441991d0 nmethod 13615 0x0000016990a90c10 code [0x0000016990a90da0, 0x0000016990a90e78]
Event: 158.545 Thread 0x0000016a441991d0 13611       3       org.jetbrains.kotlin.com.google.common.collect.Hashing::smear (19 bytes)
Event: 158.545 Thread 0x0000016a441991d0 nmethod 13611 0x00000169815c5a10 code [0x00000169815c5ba0, 0x00000169815c5d18]
Event: 158.545 Thread 0x0000016a441991d0 13617       1       org.jetbrains.kotlin.resolve.calls.tower.TowerData$ForLookupForNoExplicitReceiver::getLevel (5 bytes)
Event: 158.545 Thread 0x0000016a441991d0 nmethod 13617 0x0000016990a90f10 code [0x0000016990a910a0, 0x0000016990a91178]
Event: 158.545 Thread 0x0000016a441991d0 13616       1       org.jetbrains.kotlin.resolve.lazy.descriptors.AbstractLazyMemberScope::getC (5 bytes)
Event: 158.545 Thread 0x0000016a441991d0 nmethod 13616 0x0000016990a91210 code [0x0000016990a913a0, 0x0000016990a91478]
Event: 158.545 Thread 0x0000016a441991d0 13613       1       org.jetbrains.kotlin.com.google.common.collect.ImmutableMapEntry::getNextInKeyBucket (2 bytes)
Event: 158.545 Thread 0x0000016a441991d0 nmethod 13613 0x0000016990a91510 code [0x0000016990a916a0, 0x0000016990a91778]
Event: 159.056 Thread 0x0000016a441991d0 13622   !   3       java.util.concurrent.ThreadPoolExecutor::getTask (177 bytes)
Event: 159.057 Thread 0x0000016a441991d0 nmethod 13622 0x00000169815c5e10 code [0x00000169815c60a0, 0x00000169815c6f38]

GC Heap History (20 events):
Event: 148.259 GC heap before
{Heap before GC invocations=44 (full 0):
 garbage-first heap   total 184320K, used 126417K [0x0000000600000000, 0x0000000800000000)
  region size 4096K, 8 young (32768K), 1 survivors (4096K)
 Metaspace       used 86022K, committed 86976K, reserved 1179648K
  class space    used 11967K, committed 12416K, reserved 1048576K
}
Event: 148.262 GC heap after
{Heap after GC invocations=45 (full 0):
 garbage-first heap   total 184320K, used 102610K [0x0000000600000000, 0x0000000800000000)
  region size 4096K, 1 young (4096K), 1 survivors (4096K)
 Metaspace       used 86022K, committed 86976K, reserved 1179648K
  class space    used 11967K, committed 12416K, reserved 1048576K
}
Event: 149.128 GC heap before
{Heap before GC invocations=45 (full 0):
 garbage-first heap   total 184320K, used 143570K [0x0000000600000000, 0x0000000800000000)
  region size 4096K, 11 young (45056K), 1 survivors (4096K)
 Metaspace       used 91969K, committed 92928K, reserved 1179648K
  class space    used 13170K, committed 13632K, reserved 1048576K
}
Event: 149.133 GC heap after
{Heap after GC invocations=46 (full 0):
 garbage-first heap   total 184320K, used 103760K [0x0000000600000000, 0x0000000800000000)
  region size 4096K, 1 young (4096K), 1 survivors (4096K)
 Metaspace       used 91969K, committed 92928K, reserved 1179648K
  class space    used 13170K, committed 13632K, reserved 1048576K
}
Event: 149.143 GC heap before
{Heap before GC invocations=46 (full 0):
 garbage-first heap   total 184320K, used 103760K [0x0000000600000000, 0x0000000800000000)
  region size 4096K, 2 young (8192K), 1 survivors (4096K)
 Metaspace       used 92037K, committed 92992K, reserved 1179648K
  class space    used 13180K, committed 13632K, reserved 1048576K
}
Event: 149.147 GC heap after
{Heap after GC invocations=47 (full 0):
 garbage-first heap   total 184320K, used 103810K [0x0000000600000000, 0x0000000800000000)
  region size 4096K, 1 young (4096K), 1 survivors (4096K)
 Metaspace       used 92037K, committed 92992K, reserved 1179648K
  class space    used 13180K, committed 13632K, reserved 1048576K
}
Event: 149.950 GC heap before
{Heap before GC invocations=47 (full 0):
 garbage-first heap   total 184320K, used 157058K [0x0000000600000000, 0x0000000800000000)
  region size 4096K, 12 young (49152K), 1 survivors (4096K)
 Metaspace       used 92444K, committed 93440K, reserved 1179648K
  class space    used 13191K, committed 13632K, reserved 1048576K
}
Event: 149.969 GC heap after
{Heap after GC invocations=48 (full 0):
 garbage-first heap   total 184320K, used 116365K [0x0000000600000000, 0x0000000800000000)
  region size 4096K, 2 young (8192K), 2 survivors (8192K)
 Metaspace       used 92444K, committed 93440K, reserved 1179648K
  class space    used 13191K, committed 13632K, reserved 1048576K
}
Event: 150.207 GC heap before
{Heap before GC invocations=48 (full 0):
 garbage-first heap   total 184320K, used 145037K [0x0000000600000000, 0x0000000800000000)
  region size 4096K, 9 young (36864K), 2 survivors (8192K)
 Metaspace       used 92449K, committed 93440K, reserved 1179648K
  class space    used 13191K, committed 13632K, reserved 1048576K
}
Event: 150.227 GC heap after
{Heap after GC invocations=49 (full 0):
 garbage-first heap   total 184320K, used 125155K [0x0000000600000000, 0x0000000800000000)
  region size 4096K, 2 young (8192K), 2 survivors (8192K)
 Metaspace       used 92449K, committed 93440K, reserved 1179648K
  class space    used 13191K, committed 13632K, reserved 1048576K
}
Event: 150.736 GC heap before
{Heap before GC invocations=50 (full 0):
 garbage-first heap   total 233472K, used 145635K [0x0000000600000000, 0x0000000800000000)
  region size 4096K, 7 young (28672K), 2 survivors (8192K)
 Metaspace       used 93137K, committed 94080K, reserved 1179648K
  class space    used 13299K, committed 13760K, reserved 1048576K
}
Event: 150.747 GC heap after
{Heap after GC invocations=51 (full 0):
 garbage-first heap   total 233472K, used 129676K [0x0000000600000000, 0x0000000800000000)
  region size 4096K, 1 young (4096K), 1 survivors (4096K)
 Metaspace       used 93137K, committed 94080K, reserved 1179648K
  class space    used 13299K, committed 13760K, reserved 1048576K
}
Event: 151.417 GC heap before
{Heap before GC invocations=51 (full 0):
 garbage-first heap   total 233472K, used 150156K [0x0000000600000000, 0x0000000800000000)
  region size 4096K, 7 young (28672K), 1 survivors (4096K)
 Metaspace       used 96177K, committed 97088K, reserved 1179648K
  class space    used 13641K, committed 14080K, reserved 1048576K
}
Event: 151.426 GC heap after
{Heap after GC invocations=52 (full 0):
 garbage-first heap   total 233472K, used 130476K [0x0000000600000000, 0x0000000800000000)
  region size 4096K, 2 young (8192K), 2 survivors (8192K)
 Metaspace       used 96177K, committed 97088K, reserved 1179648K
  class space    used 13641K, committed 14080K, reserved 1048576K
}
Event: 153.335 GC heap before
{Heap before GC invocations=53 (full 0):
 garbage-first heap   total 253952K, used 187820K [0x0000000600000000, 0x0000000800000000)
  region size 4096K, 14 young (57344K), 2 survivors (8192K)
 Metaspace       used 101108K, committed 102016K, reserved 1179648K
  class space    used 14075K, committed 14528K, reserved 1048576K
}
Event: 153.346 GC heap after
{Heap after GC invocations=54 (full 0):
 garbage-first heap   total 253952K, used 142832K [0x0000000600000000, 0x0000000800000000)
  region size 4096K, 2 young (8192K), 2 survivors (8192K)
 Metaspace       used 101108K, committed 102016K, reserved 1179648K
  class space    used 14075K, committed 14528K, reserved 1048576K
}
Event: 155.394 GC heap before
{Heap before GC invocations=54 (full 0):
 garbage-first heap   total 253952K, used 196080K [0x0000000600000000, 0x0000000800000000)
  region size 4096K, 15 young (61440K), 2 survivors (8192K)
 Metaspace       used 107000K, committed 107968K, reserved 1179648K
  class space    used 14768K, committed 15232K, reserved 1048576K
}
Event: 155.406 GC heap after
{Heap after GC invocations=55 (full 0):
 garbage-first heap   total 253952K, used 145912K [0x0000000600000000, 0x0000000800000000)
  region size 4096K, 2 young (8192K), 2 survivors (8192K)
 Metaspace       used 107000K, committed 107968K, reserved 1179648K
  class space    used 14768K, committed 15232K, reserved 1048576K
}
Event: 157.031 GC heap before
{Heap before GC invocations=56 (full 0):
 garbage-first heap   total 262144K, used 199160K [0x0000000600000000, 0x0000000800000000)
  region size 4096K, 15 young (61440K), 2 survivors (8192K)
 Metaspace       used 110944K, committed 111872K, reserved 1179648K
  class space    used 15295K, committed 15744K, reserved 1048576K
}
Event: 157.039 GC heap after
{Heap after GC invocations=57 (full 0):
 garbage-first heap   total 262144K, used 148376K [0x0000000600000000, 0x0000000800000000)
  region size 4096K, 2 young (8192K), 2 survivors (8192K)
 Metaspace       used 110944K, committed 111872K, reserved 1179648K
  class space    used 15295K, committed 15744K, reserved 1048576K
}

Dll operation events (16 events):
Event: 0.261 Loaded shared library C:\Program Files\Eclipse Adoptium\jdk-17.0.13.11-hotspot\bin\java.dll
Event: 0.494 Loaded shared library C:\Program Files\Eclipse Adoptium\jdk-17.0.13.11-hotspot\bin\jsvml.dll
Event: 0.881 Loaded shared library C:\Program Files\Eclipse Adoptium\jdk-17.0.13.11-hotspot\bin\zip.dll
Event: 0.901 Loaded shared library C:\Program Files\Eclipse Adoptium\jdk-17.0.13.11-hotspot\bin\instrument.dll
Event: 0.948 Loaded shared library C:\Program Files\Eclipse Adoptium\jdk-17.0.13.11-hotspot\bin\net.dll
Event: 0.957 Loaded shared library C:\Program Files\Eclipse Adoptium\jdk-17.0.13.11-hotspot\bin\nio.dll
Event: 0.980 Loaded shared library C:\Program Files\Eclipse Adoptium\jdk-17.0.13.11-hotspot\bin\zip.dll
Event: 3.677 Loaded shared library C:\Program Files\Eclipse Adoptium\jdk-17.0.13.11-hotspot\bin\jimage.dll
Event: 5.881 Loaded shared library C:\Program Files\Eclipse Adoptium\jdk-17.0.13.11-hotspot\bin\verify.dll
Event: 6.487 Loaded shared library C:\Users\dawat\.gradle\native\1def1411415f61bf3af743bc5b6707747c0891f09f0c88961ee8f79bc544acac\windows-amd64\native-platform.dll
Event: 6.578 Loaded shared library C:\Users\dawat\.gradle\native\0.2.7\x86_64-windows-gnu\gradle-fileevents.dll
Event: 18.249 Loaded shared library C:\Program Files\Eclipse Adoptium\jdk-17.0.13.11-hotspot\bin\management.dll
Event: 18.265 Loaded shared library C:\Program Files\Eclipse Adoptium\jdk-17.0.13.11-hotspot\bin\management_ext.dll
Event: 20.896 Loaded shared library C:\Program Files\Eclipse Adoptium\jdk-17.0.13.11-hotspot\bin\extnet.dll
Event: 24.392 Loaded shared library C:\Program Files\Eclipse Adoptium\jdk-17.0.13.11-hotspot\bin\sunmscapi.dll
Event: 92.574 Loaded shared library C:\Program Files\Eclipse Adoptium\jdk-17.0.13.11-hotspot\bin\rmi.dll

Deoptimization events (20 events):
Event: 157.960 Thread 0x0000016a46196dc0 DEOPT PACKING pc=0x0000016981347aed sp=0x000000168f1f2a20
Event: 157.960 Thread 0x0000016a46196dc0 DEOPT UNPACKING pc=0x000001698fd87143 sp=0x000000168f1f1eb0 mode 0
Event: 157.964 Thread 0x0000016a46196dc0 DEOPT PACKING pc=0x0000016980ff6eeb sp=0x000000168f1f3190
Event: 157.964 Thread 0x0000016a46196dc0 DEOPT UNPACKING pc=0x000001698fd87143 sp=0x000000168f1f2698 mode 0
Event: 157.999 Thread 0x0000016a46196dc0 DEOPT PACKING pc=0x0000016980ff6eeb sp=0x000000168f1f3190
Event: 157.999 Thread 0x0000016a46196dc0 DEOPT UNPACKING pc=0x000001698fd87143 sp=0x000000168f1f2698 mode 0
Event: 158.003 Thread 0x0000016a46196dc0 DEOPT PACKING pc=0x0000016980ff6eeb sp=0x000000168f1f3190
Event: 158.003 Thread 0x0000016a46196dc0 DEOPT UNPACKING pc=0x000001698fd87143 sp=0x000000168f1f2698 mode 0
Event: 158.018 Thread 0x0000016a46196dc0 DEOPT PACKING pc=0x0000016981347aed sp=0x000000168f1f2a20
Event: 158.018 Thread 0x0000016a46196dc0 DEOPT UNPACKING pc=0x000001698fd87143 sp=0x000000168f1f1eb0 mode 0
Event: 158.026 Thread 0x0000016a46196dc0 Uncommon trap: trap_request=0xffffff45 fr.pc=0x0000016990a0148c relative=0x0000000000000fac
Event: 158.027 Thread 0x0000016a46196dc0 Uncommon trap: reason=unstable_if action=reinterpret pc=0x0000016990a0148c method=org.jetbrains.kotlin.metadata.ProtoBuf$Type.getSerializedSize()I @ 108 c2
Event: 158.027 Thread 0x0000016a46196dc0 DEOPT PACKING pc=0x0000016990a0148c sp=0x000000168f1f2b40
Event: 158.027 Thread 0x0000016a46196dc0 DEOPT UNPACKING pc=0x000001698fd869a3 sp=0x000000168f1f2b00 mode 2
Event: 158.027 Thread 0x0000016a46196dc0 Uncommon trap: trap_request=0xffffff45 fr.pc=0x0000016990876920 relative=0x0000000000001a60
Event: 158.027 Thread 0x0000016a46196dc0 Uncommon trap: reason=unstable_if action=reinterpret pc=0x0000016990876920 method=org.jetbrains.kotlin.metadata.ProtoBuf$Type.writeTo(Lorg/jetbrains/kotlin/protobuf/CodedOutputStream;)V @ 98 c2
Event: 158.027 Thread 0x0000016a46196dc0 DEOPT PACKING pc=0x0000016990876920 sp=0x000000168f1f2b60
Event: 158.027 Thread 0x0000016a46196dc0 DEOPT UNPACKING pc=0x000001698fd869a3 sp=0x000000168f1f2b48 mode 2
Event: 158.099 Thread 0x0000016a46196dc0 DEOPT PACKING pc=0x0000016981347aed sp=0x000000168f1f2a20
Event: 158.099 Thread 0x0000016a46196dc0 DEOPT UNPACKING pc=0x000001698fd87143 sp=0x000000168f1f1eb0 mode 0

Classes loaded (20 events):
Event: 149.109 Loading class java/beans/PropertyChangeSupport
Event: 149.109 Loading class java/beans/PropertyChangeSupport done
Event: 149.110 Loading class java/beans/PropertyChangeSupport$PropertyChangeListenerMap
Event: 149.110 Loading class java/beans/ChangeListenerMap
Event: 149.110 Loading class java/beans/ChangeListenerMap done
Event: 149.110 Loading class java/beans/PropertyChangeSupport$PropertyChangeListenerMap done
Event: 150.486 Loading class java/util/regex/Pattern$Bound
Event: 150.486 Loading class java/util/regex/Pattern$Bound done
Event: 154.834 Loading class java/text/StringCharacterIterator
Event: 154.835 Loading class java/text/CharacterIterator
Event: 154.835 Loading class java/text/CharacterIterator done
Event: 154.835 Loading class java/text/StringCharacterIterator done
Event: 156.243 Loading class java/util/EnumMap$EntrySet
Event: 156.244 Loading class java/util/EnumMap$EntrySet done
Event: 156.244 Loading class java/util/EnumMap$EntryIterator
Event: 156.244 Loading class java/util/EnumMap$EnumMapIterator
Event: 156.244 Loading class java/util/EnumMap$EnumMapIterator done
Event: 156.244 Loading class java/util/EnumMap$EntryIterator done
Event: 156.244 Loading class java/util/EnumMap$EntryIterator$Entry
Event: 156.244 Loading class java/util/EnumMap$EntryIterator$Entry done

Classes unloaded (0 events):
No events

Classes redefined (0 events):
No events

Internal exceptions (20 events):
Event: 147.421 Thread 0x0000016a46196dc0 Exception <a 'java/lang/NoSuchMethodError'{0x0000000608c26c58}: 'int java.lang.invoke.DelegatingMethodHandle$Holder.reinvoke_L(java.lang.Object, java.lang.Object, java.lang.Object, long, int)'> (0x0000000608c26c58) 
thrown [s\src\hotspot\share\interpreter\linkResolver.cpp, line 759]
Event: 147.424 Thread 0x0000016a46196dc0 Exception <a 'java/lang/NoSuchMethodError'{0x0000000608c41e18}: 'void java.lang.invoke.DelegatingMethodHandle$Holder.reinvoke_L(java.lang.Object, java.lang.Object, java.lang.Object, long, java.lang.Object, long, long)'> (0x0000000608c41e18) 
thrown [s\src\hotspot\share\interpreter\linkResolver.cpp, line 759]
Event: 147.424 Thread 0x0000016a46196dc0 Exception <a 'java/lang/NoSuchMethodError'{0x0000000608c4a1f8}: 'long java.lang.invoke.Invokers$Holder.invokeExact_MT(java.lang.Object, java.lang.Object, java.lang.Object)'> (0x0000000608c4a1f8) 
thrown [s\src\hotspot\share\interpreter\linkResolver.cpp, line 759]
Event: 147.425 Thread 0x0000016a46196dc0 Exception <a 'java/lang/NoSuchMethodError'{0x0000000608c4f3a0}: 'int java.lang.invoke.Invokers$Holder.invokeExact_MT(java.lang.Object, java.lang.Object, java.lang.Object)'> (0x0000000608c4f3a0) 
thrown [s\src\hotspot\share\interpreter\linkResolver.cpp, line 759]
Event: 148.318 Thread 0x0000016a46196dc0 Implicit null exception at 0x0000016990844b93 to 0x0000016990844cf0
Event: 148.355 Thread 0x0000016a46196dc0 Exception <a 'java/lang/NoSuchMethodError'{0x000000060acc1368}: 'java.lang.Object java.lang.invoke.DirectMethodHandle$Holder.invokeStatic(java.lang.Object, java.lang.Object, java.lang.Object, java.lang.Object, int, java.lang.Object)'> (0x000000060acc1368) 
thrown [s\src\hotspot\share\interpreter\linkResolver.cpp, line 759]
Event: 148.383 Thread 0x0000016a46196dc0 Exception <a 'java/lang/NoSuchMethodError'{0x000000060adbcf98}: 'java.lang.Object java.lang.invoke.Invokers$Holder.invoke_MT(java.lang.Object, java.lang.Object, java.lang.Object)'> (0x000000060adbcf98) 
thrown [s\src\hotspot\share\interpreter\linkResolver.cpp, line 759]
Event: 148.398 Thread 0x0000016a46196dc0 Exception <a 'sun/nio/fs/WindowsException'{0x000000060ae1b560}> (0x000000060ae1b560) 
thrown [s\src\hotspot\share\prims\jni.cpp, line 516]
Event: 149.027 Thread 0x0000016a46196dc0 Exception <a 'java/lang/NoSuchMethodError'{0x0000000608e26798}: 'java.lang.Object java.lang.invoke.Invokers$Holder.invokeExact_MT(java.lang.Object, java.lang.Object, long, java.lang.Object)'> (0x0000000608e26798) 
thrown [s\src\hotspot\share\interpreter\linkResolver.cpp, line 759]
Event: 149.031 Thread 0x0000016a46196dc0 Exception <a 'java/lang/NoSuchMethodError'{0x0000000608e3c8f8}: 'void java.lang.invoke.Invokers$Holder.invokeExact_MT(java.lang.Object, java.lang.Object, long, java.lang.Object, java.lang.Object)'> (0x0000000608e3c8f8) 
thrown [s\src\hotspot\share\interpreter\linkResolver.cpp, line 759]
Event: 149.883 Thread 0x0000016a46196dc0 Implicit null exception at 0x0000016990a0c980 to 0x0000016990a0ec3c
Event: 150.423 Thread 0x0000016a46196dc0 Exception <a 'sun/nio/fs/WindowsException'{0x000000060aa8e178}> (0x000000060aa8e178) 
thrown [s\src\hotspot\share\prims\jni.cpp, line 516]
Event: 156.004 Thread 0x0000016a46196dc0 Exception <a 'java/lang/NoSuchMethodError'{0x000000060fb1d9f0}: 'java.lang.Object java.lang.invoke.DirectMethodHandle$Holder.invokeStatic(java.lang.Object, java.lang.Object, java.lang.Object, java.lang.Object, int)'> (0x000000060fb1d9f0) 
thrown [s\src\hotspot\share\interpreter\linkResolver.cpp, line 759]
Event: 156.347 Thread 0x0000016a46196dc0 Exception <a 'java/lang/NoSuchMethodError'{0x000000060ef20d08}: 'java.lang.Object java.lang.invoke.DirectMethodHandle$Holder.invokeStatic(java.lang.Object, java.lang.Object, java.lang.Object, java.lang.Object, java.lang.Object, int, java.lang.Object)'> (0x000000060ef20d08) 
thrown [s\src\hotspot\share\interpreter\linkResolver.cpp, line 759]
Event: 156.348 Thread 0x0000016a46196dc0 Exception <a 'java/lang/NoSuchMethodError'{0x000000060ef2bfd0}: 'java.lang.Object java.lang.invoke.DirectMethodHandle$Holder.newInvokeSpecial(java.lang.Object, java.lang.Object, java.lang.Object, java.lang.Object, java.lang.Object, int, java.lang.Object)'> (0x000000060ef2bfd0) 
thrown [s\src\hotspot\share\interpreter\linkResolver.cpp, line 759]
Event: 156.350 Thread 0x0000016a46196dc0 Exception <a 'java/lang/NoSuchMethodError'{0x000000060ef36428}: 'java.lang.Object java.lang.invoke.Invokers$Holder.linkToTargetMethod(java.lang.Object, java.lang.Object, java.lang.Object, java.lang.Object, int, java.lang.Object, java.lang.Object)'> (0x000000060ef36428) 
thrown [s\src\hotspot\share\interpreter\linkResolver.cpp, line 759]
Event: 156.661 Thread 0x0000016a46196dc0 Exception <a 'java/lang/NoSuchMethodError'{0x000000060d0573f0}: 'java.lang.Object java.lang.invoke.DirectMethodHandle$Holder.invokeStatic(java.lang.Object, java.lang.Object, java.lang.Object, java.lang.Object, int, java.lang.Object, java.lang.Object)'> (0x000000060d0573f0) 
thrown [s\src\hotspot\share\interpreter\linkResolver.cpp, line 759]
Event: 158.563 Thread 0x0000016a46196dc0 Exception <a 'java/lang/NoSuchMethodError'{0x000000060d04e400}: 'java.lang.Object java.lang.invoke.DirectMethodHandle$Holder.invokeStatic(java.lang.Object, int, java.lang.Object, java.lang.Object, java.lang.Object, java.lang.Object, java.lang.Object, java.lang.Object)'> (0x000000060d04e400) 
thrown [s\src\hotspot\share\interpreter\linkResolver.cpp, line 759]
Event: 158.564 Thread 0x0000016a46196dc0 Exception <a 'java/lang/NoSuchMethodError'{0x000000060d05af50}: 'java.lang.Object java.lang.invoke.DirectMethodHandle$Holder.newInvokeSpecial(java.lang.Object, int, java.lang.Object, java.lang.Object, java.lang.Object, java.lang.Object, java.lang.Object)'> (0x000000060d05af50) 
thrown [s\src\hotspot\share\interpreter\linkResolver.cpp, line 759]
Event: 158.565 Thread 0x0000016a46196dc0 Exception <a 'java/lang/NoSuchMethodError'{0x000000060d0615a0}: 'java.lang.Object java.lang.invoke.DirectMethodHandle$Holder.invokeSpecial(java.lang.Object, java.lang.Object, int, java.lang.Object, java.lang.Object, java.lang.Object, java.lang.Object, java.lang.Object)'> (0x000000060d0615a0) 
thrown [s\src\hotspot\share\interpreter\linkResolver.cpp, line 759]

VM Operations (20 events):
Event: 154.667 Executing VM operation: HandshakeAllThreads
Event: 154.667 Executing VM operation: HandshakeAllThreads done
Event: 154.979 Executing VM operation: HandshakeAllThreads
Event: 154.980 Executing VM operation: HandshakeAllThreads done
Event: 155.394 Executing VM operation: G1CollectForAllocation
Event: 155.406 Executing VM operation: G1CollectForAllocation done
Event: 155.606 Executing VM operation: G1PauseRemark
Event: 155.617 Executing VM operation: G1PauseRemark done
Event: 155.696 Executing VM operation: G1PauseCleanup
Event: 155.696 Executing VM operation: G1PauseCleanup done
Event: 155.753 Executing VM operation: HandshakeAllThreads
Event: 155.753 Executing VM operation: HandshakeAllThreads done
Event: 156.136 Executing VM operation: HandshakeAllThreads
Event: 156.136 Executing VM operation: HandshakeAllThreads done
Event: 156.910 Executing VM operation: ICBufferFull
Event: 156.911 Executing VM operation: ICBufferFull done
Event: 157.031 Executing VM operation: G1CollectForAllocation
Event: 157.039 Executing VM operation: G1CollectForAllocation done
Event: 158.040 Executing VM operation: Cleanup
Event: 158.041 Executing VM operation: Cleanup done

Memory protections (0 events):
No events

Nmethod flushes (20 events):
Event: 154.220 Thread 0x0000016a441ae250 flushing osr nmethod 0x00000169813ac490
Event: 154.220 Thread 0x0000016a441ae250 flushing  nmethod 0x00000169813ae290
Event: 154.220 Thread 0x0000016a441ae250 flushing  nmethod 0x00000169813afe10
Event: 154.220 Thread 0x0000016a441ae250 flushing  nmethod 0x00000169813b2810
Event: 154.220 Thread 0x0000016a441ae250 flushing  nmethod 0x00000169813b2d90
Event: 154.221 Thread 0x0000016a441ae250 flushing  nmethod 0x00000169813e3c10
Event: 154.221 Thread 0x0000016a441ae250 flushing  nmethod 0x00000169813e4690
Event: 154.221 Thread 0x0000016a441ae250 flushing  nmethod 0x00000169813e5190
Event: 154.221 Thread 0x0000016a441ae250 flushing  nmethod 0x00000169813e5590
Event: 154.221 Thread 0x0000016a441ae250 flushing  nmethod 0x00000169813e5d10
Event: 154.221 Thread 0x0000016a441ae250 flushing  nmethod 0x00000169813e6190
Event: 154.221 Thread 0x0000016a441ae250 flushing  nmethod 0x00000169813e6a10
Event: 154.221 Thread 0x0000016a441ae250 flushing  nmethod 0x00000169813e6e10
Event: 154.221 Thread 0x0000016a441ae250 flushing  nmethod 0x00000169813e9e90
Event: 154.221 Thread 0x0000016a441ae250 flushing  nmethod 0x00000169813ea290
Event: 154.221 Thread 0x0000016a441ae250 flushing  nmethod 0x00000169813edd10
Event: 154.221 Thread 0x0000016a441ae250 flushing  nmethod 0x00000169813ef310
Event: 154.221 Thread 0x0000016a441ae250 flushing  nmethod 0x00000169813f2790
Event: 154.221 Thread 0x0000016a441ae250 flushing  nmethod 0x00000169813f5790
Event: 154.221 Thread 0x0000016a441ae250 flushing  nmethod 0x000001698142c590

Events (20 events):
Event: 145.214 Thread 0x0000016a4ba6f0a0 Thread exited: 0x0000016a4ba6f0a0
Event: 145.214 Thread 0x0000016a4ac66ea0 Thread exited: 0x0000016a4ac66ea0
Event: 146.600 Thread 0x0000016a441991d0 Thread added: 0x0000016a4ba6f0a0
Event: 146.754 Thread 0x0000016a4ba6f0a0 Thread exited: 0x0000016a4ba6f0a0
Event: 148.502 Thread 0x0000016a441991d0 Thread added: 0x0000016a481d7850
Event: 149.000 Thread 0x0000016a481d7850 Thread exited: 0x0000016a481d7850
Event: 149.219 Thread 0x0000016a4411fb20 Thread added: 0x0000016a489e99d0
Event: 149.219 Thread 0x0000016a4411fb20 Thread added: 0x0000016a48d01ab0
Event: 151.005 Thread 0x0000016a48d01ab0 Thread exited: 0x0000016a48d01ab0
Event: 151.170 Thread 0x0000016a489e99d0 Thread exited: 0x0000016a489e99d0
Event: 154.410 Thread 0x0000016a441991d0 Thread added: 0x0000016a4779b0e0
Event: 155.037 Thread 0x0000016a4779b0e0 Thread exited: 0x0000016a4779b0e0
Event: 155.193 Thread 0x0000016a441991d0 Thread added: 0x0000016a4779b0e0
Event: 155.380 Thread 0x0000016a4779b0e0 Thread exited: 0x0000016a4779b0e0
Event: 156.057 Thread 0x0000016a441991d0 Thread added: 0x0000016a4779c620
Event: 156.499 Thread 0x0000016a441991d0 Thread added: 0x0000016a4779c0d0
Event: 157.714 Thread 0x0000016a4779c0d0 Thread exited: 0x0000016a4779c0d0
Event: 157.726 Thread 0x0000016a4779c620 Thread exited: 0x0000016a4779c620
Event: 157.882 Thread 0x0000016a4411fb20 Thread added: 0x0000016a4779d610
Event: 157.949 Thread 0x0000016a4779d610 Thread added: 0x0000016a4779bb80


Dynamic libraries:
0x00007ff7fc950000 - 0x00007ff7fc95e000 	C:\Program Files\Eclipse Adoptium\jdk-17.0.13.11-hotspot\bin\java.exe
0x00007ffb887a0000 - 0x00007ffb88a08000 	C:\WINDOWS\SYSTEM32\ntdll.dll
0x00007ffb55c60000 - 0x00007ffb55c80000 	C:\Program Files\Avast Software\Avast\aswhook.dll
0x00007ffb86b90000 - 0x00007ffb86c59000 	C:\WINDOWS\System32\KERNEL32.DLL
0x00007ffb858f0000 - 0x00007ffb85ce8000 	C:\WINDOWS\System32\KERNELBASE.dll
0x00007ffb85fa0000 - 0x00007ffb860eb000 	C:\WINDOWS\System32\ucrtbase.dll
0x00007ffb6f7d0000 - 0x00007ffb6f7e7000 	C:\Program Files\Eclipse Adoptium\jdk-17.0.13.11-hotspot\bin\jli.dll
0x00007ffb77e40000 - 0x00007ffb77e5e000 	C:\Program Files\Eclipse Adoptium\jdk-17.0.13.11-hotspot\bin\VCRUNTIME140.dll
0x00007ffb5df10000 - 0x00007ffb5e1a4000 	C:\WINDOWS\WinSxS\amd64_microsoft.windows.common-controls_6595b64144ccf1df_6.0.26100.7019_none_3e06ffa0e335b8a8\COMCTL32.dll
0x00007ffb87970000 - 0x00007ffb87b37000 	C:\WINDOWS\System32\USER32.dll
0x00007ffb86d80000 - 0x00007ffb86e29000 	C:\WINDOWS\System32\msvcrt.dll
0x00007ffb86180000 - 0x00007ffb861a7000 	C:\WINDOWS\System32\win32u.dll
0x00007ffb883a0000 - 0x00007ffb883cb000 	C:\WINDOWS\System32\GDI32.dll
0x00007ffb85cf0000 - 0x00007ffb85e1c000 	C:\WINDOWS\System32\gdi32full.dll
0x00007ffb861b0000 - 0x00007ffb86253000 	C:\WINDOWS\System32\msvcp_win.dll
0x00007ffb867f0000 - 0x00007ffb86821000 	C:\WINDOWS\System32\IMM32.DLL
0x00007ffb73d40000 - 0x00007ffb73d4c000 	C:\Program Files\Eclipse Adoptium\jdk-17.0.13.11-hotspot\bin\vcruntime140_1.dll
0x00007ffb24f30000 - 0x00007ffb24fbd000 	C:\Program Files\Eclipse Adoptium\jdk-17.0.13.11-hotspot\bin\msvcp140.dll
0x00007ffafbf70000 - 0x00007ffafcbdb000 	C:\Program Files\Eclipse Adoptium\jdk-17.0.13.11-hotspot\bin\server\jvm.dll
0x00007ffb88420000 - 0x00007ffb884d4000 	C:\WINDOWS\System32\ADVAPI32.dll
0x00007ffb866c0000 - 0x00007ffb86766000 	C:\WINDOWS\System32\sechost.dll
0x00007ffb86c60000 - 0x00007ffb86d78000 	C:\WINDOWS\System32\RPCRT4.dll
0x00007ffb86640000 - 0x00007ffb866b4000 	C:\WINDOWS\System32\WS2_32.dll
0x00007ffb85750000 - 0x00007ffb857ae000 	C:\WINDOWS\SYSTEM32\POWRPROF.dll
0x00007ffb6f470000 - 0x00007ffb6f4a5000 	C:\WINDOWS\SYSTEM32\WINMM.dll
0x00007ffb79f40000 - 0x00007ffb79f4b000 	C:\WINDOWS\SYSTEM32\VERSION.dll
0x00007ffb85730000 - 0x00007ffb85744000 	C:\WINDOWS\SYSTEM32\UMPDC.dll
0x00007ffb84670000 - 0x00007ffb8468b000 	C:\WINDOWS\SYSTEM32\kernel.appcore.dll
0x00007ffb6f870000 - 0x00007ffb6f87a000 	C:\Program Files\Eclipse Adoptium\jdk-17.0.13.11-hotspot\bin\jimage.dll
0x00007ffb803c0000 - 0x00007ffb80602000 	C:\WINDOWS\SYSTEM32\DBGHELP.DLL
0x00007ffb87110000 - 0x00007ffb8749b000 	C:\WINDOWS\System32\combase.dll
0x00007ffb86ab0000 - 0x00007ffb86b87000 	C:\WINDOWS\System32\OLEAUT32.dll
0x00007ffb766b0000 - 0x00007ffb766ec000 	C:\WINDOWS\SYSTEM32\dbgcore.DLL
0x00007ffb86490000 - 0x00007ffb86535000 	C:\WINDOWS\System32\bcryptPrimitives.dll
0x00007ffb7fa20000 - 0x00007ffb7fa2e000 	C:\Program Files\Eclipse Adoptium\jdk-17.0.13.11-hotspot\bin\instrument.dll
0x00007ffb50710000 - 0x00007ffb50735000 	C:\Program Files\Eclipse Adoptium\jdk-17.0.13.11-hotspot\bin\java.dll
0x00007ffb17330000 - 0x00007ffb17407000 	C:\Program Files\Eclipse Adoptium\jdk-17.0.13.11-hotspot\bin\jsvml.dll
0x00007ffb87b40000 - 0x00007ffb8828f000 	C:\WINDOWS\System32\SHELL32.dll
0x00007ffb86260000 - 0x00007ffb863cb000 	C:\WINDOWS\System32\wintypes.dll
0x00007ffb834f0000 - 0x00007ffb83d4d000 	C:\WINDOWS\SYSTEM32\windows.storage.dll
0x00007ffb882a0000 - 0x00007ffb88392000 	C:\WINDOWS\System32\SHCORE.dll
0x00007ffb86540000 - 0x00007ffb865a7000 	C:\WINDOWS\System32\shlwapi.dll
0x00007ffb85810000 - 0x00007ffb85839000 	C:\WINDOWS\SYSTEM32\profapi.dll
0x00007ffb6d780000 - 0x00007ffb6d798000 	C:\Program Files\Eclipse Adoptium\jdk-17.0.13.11-hotspot\bin\zip.dll
0x00007ffb59c10000 - 0x00007ffb59c29000 	C:\Program Files\Eclipse Adoptium\jdk-17.0.13.11-hotspot\bin\net.dll
0x00007ffb79dc0000 - 0x00007ffb79ee8000 	C:\WINDOWS\SYSTEM32\WINHTTP.dll
0x00007ffb84bc0000 - 0x00007ffb84c2b000 	C:\WINDOWS\system32\mswsock.dll
0x00007ffb50aa0000 - 0x00007ffb50ab6000 	C:\Program Files\Eclipse Adoptium\jdk-17.0.13.11-hotspot\bin\nio.dll
0x00007ffb6f4c0000 - 0x00007ffb6f4d0000 	C:\Program Files\Eclipse Adoptium\jdk-17.0.13.11-hotspot\bin\verify.dll
0x00007ffb40520000 - 0x00007ffb40547000 	C:\Users\dawat\.gradle\native\1def1411415f61bf3af743bc5b6707747c0891f09f0c88961ee8f79bc544acac\windows-amd64\native-platform.dll
0x00007ffb36470000 - 0x00007ffb364e8000 	C:\Users\dawat\.gradle\native\0.2.7\x86_64-windows-gnu\gradle-fileevents.dll
0x00007ffb82790000 - 0x00007ffb8279a000 	C:\Program Files\Eclipse Adoptium\jdk-17.0.13.11-hotspot\bin\management.dll
0x00007ffb82780000 - 0x00007ffb8278b000 	C:\Program Files\Eclipse Adoptium\jdk-17.0.13.11-hotspot\bin\management_ext.dll
0x00007ffb884e0000 - 0x00007ffb884e8000 	C:\WINDOWS\System32\PSAPI.DLL
0x00007ffb84110000 - 0x00007ffb84144000 	C:\WINDOWS\SYSTEM32\IPHLPAPI.DLL
0x00007ffb86a10000 - 0x00007ffb86a1a000 	C:\WINDOWS\System32\NSI.dll
0x00007ffb79f80000 - 0x00007ffb79f9e000 	C:\WINDOWS\SYSTEM32\dhcpcsvc6.DLL
0x00007ffb79f50000 - 0x00007ffb79f73000 	C:\WINDOWS\SYSTEM32\dhcpcsvc.DLL
0x00007ffb841f0000 - 0x00007ffb8431c000 	C:\WINDOWS\SYSTEM32\DNSAPI.dll
0x00007ffb7fa30000 - 0x00007ffb7fa39000 	C:\Program Files\Eclipse Adoptium\jdk-17.0.13.11-hotspot\bin\extnet.dll
0x00007ffb84fb0000 - 0x00007ffb84fcb000 	C:\WINDOWS\SYSTEM32\CRYPTSP.dll
0x00007ffb845d0000 - 0x00007ffb8460a000 	C:\WINDOWS\system32\rsaenh.dll
0x00007ffb84c70000 - 0x00007ffb84c9b000 	C:\WINDOWS\SYSTEM32\USERENV.dll
0x00007ffb857e0000 - 0x00007ffb8580a000 	C:\WINDOWS\SYSTEM32\bcrypt.dll
0x00007ffb84e10000 - 0x00007ffb84e1c000 	C:\WINDOWS\SYSTEM32\CRYPTBASE.dll
0x00007ffb7f7c0000 - 0x00007ffb7f7ce000 	C:\Program Files\Eclipse Adoptium\jdk-17.0.13.11-hotspot\bin\sunmscapi.dll
0x00007ffb85e20000 - 0x00007ffb85f97000 	C:\WINDOWS\System32\CRYPT32.dll
0x00007ffb85100000 - 0x00007ffb85130000 	C:\WINDOWS\SYSTEM32\ncrypt.dll
0x00007ffb850b0000 - 0x00007ffb850ef000 	C:\WINDOWS\SYSTEM32\NTASN1.dll
0x00007ffb79900000 - 0x00007ffb79908000 	C:\WINDOWS\system32\wshunix.dll
0x00007ffb5f260000 - 0x00007ffb5f278000 	C:\WINDOWS\system32\napinsp.dll
0x00007ffb5f240000 - 0x00007ffb5f252000 	C:\WINDOWS\System32\winrnr.dll
0x00007ffb5f1d0000 - 0x00007ffb5f1f2000 	C:\WINDOWS\system32\nlansp_c.dll
0x00007ffb5f610000 - 0x00007ffb5f626000 	C:\WINDOWS\system32\wshbth.dll
0x00007ffb6da80000 - 0x00007ffb6da8b000 	C:\Windows\System32\rasadhlp.dll
0x00007ffb79210000 - 0x00007ffb79296000 	C:\WINDOWS\System32\fwpuclnt.dll
0x00007ffb6f4d0000 - 0x00007ffb6f4d7000 	C:\Program Files\Eclipse Adoptium\jdk-17.0.13.11-hotspot\bin\rmi.dll

dbghelp: loaded successfully - version: 4.0.5 - missing functions: none
symbol engine: initialized successfully - sym options: 0x614 - pdb path: .;C:\Program Files\Eclipse Adoptium\jdk-17.0.13.11-hotspot\bin;C:\WINDOWS\SYSTEM32;C:\Program Files\Avast Software\Avast;C:\WINDOWS\WinSxS\amd64_microsoft.windows.common-controls_6595b64144ccf1df_6.0.26100.7019_none_3e06ffa0e335b8a8;C:\Program Files\Eclipse Adoptium\jdk-17.0.13.11-hotspot\bin\server;C:\Users\dawat\.gradle\native\1def1411415f61bf3af743bc5b6707747c0891f09f0c88961ee8f79bc544acac\windows-amd64;C:\Users\dawat\.gradle\native\0.2.7\x86_64-windows-gnu

VM Arguments:
jvm_args: --add-opens=java.base/java.lang=ALL-UNNAMED --add-opens=java.base/java.lang.invoke=ALL-UNNAMED --add-opens=java.base/java.util=ALL-UNNAMED --add-opens=java.prefs/java.util.prefs=ALL-UNNAMED --add-exports=jdk.compiler/com.sun.tools.javac.api=ALL-UNNAMED --add-exports=jdk.compiler/com.sun.tools.javac.util=ALL-UNNAMED --add-opens=java.base/java.util=ALL-UNNAMED --add-opens=java.prefs/java.util.prefs=ALL-UNNAMED --add-opens=java.base/java.nio.charset=ALL-UNNAMED --add-opens=java.base/java.net=ALL-UNNAMED --add-opens=java.base/java.util.concurrent.atomic=ALL-UNNAMED --add-opens=java.xml/javax.xml.namespace=ALL-UNNAMED -XX:MaxMetaspaceSize=4G -XX:ReservedCodeCacheSize=512m -XX:+HeapDumpOnOutOfMemoryError -Xmx8G -Dfile.encoding=UTF-8 -Duser.country=US -Duser.language=en -Duser.variant -javaagent:C:\Users\dawat\.gradle\wrapper\dists\gradle-8.14-all\c2qonpi39x1mddn7hk5gh9iqj\gradle-8.14\lib\agents\gradle-instrumentation-agent-8.14.jar 
java_command: org.gradle.launcher.daemon.bootstrap.GradleDaemon 8.14
java_class_path (initial): C:\Users\dawat\.gradle\wrapper\dists\gradle-8.14-all\c2qonpi39x1mddn7hk5gh9iqj\gradle-8.14\lib\gradle-daemon-main-8.14.jar
Launcher Type: SUN_STANDARD

[Global flags]
     intx CICompilerCount                          = 4                                         {product} {ergonomic}
     uint ConcGCThreads                            = 2                                         {product} {ergonomic}
     uint G1ConcRefinementThreads                  = 8                                         {product} {ergonomic}
   size_t G1HeapRegionSize                         = 4194304                                   {product} {ergonomic}
    uintx GCDrainStackTargetSize                   = 64                                        {product} {ergonomic}
     bool HeapDumpOnOutOfMemoryError               = true                                   {manageable} {command line}
   size_t InitialHeapSize                          = 268435456                                 {product} {ergonomic}
   size_t MarkStackSize                            = 4194304                                   {product} {ergonomic}
   size_t MaxHeapSize                              = 8589934592                                {product} {command line}
   size_t MaxMetaspaceSize                         = 4294967296                                {product} {command line}
   size_t MaxNewSize                               = 5150605312                                {product} {ergonomic}
   size_t MinHeapDeltaBytes                        = 4194304                                   {product} {ergonomic}
   size_t MinHeapSize                              = 8388608                                   {product} {ergonomic}
    uintx NonNMethodCodeHeapSize                   = 5839372                                {pd product} {ergonomic}
    uintx NonProfiledCodeHeapSize                  = 265515770                              {pd product} {ergonomic}
    uintx ProfiledCodeHeapSize                     = 265515770                              {pd product} {ergonomic}
    uintx ReservedCodeCacheSize                    = 536870912                              {pd product} {command line}
     bool SegmentedCodeCache                       = true                                      {product} {ergonomic}
   size_t SoftMaxHeapSize                          = 8589934592                             {manageable} {ergonomic}
   double SweeperThreshold                         = 0.234375                                  {product} {ergonomic}
     bool UseCompressedClassPointers               = true                           {product lp64_product} {ergonomic}
     bool UseCompressedOops                        = true                           {product lp64_product} {ergonomic}
     bool UseG1GC                                  = true                                      {product} {ergonomic}
     bool UseLargePagesIndividualAllocation        = false                                  {pd product} {ergonomic}

Logging:
Log output configuration:
 #0: stdout all=warning uptime,level,tags
 #1: stderr all=off uptime,level,tags

Environment Variables:
JAVA_HOME=C:\Program Files\Eclipse Adoptium\jdk-17.0.13.11-hotspot\
PATH=C:\Program Files\Common Files\Oracle\Java\javapath;C:\Program Files\Eclipse Adoptium\jdk-17.0.13.11-hotspot\bin;C:\WINDOWS\system32;C:\WINDOWS;C:\WINDOWS\System32\Wbem;C:\WINDOWS\System32\WindowsPowerShell\v1.0\;C:\WINDOWS\System32\OpenSSH\;C:\Program Files\Git\cmd;C:\Program Files\dotnet\;C:\Users\dawat\AppData\Local\nvm;C:\nvm4w\nodejs;c:\Users\dawat\AppData\Local\Programs\cursor\resources\app\codeBin;C:\Users\dawat\AppData\Local\Programs\Python\Python314\Scripts\;C:\Users\dawat\AppData\Local\Programs\Python\Python314\;C:\Users\dawat\AppData\Local\Programs\Python\Launcher\;C:\Users\dawat\AppData\Local\Microsoft\WindowsApps;C:\msys64\ucrt64\bin;C:\Users\dawat\AppData\Local\GitHubDesktop\bin;C:\MinGW\bin;C:\Users\dawat\AppData\Local\Programs\Microsoft VS Code\bin;C:\Program Files\JetBrains\IntelliJ IDEA 2024.3\bin;;C:\Program Files\Git\bin\git.exe;C:\Users\dawat\AppData\Roaming\npm;C:\Users\dawat\AppData\Local\Muse Hub\lib;C:\src\flutter\bin;C:\Users\dawat\AppData\Local\Android\Sdk\cmdline-tools\latest\bin;C:\Users\dawat\AppData\Local\Android\Sdk\platform-tools;C:\Exercism;C:\Users\dawat\AppData\Local\nvm;C:\nvm4w\nodejs;C:\GnuWin32\bin;C:\Dev-Cpp\bin;C:\Users\dawat\AppData\Local\Pub\Cache\bin;C:\Users\dawat\AppData\Roaming\npm;C:\Users\dawat\AppData\Local\Programs\cursor\resources\app\bin
USERNAME=dawat
OS=Windows_NT
PROCESSOR_IDENTIFIER=Intel64 Family 6 Model 142 Stepping 12, GenuineIntel
TMP=C:\Users\dawat\AppData\Local\Temp
TEMP=C:\Users\dawat\AppData\Local\Temp



Periodic native trim disabled


---------------  S Y S T E M  ---------------

OS:
 Windows 11 , 64 bit Build 26100 (10.0.26100.7019)
OS uptime: 0 days 1:54 hours
Hyper-V role detected

CPU: total 8 (initial active 8) (4 cores per cpu, 2 threads per core) family 6 model 142 stepping 12 microcode 0x100, cx8, cmov, fxsr, ht, mmx, 3dnowpref, sse, sse2, sse3, ssse3, sse4.1, sse4.2, popcnt, lzcnt, tsc, tscinvbit, avx, avx2, aes, erms, clmul, bmi1, bmi2, adx, fma, vzeroupper, clflush, clflushopt, hv
Processor Information for all 8 processors :
  Max Mhz: 1896, Current Mhz: 1596, Mhz Limit: 1592

Memory: 4k page, system-wide physical 16190M (1193M free)
TotalPageFile size 19109M (AvailPageFile size 25M)
current process WorkingSet (physical memory assigned to process): 563M, peak: 565M
current process commit charge ("private bytes"): 613M, peak: 614M

vm_info: OpenJDK 64-Bit Server VM (17.0.13+11) for windows-amd64 JRE (17.0.13+11), built on Oct 16 2024 00:10:08 by "admin" with MS VC++ 17.7 (VS2022)

END.
