#
# There is insufficient memory for the Java Runtime Environment to continue.
# Native memory allocation (malloc) failed to allocate 1177536 bytes. Error detail: Chunk::new
# Possible reasons:
#   The system is out of physical RAM or swap space
#   This process is running with CompressedOops enabled, and the Java Heap may be blocking the growth of the native heap
# Possible solutions:
#   Reduce memory load on the system
#   Increase physical memory or swap space
#   Check if swap backing store is full
#   Decrease Java heap size (-Xmx/-Xms)
#   Decrease number of Java threads
#   Decrease Java thread stack sizes (-Xss)
#   Set larger code cache with -XX:ReservedCodeCacheSize=
#   JVM is running with Zero Based Compressed Oops mode in which the Java heap is
#     placed in the first 32GB address space. The Java Heap base address is the
#     maximum limit for the native heap growth. Please use -XX:HeapBaseMinAddress
#     to set the Java Heap base and to place the Java Heap above 32GB virtual address.
# This output file may be truncated or incomplete.
#
#  Out of Memory Error (arena.cpp:191), pid=17760, tid=15416
#
# JRE version: OpenJDK Runtime Environment Temurin-17.0.13+11 (17.0.13+11) (build 17.0.13+11)
# Java VM: OpenJDK 64-Bit Server VM Temurin-17.0.13+11 (17.0.13+11, mixed mode, sharing, tiered, compressed oops, compressed class ptrs, g1 gc, windows-amd64)
# No core dump will be written. Minidumps are not enabled by default on client versions of Windows
#

---------------  S U M M A R Y ------------

Command Line: --add-opens=java.base/java.lang=ALL-UNNAMED --add-opens=java.base/java.lang.invoke=ALL-UNNAMED --add-opens=java.base/java.util=ALL-UNNAMED --add-opens=java.prefs/java.util.prefs=ALL-UNNAMED --add-exports=jdk.compiler/com.sun.tools.javac.api=ALL-UNNAMED --add-exports=jdk.compiler/com.sun.tools.javac.util=ALL-UNNAMED --add-opens=java.base/java.util=ALL-UNNAMED --add-opens=java.prefs/java.util.prefs=ALL-UNNAMED --add-opens=java.base/java.nio.charset=ALL-UNNAMED --add-opens=java.base/java.net=ALL-UNNAMED --add-opens=java.base/java.util.concurrent.atomic=ALL-UNNAMED --add-opens=java.xml/javax.xml.namespace=ALL-UNNAMED -XX:MaxMetaspaceSize=4G -XX:ReservedCodeCacheSize=512m -XX:+HeapDumpOnOutOfMemoryError -Xmx8G -Dfile.encoding=UTF-8 -Duser.country=US -Duser.language=en -Duser.variant -javaagent:C:\Users\dawat\.gradle\wrapper\dists\gradle-8.14-all\c2qonpi39x1mddn7hk5gh9iqj\gradle-8.14\lib\agents\gradle-instrumentation-agent-8.14.jar org.gradle.launcher.daemon.bootstrap.GradleDaemon 8.14

Host: Intel(R) Core(TM) i5-8365U CPU @ 1.60GHz, 8 cores, 15G,  Windows 11 , 64 bit Build 26100 (10.0.26100.7019)
Time: Sat Jan 17 00:59:54 2026 E. Africa Standard Time elapsed time: 42.316085 seconds (0d 0h 0m 42s)

---------------  T H R E A D  ---------------

Current thread (0x000002404b804760):  JavaThread "C2 CompilerThread2" daemon [_thread_in_native, id=15416, stack(0x000000ba81500000,0x000000ba81600000)]


Current CompileTask:
C2:  42316 10927       4       org.jetbrains.kotlin.com.intellij.openapi.vfs.impl.ArchiveHandler::processEntry (225 bytes)

Stack: [0x000000ba81500000,0x000000ba81600000]
Native frames: (J=compiled Java code, j=interpreted, Vv=VM code, C=native code)
V  [jvm.dll+0x682a19]
V  [jvm.dll+0x839538]
V  [jvm.dll+0x83afe3]
V  [jvm.dll+0x83b653]
V  [jvm.dll+0x24704f]
V  [jvm.dll+0xace34]
V  [jvm.dll+0xad4cc]
V  [jvm.dll+0x2ac84f]
V  [jvm.dll+0x588a79]
V  [jvm.dll+0x220ea2]
V  [jvm.dll+0x22129f]
V  [jvm.dll+0x21a2b0]
V  [jvm.dll+0x21738b]
V  [jvm.dll+0x1a3070]
V  [jvm.dll+0x22788c]
V  [jvm.dll+0x2259eb]
V  [jvm.dll+0x7eec98]
V  [jvm.dll+0x7e8ffc]
V  [jvm.dll+0x6818f7]
C  [ucrtbase.dll+0x37b0]
C  [KERNEL32.DLL+0x2e8d7]
C  [ntdll.dll+0x8c53c]


---------------  P R O C E S S  ---------------

Threads class SMR info:
_java_thread_list=0x000002404c5101e0, length=120, elements={
0x0000023ffb933780, 0x0000023fb8c77160, 0x0000023fb8c787a0, 0x000002404500d3b0,
0x000002404500dc80, 0x000002404500f0c0, 0x0000024045013520, 0x000002404501ad10,
0x00000240450241a0, 0x0000024045024ea0, 0x0000023fb8c60670, 0x00000240452c0410,
0x0000024047292470, 0x0000024045b82710, 0x0000024045ea8210, 0x00000240461cb0c0,
0x000002404642c540, 0x0000024046363810, 0x0000024046363d20, 0x0000024046366ab0,
0x0000024046365160, 0x0000024046364c50, 0x0000024046364740, 0x0000024046366fc0,
0x00000240463665a0, 0x0000024049b6b910, 0x0000024049b69090, 0x0000024049b6aef0,
0x0000024049b6cd50, 0x0000024049b6b400, 0x0000024049b695a0, 0x0000024049b69fc0,
0x0000024049b6c840, 0x0000024049b6a4d0, 0x0000024049b6d260, 0x0000024049b6dc80,
0x0000024049b6ebb0, 0x0000024049b6d770, 0x0000024049b6f0c0, 0x0000024049b6fae0,
0x0000024049b70a10, 0x0000024048c480b0, 0x0000024048c485c0, 0x0000024048c47690,
0x0000024048c48ad0, 0x0000024048c494f0, 0x0000024048c47180, 0x0000024048c49a00,
0x0000024048c46c70, 0x0000024048c49f10, 0x0000024048c4a420, 0x0000024048c48fe0,
0x0000024048c47ba0, 0x0000024049b6fff0, 0x00000240497ff050, 0x00000240497fd700,
0x00000240497fdc10, 0x00000240497fd1f0, 0x00000240497fcce0, 0x00000240497fe120,
0x00000240497fe630, 0x00000240497feb40, 0x00000240497ff560, 0x00000240497ffa70,
0x00000240497fff80, 0x0000024049803220, 0x0000024049800490, 0x0000024049804150,
0x00000240498013c0, 0x00000240498018d0, 0x0000024049801de0, 0x0000024049802800,
0x00000240498009a0, 0x0000024049800eb0, 0x0000024049802d10, 0x000002404c3a5e50,
0x000002404c3a7cb0, 0x000002404c3a7290, 0x000002404c3a6360, 0x000002404c3a77a0,
0x000002404c3a81c0, 0x000002404c3a4a10, 0x000002404c3a5940, 0x000002404c3a6870,
0x000002404c3a6d80, 0x000002404c3a86d0, 0x000002404c3a4f20, 0x000002404c3a8be0,
0x000002404c3a5430, 0x000002404c3aaf50, 0x000002404c3aa020, 0x000002404c3a90f0,
0x000002404c3a9600, 0x000002404c3ab970, 0x000002404c3ac390, 0x000002404c3abe80,
0x000002404c3aaa40, 0x000002404c3aa530, 0x000002404bfa18e0, 0x000002404bfa04a0,
0x000002404bf9f570, 0x000002404bf9f060, 0x000002404bfa13d0, 0x000002404bfa2300,
0x000002404bf9fa80, 0x000002404bfa09b0, 0x000002404bfa2810, 0x000002404bfa2d20,
0x000002404bfa3230, 0x000002404bf9ff90, 0x000002404bfa1df0, 0x000002404bfa3740,
0x000002404bfa3c50, 0x000002404bfa4160, 0x000002404bfa4670, 0x000002404bfa0ec0,
0x000002404bfa4b80, 0x000002404bfa55a0, 0x000002404b803220, 0x000002404b804760
}

Java Threads: ( => current thread )
  0x0000023ffb933780 JavaThread "main" [_thread_blocked, id=18676, stack(0x000000baf8800000,0x000000baf8900000)]
  0x0000023fb8c77160 JavaThread "Reference Handler" daemon [_thread_blocked, id=16736, stack(0x000000baf8f00000,0x000000baf9000000)]
  0x0000023fb8c787a0 JavaThread "Finalizer" daemon [_thread_blocked, id=10648, stack(0x000000baf9000000,0x000000baf9100000)]
  0x000002404500d3b0 JavaThread "Signal Dispatcher" daemon [_thread_blocked, id=21596, stack(0x000000baf9100000,0x000000baf9200000)]
  0x000002404500dc80 JavaThread "Attach Listener" daemon [_thread_blocked, id=20028, stack(0x000000baf9200000,0x000000baf9300000)]
  0x000002404500f0c0 JavaThread "Service Thread" daemon [_thread_blocked, id=14152, stack(0x000000baf9300000,0x000000baf9400000)]
  0x0000024045013520 JavaThread "Monitor Deflation Thread" daemon [_thread_blocked, id=20464, stack(0x000000baf9400000,0x000000baf9500000)]
  0x000002404501ad10 JavaThread "C2 CompilerThread0" daemon [_thread_in_native, id=21960, stack(0x000000baf9500000,0x000000baf9600000)]
  0x00000240450241a0 JavaThread "C1 CompilerThread0" daemon [_thread_blocked, id=14476, stack(0x000000baf9600000,0x000000baf9700000)]
  0x0000024045024ea0 JavaThread "Sweeper thread" daemon [_thread_blocked, id=4708, stack(0x000000baf9700000,0x000000baf9800000)]
  0x0000023fb8c60670 JavaThread "Common-Cleaner" daemon [_thread_blocked, id=22004, stack(0x000000baf9800000,0x000000baf9900000)]
  0x00000240452c0410 JavaThread "Notification Thread" daemon [_thread_blocked, id=22184, stack(0x000000baf9900000,0x000000baf9a00000)]
  0x0000024047292470 JavaThread "Daemon health stats" [_thread_blocked, id=14664, stack(0x000000bafa100000,0x000000bafa200000)]
  0x0000024045b82710 JavaThread "Incoming local TCP Connector on port 7985" [_thread_in_native, id=17892, stack(0x000000baf9b00000,0x000000baf9c00000)]
  0x0000024045ea8210 JavaThread "Daemon periodic checks" [_thread_blocked, id=17368, stack(0x000000bafa400000,0x000000bafa500000)]
  0x00000240461cb0c0 JavaThread "Daemon" [_thread_blocked, id=15624, stack(0x000000bafa500000,0x000000bafa600000)]
  0x000002404642c540 JavaThread "Handler for socket connection from /127.0.0.1:7985 to /127.0.0.1:7986" [_thread_in_native, id=22288, stack(0x000000bafa600000,0x000000bafa700000)]
  0x0000024046363810 JavaThread "Cancel handler" [_thread_blocked, id=19968, stack(0x000000bafa700000,0x000000bafa800000)]
  0x0000024046363d20 JavaThread "Daemon worker" [_thread_in_Java, id=14368, stack(0x000000bafa800000,0x000000bafa900000)]
  0x0000024046366ab0 JavaThread "Asynchronous log dispatcher for DefaultDaemonConnection: socket connection from /127.0.0.1:7985 to /127.0.0.1:7986" [_thread_blocked, id=8132, stack(0x000000bafa900000,0x000000bafaa00000)]
  0x0000024046365160 JavaThread "Stdin handler" [_thread_blocked, id=4980, stack(0x000000bafaa00000,0x000000bafab00000)]
  0x0000024046364c50 JavaThread "Daemon client event forwarder" [_thread_blocked, id=20088, stack(0x000000bafab00000,0x000000bafac00000)]
  0x0000024046364740 JavaThread "Cache worker for journal cache (C:\Users\dawat\.gradle\caches\journal-1)" [_thread_blocked, id=2744, stack(0x000000bafac00000,0x000000bafad00000)]
  0x0000024046366fc0 JavaThread "File lock request listener" [_thread_in_native, id=21496, stack(0x000000bafad00000,0x000000bafae00000)]
  0x00000240463665a0 JavaThread "Cache worker for file hash cache (C:\Users\dawat\.gradle\caches\8.14\fileHashes)" [_thread_blocked, id=22896, stack(0x000000bafae00000,0x000000bafaf00000)]
  0x0000024049b6b910 JavaThread "Cache worker for file hash cache (D:\Learning\Flutter\flutter-facebook-clone-app\android\.gradle\8.14\fileHashes)" [_thread_blocked, id=22076, stack(0x000000bafaf00000,0x000000bafb000000)]
  0x0000024049b69090 JavaThread "Cache worker for Build Output Cleanup Cache (D:\Learning\Flutter\flutter-facebook-clone-app\android\.gradle\buildOutputCleanup)" [_thread_blocked, id=21804, stack(0x000000bafb000000,0x000000bafb100000)]
  0x0000024049b6aef0 JavaThread "File watcher server" daemon [_thread_in_native, id=20060, stack(0x000000bafb200000,0x000000bafb300000)]
  0x0000024049b6cd50 JavaThread "File watcher consumer" daemon [_thread_blocked, id=22192, stack(0x000000bafb300000,0x000000bafb400000)]
  0x0000024049b6b400 JavaThread "jar transforms" [_thread_blocked, id=18328, stack(0x000000bafb500000,0x000000bafb600000)]
  0x0000024049b695a0 JavaThread "jar transforms Thread 2" [_thread_blocked, id=4060, stack(0x000000bafb600000,0x000000bafb700000)]
  0x0000024049b69fc0 JavaThread "jar transforms Thread 3" [_thread_blocked, id=1760, stack(0x000000bafb700000,0x000000bafb800000)]
  0x0000024049b6c840 JavaThread "jar transforms Thread 4" [_thread_blocked, id=10948, stack(0x000000bafbb00000,0x000000bafbc00000)]
  0x0000024049b6a4d0 JavaThread "jar transforms Thread 5" [_thread_blocked, id=20648, stack(0x000000bafbc00000,0x000000bafbd00000)]
  0x0000024049b6d260 JavaThread "Cache worker for checksums cache (D:\Learning\Flutter\flutter-facebook-clone-app\android\.gradle\8.14\checksums)" [_thread_blocked, id=21092, stack(0x000000bafbe00000,0x000000bafbf00000)]
  0x0000024049b6dc80 JavaThread "Cache worker for file content cache (C:\Users\dawat\.gradle\caches\8.14\fileContent)" [_thread_blocked, id=10004, stack(0x000000bafbf00000,0x000000bafc000000)]
  0x0000024049b6ebb0 JavaThread "jar transforms Thread 6" [_thread_blocked, id=4448, stack(0x000000bafc000000,0x000000bafc100000)]
  0x0000024049b6d770 JavaThread "jar transforms Thread 7" [_thread_blocked, id=12584, stack(0x000000bafc100000,0x000000bafc200000)]
  0x0000024049b6f0c0 JavaThread "jar transforms Thread 8" [_thread_blocked, id=19792, stack(0x000000bafc200000,0x000000bafc300000)]
  0x0000024049b6fae0 JavaThread "Cache worker for cache directory md-supplier (C:\Users\dawat\.gradle\caches\8.14\md-supplier)" [_thread_blocked, id=22428, stack(0x000000bafbd00000,0x000000bafbe00000)]
  0x0000024049b70a10 JavaThread "Cache worker for cache directory md-rule (C:\Users\dawat\.gradle\caches\8.14\md-rule)" [_thread_blocked, id=22844, stack(0x000000bafc300000,0x000000bafc400000)]
  0x0000024048c480b0 JavaThread "Cache worker for Build Output Cleanup Cache (C:\src\flutter\packages\flutter_tools\gradle\.gradle\buildOutputCleanup)" [_thread_blocked, id=10184, stack(0x000000bafc400000,0x000000bafc500000)]
  0x0000024048c485c0 JavaThread "Unconstrained build operations" [_thread_blocked, id=9224, stack(0x000000bafc600000,0x000000bafc700000)]
  0x0000024048c47690 JavaThread "Unconstrained build operations Thread 2" [_thread_blocked, id=20840, stack(0x000000bafc700000,0x000000bafc800000)]
  0x0000024048c48ad0 JavaThread "Unconstrained build operations Thread 3" [_thread_blocked, id=20228, stack(0x000000bafc800000,0x000000bafc900000)]
  0x0000024048c494f0 JavaThread "Unconstrained build operations Thread 4" [_thread_blocked, id=19552, stack(0x000000bafc900000,0x000000bafca00000)]
  0x0000024048c47180 JavaThread "Unconstrained build operations Thread 5" [_thread_blocked, id=15844, stack(0x000000bafca00000,0x000000bafcb00000)]
  0x0000024048c49a00 JavaThread "Unconstrained build operations Thread 6" [_thread_blocked, id=11660, stack(0x000000bafcb00000,0x000000bafcc00000)]
  0x0000024048c46c70 JavaThread "Unconstrained build operations Thread 7" [_thread_blocked, id=14624, stack(0x000000bafcc00000,0x000000bafcd00000)]
  0x0000024048c49f10 JavaThread "Unconstrained build operations Thread 8" [_thread_blocked, id=7004, stack(0x000000bafcd00000,0x000000bafce00000)]
  0x0000024048c4a420 JavaThread "Unconstrained build operations Thread 9" [_thread_blocked, id=2664, stack(0x000000bafce00000,0x000000bafcf00000)]
  0x0000024048c48fe0 JavaThread "Unconstrained build operations Thread 10" [_thread_blocked, id=23292, stack(0x000000bafcf00000,0x000000bafd000000)]
  0x0000024048c47ba0 JavaThread "Unconstrained build operations Thread 11" [_thread_blocked, id=23464, stack(0x000000bafd000000,0x000000bafd100000)]
  0x0000024049b6fff0 JavaThread "Unconstrained build operations Thread 12" [_thread_blocked, id=1876, stack(0x000000bafd100000,0x000000bafd200000)]
  0x00000240497ff050 JavaThread "Unconstrained build operations Thread 13" [_thread_blocked, id=14780, stack(0x000000bafd200000,0x000000bafd300000)]
  0x00000240497fd700 JavaThread "Unconstrained build operations Thread 14" [_thread_blocked, id=23000, stack(0x000000bafd300000,0x000000bafd400000)]
  0x00000240497fdc10 JavaThread "Unconstrained build operations Thread 15" [_thread_blocked, id=15560, stack(0x000000bafd400000,0x000000bafd500000)]
  0x00000240497fd1f0 JavaThread "Unconstrained build operations Thread 16" [_thread_blocked, id=1648, stack(0x000000bafd500000,0x000000bafd600000)]
  0x00000240497fcce0 JavaThread "Unconstrained build operations Thread 17" [_thread_blocked, id=8764, stack(0x000000bafd600000,0x000000bafd700000)]
  0x00000240497fe120 JavaThread "Unconstrained build operations Thread 18" [_thread_blocked, id=21608, stack(0x000000bafd700000,0x000000bafd800000)]
  0x00000240497fe630 JavaThread "Unconstrained build operations Thread 19" [_thread_blocked, id=6892, stack(0x000000bafd800000,0x000000bafd900000)]
  0x00000240497feb40 JavaThread "Unconstrained build operations Thread 20" [_thread_blocked, id=18472, stack(0x000000bafd900000,0x000000bafda00000)]
  0x00000240497ff560 JavaThread "Unconstrained build operations Thread 21" [_thread_blocked, id=1224, stack(0x000000bafda00000,0x000000bafdb00000)]
  0x00000240497ffa70 JavaThread "Memory manager" [_thread_blocked, id=21328, stack(0x000000bafdb00000,0x000000bafdc00000)]
  0x00000240497fff80 JavaThread "build event listener" [_thread_blocked, id=21772, stack(0x000000bafc500000,0x000000bafc600000)]
  0x0000024049803220 JavaThread "included builds" [_thread_blocked, id=14728, stack(0x000000bafdd00000,0x000000bafde00000)]
  0x0000024049800490 JavaThread "Execution worker" [_thread_blocked, id=14416, stack(0x000000bafde00000,0x000000bafdf00000)]
  0x0000024049804150 JavaThread "Execution worker Thread 2" [_thread_blocked, id=15644, stack(0x000000bafdf00000,0x000000bafe000000)]
  0x00000240498013c0 JavaThread "Execution worker Thread 3" [_thread_blocked, id=16088, stack(0x000000bafe000000,0x000000bafe100000)]
  0x00000240498018d0 JavaThread "Execution worker Thread 4" [_thread_blocked, id=17232, stack(0x000000bafe100000,0x000000bafe200000)]
  0x0000024049801de0 JavaThread "Execution worker Thread 5" [_thread_blocked, id=1676, stack(0x000000bafe200000,0x000000bafe300000)]
  0x0000024049802800 JavaThread "Execution worker Thread 6" [_thread_blocked, id=22064, stack(0x000000bafe300000,0x000000bafe400000)]
  0x00000240498009a0 JavaThread "Execution worker Thread 7" [_thread_blocked, id=19540, stack(0x000000bafe400000,0x000000bafe500000)]
  0x0000024049800eb0 JavaThread "Cache worker for execution history cache (C:\src\flutter\packages\flutter_tools\gradle\.gradle\8.14\executionHistory)" [_thread_blocked, id=19708, stack(0x000000bafe500000,0x000000bafe600000)]
  0x0000024049802d10 JavaThread "Unconstrained build operations Thread 22" [_thread_blocked, id=19136, stack(0x000000bafe600000,0x000000bafe700000)]
  0x000002404c3a5e50 JavaThread "Unconstrained build operations Thread 23" [_thread_blocked, id=19840, stack(0x000000bafe700000,0x000000bafe800000)]
  0x000002404c3a7cb0 JavaThread "Unconstrained build operations Thread 24" [_thread_blocked, id=19316, stack(0x000000bafe800000,0x000000bafe900000)]
  0x000002404c3a7290 JavaThread "Unconstrained build operations Thread 25" [_thread_blocked, id=3156, stack(0x000000bafe900000,0x000000bafea00000)]
  0x000002404c3a6360 JavaThread "Unconstrained build operations Thread 26" [_thread_blocked, id=19412, stack(0x000000bafea00000,0x000000bafeb00000)]
  0x000002404c3a77a0 JavaThread "Unconstrained build operations Thread 27" [_thread_blocked, id=21944, stack(0x000000bafeb00000,0x000000bafec00000)]
  0x000002404c3a81c0 JavaThread "Unconstrained build operations Thread 28" [_thread_blocked, id=16492, stack(0x000000bafec00000,0x000000bafed00000)]
  0x000002404c3a4a10 JavaThread "Unconstrained build operations Thread 29" [_thread_blocked, id=9156, stack(0x000000bafed00000,0x000000bafee00000)]
  0x000002404c3a5940 JavaThread "Unconstrained build operations Thread 30" [_thread_blocked, id=11860, stack(0x000000bafee00000,0x000000bafef00000)]
  0x000002404c3a6870 JavaThread "Unconstrained build operations Thread 31" [_thread_blocked, id=22876, stack(0x000000bafef00000,0x000000baff000000)]
  0x000002404c3a6d80 JavaThread "Unconstrained build operations Thread 32" [_thread_blocked, id=2564, stack(0x000000baff000000,0x000000baff100000)]
  0x000002404c3a86d0 JavaThread "Unconstrained build operations Thread 33" [_thread_blocked, id=22232, stack(0x000000baff100000,0x000000baff200000)]
  0x000002404c3a4f20 JavaThread "Unconstrained build operations Thread 34" [_thread_blocked, id=12468, stack(0x000000baff200000,0x000000baff300000)]
  0x000002404c3a8be0 JavaThread "Unconstrained build operations Thread 35" [_thread_blocked, id=16464, stack(0x000000baff300000,0x000000baff400000)]
  0x000002404c3a5430 JavaThread "Unconstrained build operations Thread 36" [_thread_blocked, id=15320, stack(0x000000baff400000,0x000000baff500000)]
  0x000002404c3aaf50 JavaThread "Unconstrained build operations Thread 37" [_thread_blocked, id=21720, stack(0x000000baff500000,0x000000baff600000)]
  0x000002404c3aa020 JavaThread "Unconstrained build operations Thread 38" [_thread_blocked, id=6000, stack(0x000000baff600000,0x000000baff700000)]
  0x000002404c3a90f0 JavaThread "Unconstrained build operations Thread 39" [_thread_blocked, id=21800, stack(0x000000baff700000,0x000000baff800000)]
  0x000002404c3a9600 JavaThread "Unconstrained build operations Thread 40" [_thread_blocked, id=7840, stack(0x000000baff800000,0x000000baff900000)]
  0x000002404c3ab970 JavaThread "Unconstrained build operations Thread 41" [_thread_blocked, id=21672, stack(0x000000baff900000,0x000000baffa00000)]
  0x000002404c3ac390 JavaThread "Unconstrained build operations Thread 42" [_thread_blocked, id=20084, stack(0x000000baffa00000,0x000000baffb00000)]
  0x000002404c3abe80 JavaThread "Unconstrained build operations Thread 43" [_thread_blocked, id=18688, stack(0x000000baffb00000,0x000000baffc00000)]
  0x000002404c3aaa40 JavaThread "Unconstrained build operations Thread 44" [_thread_blocked, id=19376, stack(0x000000baffc00000,0x000000baffd00000)]
  0x000002404c3aa530 JavaThread "Unconstrained build operations Thread 45" [_thread_blocked, id=9484, stack(0x000000baffd00000,0x000000baffe00000)]
  0x000002404bfa18e0 JavaThread "Unconstrained build operations Thread 46" [_thread_blocked, id=22684, stack(0x000000baffe00000,0x000000bafff00000)]
  0x000002404bfa04a0 JavaThread "Unconstrained build operations Thread 47" [_thread_blocked, id=15664, stack(0x000000bafff00000,0x000000bb00000000)]
  0x000002404bf9f570 JavaThread "Unconstrained build operations Thread 48" [_thread_blocked, id=8496, stack(0x000000ba80000000,0x000000ba80100000)]
  0x000002404bf9f060 JavaThread "Unconstrained build operations Thread 49" [_thread_blocked, id=18760, stack(0x000000ba80100000,0x000000ba80200000)]
  0x000002404bfa13d0 JavaThread "Unconstrained build operations Thread 50" [_thread_blocked, id=20432, stack(0x000000ba80200000,0x000000ba80300000)]
  0x000002404bfa2300 JavaThread "Unconstrained build operations Thread 51" [_thread_blocked, id=3484, stack(0x000000ba80300000,0x000000ba80400000)]
  0x000002404bf9fa80 JavaThread "Unconstrained build operations Thread 52" [_thread_blocked, id=20720, stack(0x000000ba80400000,0x000000ba80500000)]
  0x000002404bfa09b0 JavaThread "Unconstrained build operations Thread 53" [_thread_blocked, id=21416, stack(0x000000ba80500000,0x000000ba80600000)]
  0x000002404bfa2810 JavaThread "Unconstrained build operations Thread 54" [_thread_blocked, id=4304, stack(0x000000ba80600000,0x000000ba80700000)]
  0x000002404bfa2d20 JavaThread "Unconstrained build operations Thread 55" [_thread_blocked, id=13132, stack(0x000000ba80700000,0x000000ba80800000)]
  0x000002404bfa3230 JavaThread "Unconstrained build operations Thread 56" [_thread_blocked, id=1928, stack(0x000000ba80800000,0x000000ba80900000)]
  0x000002404bf9ff90 JavaThread "Unconstrained build operations Thread 57" [_thread_blocked, id=18376, stack(0x000000ba80900000,0x000000ba80a00000)]
  0x000002404bfa1df0 JavaThread "Unconstrained build operations Thread 58" [_thread_blocked, id=6644, stack(0x000000ba80a00000,0x000000ba80b00000)]
  0x000002404bfa3740 JavaThread "Unconstrained build operations Thread 59" [_thread_blocked, id=4664, stack(0x000000ba80d00000,0x000000ba80e00000)]
  0x000002404bfa3c50 JavaThread "Unconstrained build operations Thread 60" [_thread_blocked, id=17924, stack(0x000000ba80e00000,0x000000ba80f00000)]
  0x000002404bfa4160 JavaThread "Unconstrained build operations Thread 61" [_thread_blocked, id=6856, stack(0x000000ba80f00000,0x000000ba81000000)]
  0x000002404bfa4670 JavaThread "Unconstrained build operations Thread 62" [_thread_blocked, id=21460, stack(0x000000ba81000000,0x000000ba81100000)]
  0x000002404bfa0ec0 JavaThread "Unconstrained build operations Thread 63" [_thread_blocked, id=17780, stack(0x000000ba81100000,0x000000ba81200000)]
  0x000002404bfa4b80 JavaThread "Unconstrained build operations Thread 64" [_thread_blocked, id=12492, stack(0x000000ba81200000,0x000000ba81300000)]
  0x000002404bfa55a0 JavaThread "Unconstrained build operations Thread 65" [_thread_blocked, id=22636, stack(0x000000ba81300000,0x000000ba81400000)]
  0x000002404b803220 JavaThread "C2 CompilerThread1" daemon [_thread_in_native, id=10960, stack(0x000000ba81400000,0x000000ba81500000)]
=>0x000002404b804760 JavaThread "C2 CompilerThread2" daemon [_thread_in_native, id=15416, stack(0x000000ba81500000,0x000000ba81600000)]

Other Threads:
  0x0000023fb8c6e5e0 VMThread "VM Thread" [stack: 0x000000baf8e00000,0x000000baf8f00000] [id=5168]
  0x000002404522ffe0 WatcherThread [stack: 0x000000baf9a00000,0x000000baf9b00000] [id=18812]
  0x0000023fb8ac0090 GCTaskThread "GC Thread#0" [stack: 0x000000baf8900000,0x000000baf8a00000] [id=16132]
  0x00000240455bc6e0 GCTaskThread "GC Thread#1" [stack: 0x000000baf9c00000,0x000000baf9d00000] [id=2092]
  0x00000240453f7c50 GCTaskThread "GC Thread#2" [stack: 0x000000baf9d00000,0x000000baf9e00000] [id=13292]
  0x00000240453b4fc0 GCTaskThread "GC Thread#3" [stack: 0x000000baf9e00000,0x000000baf9f00000] [id=22832]
  0x00000240453b5280 GCTaskThread "GC Thread#4" [stack: 0x000000baf9f00000,0x000000bafa000000] [id=19060]
  0x00000240453b5540 GCTaskThread "GC Thread#5" [stack: 0x000000bafa000000,0x000000bafa100000] [id=13476]
  0x0000024046a89540 GCTaskThread "GC Thread#6" [stack: 0x000000bafa200000,0x000000bafa300000] [id=10256]
  0x0000024047292d60 GCTaskThread "GC Thread#7" [stack: 0x000000bafa300000,0x000000bafa400000] [id=20496]
  0x0000023fb8ac0a20 ConcurrentGCThread "G1 Main Marker" [stack: 0x000000baf8a00000,0x000000baf8b00000] [id=18116]
  0x0000023fb8ac1af0 ConcurrentGCThread "G1 Conc#0" [stack: 0x000000baf8b00000,0x000000baf8c00000] [id=19444]
  0x000002404905b010 ConcurrentGCThread "G1 Conc#1" [stack: 0x000000bafb100000,0x000000bafb200000] [id=23280]
  0x0000023ffb9dea80 ConcurrentGCThread "G1 Refine#0" [stack: 0x000000baf8c00000,0x000000baf8d00000] [id=22112]
  0x00000240453d53e0 ConcurrentGCThread "G1 Refine#1" [stack: 0x000000bafb800000,0x000000bafb900000] [id=21796]
  0x000002404a2816a0 ConcurrentGCThread "G1 Refine#2" [stack: 0x000000bafb900000,0x000000bafba00000] [id=10340]
  0x000002404a2dea80 ConcurrentGCThread "G1 Refine#3" [stack: 0x000000bafba00000,0x000000bafbb00000] [id=14660]
  0x0000023fb8b284d0 ConcurrentGCThread "G1 Service" [stack: 0x000000baf8d00000,0x000000baf8e00000] [id=17976]

Threads with active compile tasks:
C2 CompilerThread0    42403 11018       4       org.jetbrains.kotlin.com.intellij.util.containers.FactoryMap::get (69 bytes)
C2 CompilerThread1    42403 11010       4       org.jetbrains.kotlin.com.intellij.openapi.vfs.impl.jar.CoreJarHandler::getOrCreateFile (88 bytes)
C2 CompilerThread2    42403 10927       4       org.jetbrains.kotlin.com.intellij.openapi.vfs.impl.ArchiveHandler::processEntry (225 bytes)

VM state: not at safepoint (normal execution)

VM Mutex/Monitor currently owned by a thread: None

Heap address: 0x0000000600000000, size: 8192 MB, Compressed Oops mode: Zero based, Oop shift amount: 3

CDS archive(s) mapped at: [0x0000024000000000-0x0000024000bb0000-0x0000024000bb0000), size 12255232, SharedBaseAddress: 0x0000024000000000, ArchiveRelocationMode: 1.
Compressed class space mapped at: 0x0000024001000000-0x0000024041000000, reserved size: 1073741824
Narrow klass base: 0x0000024000000000, Narrow klass shift: 0, Narrow klass range: 0x100000000

GC Precious Log:
 CPUs: 8 total, 8 available
 Memory: 16190M
 Large Page Support: Disabled
 NUMA Support: Disabled
 Compressed Oops: Enabled (Zero based)
 Heap Region Size: 4M
 Heap Min Capacity: 8M
 Heap Initial Capacity: 256M
 Heap Max Capacity: 8G
 Pre-touch: Disabled
 Parallel Workers: 8
 Concurrent Workers: 2
 Concurrent Refinement Workers: 8
 Periodic GC: Disabled

Heap:
 garbage-first heap   total 200704K, used 124946K [0x0000000600000000, 0x0000000800000000)
  region size 4096K, 6 young (24576K), 2 survivors (8192K)
 Metaspace       used 88203K, committed 89216K, reserved 1179648K
  class space    used 12618K, committed 13056K, reserved 1048576K

Heap Regions: E=young(eden), S=young(survivor), O=old, HS=humongous(starts), HC=humongous(continues), CS=collection set, F=free, OA=open archive, CA=closed archive, TAMS=top-at-mark-start (previous, next)
|   0|0x0000000600000000, 0x0000000600400000, 0x0000000600400000|100%|HS|  |TAMS 0x0000000600400000, 0x0000000600000000| Complete 
|   1|0x0000000600400000, 0x0000000600800000, 0x0000000600800000|100%| O|  |TAMS 0x0000000600800000, 0x0000000600400000| Untracked 
|   2|0x0000000600800000, 0x0000000600c00000, 0x0000000600c00000|100%| O|  |TAMS 0x0000000600c00000, 0x0000000600800000| Untracked 
|   3|0x0000000600c00000, 0x0000000601000000, 0x0000000601000000|100%| O|  |TAMS 0x0000000601000000, 0x0000000600c00000| Untracked 
|   4|0x0000000601000000, 0x0000000601400000, 0x0000000601400000|100%| O|  |TAMS 0x0000000601400000, 0x0000000601000000| Untracked 
|   5|0x0000000601400000, 0x0000000601800000, 0x0000000601800000|100%| O|  |TAMS 0x0000000601800000, 0x0000000601400000| Untracked 
|   6|0x0000000601800000, 0x0000000601c00000, 0x0000000601c00000|100%| O|  |TAMS 0x0000000601c00000, 0x0000000601800000| Untracked 
|   7|0x0000000601c00000, 0x0000000602000000, 0x0000000602000000|100%|HS|  |TAMS 0x0000000602000000, 0x0000000601c00000| Complete 
|   8|0x0000000602000000, 0x0000000602400000, 0x0000000602400000|100%| O|  |TAMS 0x0000000602400000, 0x0000000602000000| Untracked 
|   9|0x0000000602400000, 0x0000000602800000, 0x0000000602800000|100%| O|  |TAMS 0x0000000602800000, 0x0000000602400000| Untracked 
|  10|0x0000000602800000, 0x0000000602c00000, 0x0000000602c00000|100%| O|  |TAMS 0x0000000602c00000, 0x0000000602800000| Untracked 
|  11|0x0000000602c00000, 0x0000000603000000, 0x0000000603000000|100%| O|  |TAMS 0x0000000603000000, 0x0000000602c00000| Untracked 
|  12|0x0000000603000000, 0x0000000603400000, 0x0000000603400000|100%| O|  |TAMS 0x0000000603400000, 0x0000000603000000| Untracked 
|  13|0x0000000603400000, 0x0000000603800000, 0x0000000603800000|100%| O|  |TAMS 0x0000000603800000, 0x0000000603400000| Untracked 
|  14|0x0000000603800000, 0x0000000603c00000, 0x0000000603c00000|100%|HS|  |TAMS 0x0000000603c00000, 0x0000000603800000| Complete 
|  15|0x0000000603c00000, 0x0000000604000000, 0x0000000604000000|100%| O|  |TAMS 0x0000000604000000, 0x0000000603c00000| Untracked 
|  16|0x0000000604000000, 0x0000000604400000, 0x0000000604400000|100%| O|  |TAMS 0x0000000604400000, 0x0000000604000000| Untracked 
|  17|0x0000000604400000, 0x0000000604800000, 0x0000000604800000|100%| O|  |TAMS 0x0000000604800000, 0x0000000604400000| Untracked 
|  18|0x0000000604800000, 0x0000000604c00000, 0x0000000604c00000|100%| O|  |TAMS 0x0000000604c00000, 0x0000000604800000| Untracked 
|  19|0x0000000604c00000, 0x0000000605000000, 0x0000000605000000|100%| O|  |TAMS 0x0000000605000000, 0x0000000604c00000| Untracked 
|  20|0x0000000605000000, 0x0000000605400000, 0x0000000605400000|100%| O|  |TAMS 0x0000000605400000, 0x0000000605000000| Untracked 
|  21|0x0000000605400000, 0x0000000605800000, 0x0000000605800000|100%| O|  |TAMS 0x0000000605800000, 0x0000000605400000| Untracked 
|  22|0x0000000605800000, 0x0000000605c00000, 0x0000000605c00000|100%| O|  |TAMS 0x0000000605c00000, 0x0000000605800000| Untracked 
|  23|0x0000000605c00000, 0x0000000606000000, 0x0000000606000000|100%| O|  |TAMS 0x0000000605c1f400, 0x0000000605c00000| Untracked 
|  24|0x0000000606000000, 0x0000000606000000, 0x0000000606400000|  0%| F|  |TAMS 0x0000000606000000, 0x0000000606000000| Untracked 
|  25|0x0000000606400000, 0x0000000606400000, 0x0000000606800000|  0%| F|  |TAMS 0x0000000606400000, 0x0000000606400000| Untracked 
|  26|0x0000000606800000, 0x0000000606c00000, 0x0000000606c00000|100%| O|  |TAMS 0x0000000606800000, 0x0000000606800000| Untracked 
|  27|0x0000000606c00000, 0x0000000606e04a00, 0x0000000607000000| 50%| O|  |TAMS 0x0000000606c00000, 0x0000000606c00000| Untracked 
|  28|0x0000000607000000, 0x0000000607000000, 0x0000000607400000|  0%| F|  |TAMS 0x0000000607000000, 0x0000000607000000| Untracked 
|  29|0x0000000607400000, 0x0000000607400000, 0x0000000607800000|  0%| F|  |TAMS 0x0000000607400000, 0x0000000607400000| Untracked 
|  30|0x0000000607800000, 0x0000000607800000, 0x0000000607c00000|  0%| F|  |TAMS 0x0000000607800000, 0x0000000607800000| Untracked 
|  31|0x0000000607c00000, 0x0000000607c00000, 0x0000000608000000|  0%| F|  |TAMS 0x0000000607c00000, 0x0000000607c00000| Untracked 
|  32|0x0000000608000000, 0x0000000608000000, 0x0000000608400000|  0%| F|  |TAMS 0x0000000608000000, 0x0000000608000000| Untracked 
|  33|0x0000000608400000, 0x0000000608800000, 0x0000000608800000|100%| S|CS|TAMS 0x0000000608400000, 0x0000000608400000| Complete 
|  34|0x0000000608800000, 0x0000000608800000, 0x0000000608c00000|  0%| F|  |TAMS 0x0000000608800000, 0x0000000608800000| Untracked 
|  35|0x0000000608c00000, 0x0000000609000000, 0x0000000609000000|100%| S|CS|TAMS 0x0000000608c00000, 0x0000000608c00000| Complete 
|  36|0x0000000609000000, 0x0000000609000000, 0x0000000609400000|  0%| F|  |TAMS 0x0000000609000000, 0x0000000609000000| Untracked 
|  37|0x0000000609400000, 0x0000000609400000, 0x0000000609800000|  0%| F|  |TAMS 0x0000000609400000, 0x0000000609400000| Untracked 
|  38|0x0000000609800000, 0x0000000609800000, 0x0000000609c00000|  0%| F|  |TAMS 0x0000000609800000, 0x0000000609800000| Untracked 
|  39|0x0000000609c00000, 0x0000000609c00000, 0x000000060a000000|  0%| F|  |TAMS 0x0000000609c00000, 0x0000000609c00000| Untracked 
|  40|0x000000060a000000, 0x000000060a000000, 0x000000060a400000|  0%| F|  |TAMS 0x000000060a000000, 0x000000060a000000| Untracked 
|  41|0x000000060a400000, 0x000000060a400000, 0x000000060a800000|  0%| F|  |TAMS 0x000000060a400000, 0x000000060a400000| Untracked 
|  42|0x000000060a800000, 0x000000060a800000, 0x000000060ac00000|  0%| F|  |TAMS 0x000000060a800000, 0x000000060a800000| Untracked 
|  43|0x000000060ac00000, 0x000000060ac00000, 0x000000060b000000|  0%| F|  |TAMS 0x000000060ac00000, 0x000000060ac00000| Untracked 
|  44|0x000000060b000000, 0x000000060b000000, 0x000000060b400000|  0%| F|  |TAMS 0x000000060b000000, 0x000000060b000000| Untracked 
|  45|0x000000060b400000, 0x000000060b4a9418, 0x000000060b800000| 16%| E|  |TAMS 0x000000060b400000, 0x000000060b400000| Complete 
|  46|0x000000060b800000, 0x000000060bc00000, 0x000000060bc00000|100%| E|CS|TAMS 0x000000060b800000, 0x000000060b800000| Complete 
|  47|0x000000060bc00000, 0x000000060c000000, 0x000000060c000000|100%| E|CS|TAMS 0x000000060bc00000, 0x000000060bc00000| Complete 
|  63|0x000000060fc00000, 0x0000000610000000, 0x0000000610000000|100%| E|CS|TAMS 0x000000060fc00000, 0x000000060fc00000| Complete 

Card table byte_map: [0x0000023ffee70000,0x0000023fffe70000] _byte_map_base: 0x0000023ffbe70000

Marking Bits (Prev, Next): (CMBitMap*) 0x0000023fb8ac0360, (CMBitMap*) 0x0000023fb8ac03a0
 Prev Bits: [0x0000023fa8a80000, 0x0000023fb0a80000)
 Next Bits: [0x0000023fb0a80000, 0x0000023fb8a80000)

Polling page: 0x0000023ffb9f0000

Metaspace:

Usage:
  Non-class:     73.81 MB used.
      Class:     12.32 MB used.
       Both:     86.14 MB used.

Virtual space:
  Non-class space:      128.00 MB reserved,      74.38 MB ( 58%) committed,  2 nodes.
      Class space:        1.00 GB reserved,      12.75 MB (  1%) committed,  1 nodes.
             Both:        1.12 GB reserved,      87.12 MB (  8%) committed. 

Chunk freelists:
   Non-Class:  5.61 MB
       Class:  3.11 MB
        Both:  8.72 MB

MaxMetaspaceSize: 4.00 GB
CompressedClassSpaceSize: 1.00 GB
Initial GC threshold: 21.00 MB
Current GC threshold: 145.00 MB
CDS: on
MetaspaceReclaimPolicy: balanced
 - commit_granule_bytes: 65536.
 - commit_granule_words: 8192.
 - virtual_space_node_default_size: 8388608.
 - enlarge_chunks_in_place: 1.
 - new_chunks_are_fully_committed: 0.
 - uncommit_free_chunks: 1.
 - use_allocation_guard: 0.
 - handle_deallocations: 1.


Internal statistics:

num_allocs_failed_limit: 9.
num_arena_births: 1130.
num_arena_deaths: 0.
num_vsnodes_births: 3.
num_vsnodes_deaths: 0.
num_space_committed: 1392.
num_space_uncommitted: 0.
num_chunks_returned_to_freelist: 9.
num_chunks_taken_from_freelist: 4849.
num_chunk_merges: 3.
num_chunk_splits: 3197.
num_chunks_enlarged: 2145.
num_inconsistent_stats: 0.

CodeHeap 'non-profiled nmethods': size=259264Kb used=6663Kb max_used=6663Kb free=252601Kb
 bounds [0x0000023f97d50000, 0x0000023f983e0000, 0x0000023fa7a80000]
CodeHeap 'profiled nmethods': size=259264Kb used=17865Kb max_used=18451Kb free=241398Kb
 bounds [0x0000023f87a80000, 0x0000023f88ca0000, 0x0000023f977b0000]
CodeHeap 'non-nmethods': size=5760Kb used=2415Kb max_used=2482Kb free=3344Kb
 bounds [0x0000023f977b0000, 0x0000023f97a40000, 0x0000023f97d50000]
 total_blobs=10376 nmethods=9420 adapters=868
 compilation: enabled
              stopped_count=0, restarted_count=0
 full_count=0

Compilation events (20 events):
Event: 41.248 Thread 0x00000240450241a0 nmethod 11002 0x0000023f87d66810 code [0x0000023f87d66bc0, 0x0000023f87d68818]
Event: 41.249 Thread 0x00000240450241a0 11001       3       java.util.zip.ZipUtils::get32S (17 bytes)
Event: 41.250 Thread 0x00000240450241a0 nmethod 11001 0x0000023f8856a410 code [0x0000023f8856a5c0, 0x0000023f8856a818]
Event: 41.250 Thread 0x00000240450241a0 11004       3       java.util.zip.ZipUtils::unixTimeToFileTime (8 bytes)
Event: 41.250 Thread 0x00000240450241a0 nmethod 11004 0x0000023f882a6710 code [0x0000023f882a68a0, 0x0000023f882a69c8]
Event: 41.250 Thread 0x00000240450241a0 11000       3       java.util.zip.ZipUtils::winTimeToFileTime (16 bytes)
Event: 41.250 Thread 0x00000240450241a0 nmethod 11000 0x0000023f88605190 code [0x0000023f88605340, 0x0000023f886054a8]
Event: 41.263 Thread 0x000002404501ad10 nmethod 10970 0x0000023f983c8610 code [0x0000023f983c8940, 0x0000023f983cae58]
Event: 41.263 Thread 0x000002404501ad10 10987       4       org.jetbrains.kotlin.com.intellij.openapi.vfs.impl.ZipEntryMap::put (80 bytes)
Event: 41.271 Thread 0x00000240450241a0 11008       3       org.jetbrains.kotlin.com.intellij.util.containers.FactoryMap::get (69 bytes)
Event: 41.272 Thread 0x00000240450241a0 nmethod 11008 0x0000023f885cb510 code [0x0000023f885cb7a0, 0x0000023f885cc668]
Event: 41.278 Thread 0x00000240450241a0 11011       3       org.jetbrains.kotlin.com.intellij.reference.SoftReference::dereference (13 bytes)
Event: 41.278 Thread 0x00000240450241a0 nmethod 11011 0x0000023f88569f90 code [0x0000023f8856a140, 0x0000023f8856a348]
Event: 41.292 Thread 0x00000240450241a0 11012       3       java.lang.ref.SoftReference::get (29 bytes)
Event: 41.293 Thread 0x00000240450241a0 nmethod 11012 0x0000023f88817c90 code [0x0000023f88817e20, 0x0000023f88817ff8]
Event: 41.294 Thread 0x00000240450241a0 11013       3       org.jetbrains.kotlin.com.intellij.util.containers.LinkedCustomHashMap::hashKey (22 bytes)
Event: 41.295 Thread 0x00000240450241a0 nmethod 11013 0x0000023f8812e910 code [0x0000023f8812eac0, 0x0000023f8812ee88]
Event: 41.295 Thread 0x00000240450241a0 11014       3       org.jetbrains.kotlin.com.intellij.util.io.FileAccessorCache::getHashCode (5 bytes)
Event: 41.295 Thread 0x00000240450241a0 nmethod 11014 0x0000023f8812e490 code [0x0000023f8812e640, 0x0000023f8812e808]
Event: 41.304 Thread 0x00000240450241a0 11016       3       java.util.HashMap$EntrySet::size (8 bytes)

GC Heap History (20 events):
Event: 23.879 GC heap after
{Heap after GC invocations=14 (full 0):
 garbage-first heap   total 196608K, used 41321K [0x0000000600000000, 0x0000000800000000)
  region size 4096K, 2 young (8192K), 2 survivors (8192K)
 Metaspace       used 48926K, committed 49536K, reserved 1114112K
  class space    used 6836K, committed 7104K, reserved 1048576K
}
Event: 27.443 GC heap before
{Heap before GC invocations=14 (full 0):
 garbage-first heap   total 196608K, used 143721K [0x0000000600000000, 0x0000000800000000)
  region size 4096K, 26 young (106496K), 2 survivors (8192K)
 Metaspace       used 55094K, committed 55808K, reserved 1114112K
  class space    used 7789K, committed 8128K, reserved 1048576K
}
Event: 27.457 GC heap after
{Heap after GC invocations=15 (full 0):
 garbage-first heap   total 196608K, used 55558K [0x0000000600000000, 0x0000000800000000)
  region size 4096K, 4 young (16384K), 4 survivors (16384K)
 Metaspace       used 55094K, committed 55808K, reserved 1114112K
  class space    used 7789K, committed 8128K, reserved 1048576K
}
Event: 28.213 GC heap before
{Heap before GC invocations=15 (full 0):
 garbage-first heap   total 196608K, used 92422K [0x0000000600000000, 0x0000000800000000)
  region size 4096K, 14 young (57344K), 4 survivors (16384K)
 Metaspace       used 59368K, committed 60096K, reserved 1114112K
  class space    used 8347K, committed 8704K, reserved 1048576K
}
Event: 28.224 GC heap after
{Heap after GC invocations=16 (full 0):
 garbage-first heap   total 196608K, used 59486K [0x0000000600000000, 0x0000000800000000)
  region size 4096K, 1 young (4096K), 1 survivors (4096K)
 Metaspace       used 59368K, committed 60096K, reserved 1114112K
  class space    used 8347K, committed 8704K, reserved 1048576K
}
Event: 29.989 GC heap before
{Heap before GC invocations=17 (full 0):
 garbage-first heap   total 196608K, used 153694K [0x0000000600000000, 0x0000000800000000)
  region size 4096K, 23 young (94208K), 1 survivors (4096K)
 Metaspace       used 65265K, committed 65984K, reserved 1114112K
  class space    used 9198K, committed 9536K, reserved 1048576K
}
Event: 29.994 GC heap after
{Heap after GC invocations=18 (full 0):
 garbage-first heap   total 196608K, used 65610K [0x0000000600000000, 0x0000000800000000)
  region size 4096K, 2 young (8192K), 2 survivors (8192K)
 Metaspace       used 65265K, committed 65984K, reserved 1114112K
  class space    used 9198K, committed 9536K, reserved 1048576K
}
Event: 32.271 GC heap before
{Heap before GC invocations=18 (full 0):
 garbage-first heap   total 196608K, used 151626K [0x0000000600000000, 0x0000000800000000)
  region size 4096K, 23 young (94208K), 2 survivors (8192K)
 Metaspace       used 70808K, committed 71616K, reserved 1114112K
  class space    used 10073K, committed 10496K, reserved 1048576K
}
Event: 32.283 GC heap after
{Heap after GC invocations=19 (full 0):
 garbage-first heap   total 196608K, used 72450K [0x0000000600000000, 0x0000000800000000)
  region size 4096K, 3 young (12288K), 3 survivors (12288K)
 Metaspace       used 70808K, committed 71616K, reserved 1114112K
  class space    used 10073K, committed 10496K, reserved 1048576K
}
Event: 34.760 GC heap before
{Heap before GC invocations=19 (full 0):
 garbage-first heap   total 196608K, used 150274K [0x0000000600000000, 0x0000000800000000)
  region size 4096K, 23 young (94208K), 3 survivors (12288K)
 Metaspace       used 72354K, committed 73152K, reserved 1114112K
  class space    used 10234K, committed 10624K, reserved 1048576K
}
Event: 34.776 GC heap after
{Heap after GC invocations=20 (full 0):
 garbage-first heap   total 196608K, used 78665K [0x0000000600000000, 0x0000000800000000)
  region size 4096K, 3 young (12288K), 3 survivors (12288K)
 Metaspace       used 72354K, committed 73152K, reserved 1114112K
  class space    used 10234K, committed 10624K, reserved 1048576K
}
Event: 35.718 GC heap before
{Heap before GC invocations=20 (full 0):
 garbage-first heap   total 196608K, used 144201K [0x0000000600000000, 0x0000000800000000)
  region size 4096K, 20 young (81920K), 3 survivors (12288K)
 Metaspace       used 72401K, committed 73216K, reserved 1114112K
  class space    used 10235K, committed 10624K, reserved 1048576K
}
Event: 35.728 GC heap after
{Heap after GC invocations=21 (full 0):
 garbage-first heap   total 196608K, used 81681K [0x0000000600000000, 0x0000000800000000)
  region size 4096K, 2 young (8192K), 2 survivors (8192K)
 Metaspace       used 72401K, committed 73216K, reserved 1114112K
  class space    used 10235K, committed 10624K, reserved 1048576K
}
Event: 36.950 GC heap before
{Heap before GC invocations=21 (full 0):
 garbage-first heap   total 196608K, used 147217K [0x0000000600000000, 0x0000000800000000)
  region size 4096K, 19 young (77824K), 2 survivors (8192K)
 Metaspace       used 73243K, committed 74112K, reserved 1114112K
  class space    used 10338K, committed 10752K, reserved 1048576K
}
Event: 36.960 GC heap after
{Heap after GC invocations=22 (full 0):
 garbage-first heap   total 196608K, used 93694K [0x0000000600000000, 0x0000000800000000)
  region size 4096K, 3 young (12288K), 3 survivors (12288K)
 Metaspace       used 73243K, committed 74112K, reserved 1114112K
  class space    used 10338K, committed 10752K, reserved 1048576K
}
Event: 39.306 GC heap before
{Heap before GC invocations=22 (full 0):
 garbage-first heap   total 196608K, used 151038K [0x0000000600000000, 0x0000000800000000)
  region size 4096K, 17 young (69632K), 3 survivors (12288K)
 Metaspace       used 81346K, committed 82176K, reserved 1179648K
  class space    used 11820K, committed 12224K, reserved 1048576K
}
Event: 39.313 GC heap after
{Heap after GC invocations=23 (full 0):
 garbage-first heap   total 196608K, used 97036K [0x0000000600000000, 0x0000000800000000)
  region size 4096K, 1 young (4096K), 1 survivors (4096K)
 Metaspace       used 81346K, committed 82176K, reserved 1179648K
  class space    used 11820K, committed 12224K, reserved 1048576K
}
Event: 40.742 GC heap before
{Heap before GC invocations=23 (full 0):
 garbage-first heap   total 196608K, used 146188K [0x0000000600000000, 0x0000000800000000)
  region size 4096K, 14 young (57344K), 1 survivors (4096K)
 Metaspace       used 87806K, committed 88768K, reserved 1179648K
  class space    used 12607K, committed 13056K, reserved 1048576K
}
Event: 40.748 GC heap after
{Heap after GC invocations=24 (full 0):
 garbage-first heap   total 196608K, used 98318K [0x0000000600000000, 0x0000000800000000)
  region size 4096K, 1 young (4096K), 1 survivors (4096K)
 Metaspace       used 87806K, committed 88768K, reserved 1179648K
  class space    used 12607K, committed 13056K, reserved 1048576K
}
Event: 41.319 GC heap before
{Heap before GC invocations=25 (full 0):
 garbage-first heap   total 200704K, used 159758K [0x0000000600000000, 0x0000000800000000)
  region size 4096K, 14 young (57344K), 1 survivors (4096K)
 Metaspace       used 88202K, committed 89216K, reserved 1179648K
  class space    used 12618K, committed 13056K, reserved 1048576K
}

Dll operation events (15 events):
Event: 0.013 Loaded shared library C:\Program Files\Eclipse Adoptium\jdk-17.0.13.11-hotspot\bin\java.dll
Event: 0.033 Loaded shared library C:\Program Files\Eclipse Adoptium\jdk-17.0.13.11-hotspot\bin\jsvml.dll
Event: 0.097 Loaded shared library C:\Program Files\Eclipse Adoptium\jdk-17.0.13.11-hotspot\bin\zip.dll
Event: 0.099 Loaded shared library C:\Program Files\Eclipse Adoptium\jdk-17.0.13.11-hotspot\bin\instrument.dll
Event: 0.105 Loaded shared library C:\Program Files\Eclipse Adoptium\jdk-17.0.13.11-hotspot\bin\net.dll
Event: 0.108 Loaded shared library C:\Program Files\Eclipse Adoptium\jdk-17.0.13.11-hotspot\bin\nio.dll
Event: 0.110 Loaded shared library C:\Program Files\Eclipse Adoptium\jdk-17.0.13.11-hotspot\bin\zip.dll
Event: 0.462 Loaded shared library C:\Program Files\Eclipse Adoptium\jdk-17.0.13.11-hotspot\bin\jimage.dll
Event: 0.714 Loaded shared library C:\Program Files\Eclipse Adoptium\jdk-17.0.13.11-hotspot\bin\verify.dll
Event: 0.969 Loaded shared library C:\Users\dawat\.gradle\native\1def1411415f61bf3af743bc5b6707747c0891f09f0c88961ee8f79bc544acac\windows-amd64\native-platform.dll
Event: 1.008 Loaded shared library C:\Users\dawat\.gradle\native\0.2.7\x86_64-windows-gnu\gradle-fileevents.dll
Event: 4.247 Loaded shared library C:\Program Files\Eclipse Adoptium\jdk-17.0.13.11-hotspot\bin\management.dll
Event: 4.254 Loaded shared library C:\Program Files\Eclipse Adoptium\jdk-17.0.13.11-hotspot\bin\management_ext.dll
Event: 5.207 Loaded shared library C:\Program Files\Eclipse Adoptium\jdk-17.0.13.11-hotspot\bin\extnet.dll
Event: 5.844 Loaded shared library C:\Program Files\Eclipse Adoptium\jdk-17.0.13.11-hotspot\bin\sunmscapi.dll

Deoptimization events (20 events):
Event: 41.169 Thread 0x0000024046363d20 Uncommon trap: trap_request=0xffffff45 fr.pc=0x0000023f983baf40 relative=0x0000000000001c40
Event: 41.169 Thread 0x0000024046363d20 Uncommon trap: reason=unstable_if action=reinterpret pc=0x0000023f983baf40 method=org.jetbrains.kotlin.com.intellij.openapi.vfs.impl.ArchiveHandler.directoryEntry(Ljava/util/Map;Lorg/jetbrains/kotlin/com/intellij/openapi/diagnostic/Logger;Ljava/lang/Strin
Event: 41.169 Thread 0x0000024046363d20 DEOPT PACKING pc=0x0000023f983baf40 sp=0x000000bafa8f4550
Event: 41.169 Thread 0x0000024046363d20 DEOPT UNPACKING pc=0x0000023f978069a3 sp=0x000000bafa8f44c8 mode 2
Event: 41.179 Thread 0x0000024046363d20 Uncommon trap: trap_request=0xffffff45 fr.pc=0x0000023f983bef9c relative=0x000000000000027c
Event: 41.179 Thread 0x0000024046363d20 Uncommon trap: reason=unstable_if action=reinterpret pc=0x0000023f983bef9c method=org.jetbrains.kotlin.com.intellij.util.SmartList.add(Ljava/lang/Object;)Z @ 6 c2
Event: 41.179 Thread 0x0000024046363d20 DEOPT PACKING pc=0x0000023f983bef9c sp=0x000000bafa8f46e0
Event: 41.179 Thread 0x0000024046363d20 DEOPT UNPACKING pc=0x0000023f978069a3 sp=0x000000bafa8f46a0 mode 2
Event: 41.187 Thread 0x0000024046363d20 DEOPT PACKING pc=0x0000023f881604a0 sp=0x000000bafa8f4630
Event: 41.187 Thread 0x0000024046363d20 DEOPT UNPACKING pc=0x0000023f97807143 sp=0x000000bafa8f3b38 mode 0
Event: 41.239 Thread 0x0000024046363d20 Uncommon trap: trap_request=0xffffff45 fr.pc=0x0000023f983c6ff8 relative=0x0000000000001f58
Event: 41.239 Thread 0x0000024046363d20 Uncommon trap: reason=unstable_if action=reinterpret pc=0x0000023f983c6ff8 method=org.jetbrains.kotlin.com.intellij.openapi.vfs.impl.jar.CoreJarHandler.getOrCreateFile(Lorg/jetbrains/kotlin/com/intellij/openapi/vfs/impl/ArchiveHandler$EntryInfo;Ljava/util
Event: 41.239 Thread 0x0000024046363d20 DEOPT PACKING pc=0x0000023f983c6ff8 sp=0x000000bafa8f4760
Event: 41.239 Thread 0x0000024046363d20 DEOPT UNPACKING pc=0x0000023f978069a3 sp=0x000000bafa8f4768 mode 2
Event: 41.270 Thread 0x0000024046363d20 Uncommon trap: trap_request=0xffffff45 fr.pc=0x0000023f983cabb4 relative=0x0000000000002274
Event: 41.270 Thread 0x0000024046363d20 Uncommon trap: reason=unstable_if action=reinterpret pc=0x0000023f983cabb4 method=org.jetbrains.kotlin.com.intellij.util.containers.FactoryMap.getMap()Ljava/util/Map; @ 6 c2
Event: 41.270 Thread 0x0000024046363d20 DEOPT PACKING pc=0x0000023f983cabb4 sp=0x000000bafa8f4780
Event: 41.270 Thread 0x0000024046363d20 DEOPT UNPACKING pc=0x0000023f978069a3 sp=0x000000bafa8f4700 mode 2
Event: 41.281 Thread 0x0000024046363d20 DEOPT PACKING pc=0x0000023f881604a0 sp=0x000000bafa8f4200
Event: 41.281 Thread 0x0000024046363d20 DEOPT UNPACKING pc=0x0000023f97807143 sp=0x000000bafa8f3708 mode 0

Classes loaded (20 events):
Event: 39.977 Loading class java/nio/channels/Channels$ReadableByteChannelImpl
Event: 39.977 Loading class java/nio/channels/Channels$ReadableByteChannelImpl done
Event: 39.978 Loading class java/nio/channels/NonWritableChannelException
Event: 39.979 Loading class java/nio/channels/NonWritableChannelException done
Event: 40.187 Loading class java/nio/charset/IllegalCharsetNameException
Event: 40.187 Loading class java/nio/charset/IllegalCharsetNameException done
Event: 40.187 Loading class java/nio/charset/UnsupportedCharsetException
Event: 40.187 Loading class java/nio/charset/UnsupportedCharsetException done
Event: 40.188 Loading class sun/nio/cs/UTF_32BE
Event: 40.188 Loading class sun/nio/cs/UTF_32BE done
Event: 40.188 Loading class sun/nio/cs/UTF_32LE
Event: 40.188 Loading class sun/nio/cs/UTF_32LE done
Event: 40.188 Loading class sun/nio/cs/MS1251
Event: 40.188 Loading class sun/nio/cs/MS1251 done
Event: 40.693 Loading class java/beans/PropertyChangeSupport
Event: 40.693 Loading class java/beans/PropertyChangeSupport done
Event: 40.693 Loading class java/beans/PropertyChangeSupport$PropertyChangeListenerMap
Event: 40.693 Loading class java/beans/ChangeListenerMap
Event: 40.694 Loading class java/beans/ChangeListenerMap done
Event: 40.694 Loading class java/beans/PropertyChangeSupport$PropertyChangeListenerMap done

Classes unloaded (0 events):
No events

Classes redefined (0 events):
No events

Internal exceptions (20 events):
Event: 38.457 Thread 0x0000024046363d20 Exception <a 'sun/nio/fs/WindowsException'{0x000000060a103360}> (0x000000060a103360) 
thrown [s\src\hotspot\share\prims\jni.cpp, line 516]
Event: 38.457 Thread 0x0000024046363d20 Exception <a 'sun/nio/fs/WindowsException'{0x000000060a105160}> (0x000000060a105160) 
thrown [s\src\hotspot\share\prims\jni.cpp, line 516]
Event: 38.716 Thread 0x0000024046363d20 Exception <a 'sun/nio/fs/WindowsException'{0x0000000609fc5548}> (0x0000000609fc5548) 
thrown [s\src\hotspot\share\prims\jni.cpp, line 516]
Event: 38.838 Thread 0x0000024046363d20 Exception <a 'java/lang/NoSuchMethodError'{0x0000000609bf2ed8}: 'long java.lang.invoke.DirectMethodHandle$Holder.invokeStatic(java.lang.Object)'> (0x0000000609bf2ed8) 
thrown [s\src\hotspot\share\interpreter\linkResolver.cpp, line 759]
Event: 38.839 Thread 0x0000024046363d20 Exception <a 'java/lang/NoSuchMethodError'{0x0000000609bf7d20}: 'long java.lang.invoke.DirectMethodHandle$Holder.invokeStaticInit(java.lang.Object)'> (0x0000000609bf7d20) 
thrown [s\src\hotspot\share\interpreter\linkResolver.cpp, line 759]
Event: 38.991 Thread 0x0000024046363d20 Exception <a 'java/lang/NoSuchMethodError'{0x00000006090f35d8}: 'void java.lang.invoke.DelegatingMethodHandle$Holder.reinvoke_L(java.lang.Object, java.lang.Object, java.lang.Object, long, java.lang.Object)'> (0x00000006090f35d8) 
thrown [s\src\hotspot\share\interpreter\linkResolver.cpp, line 759]
Event: 38.992 Thread 0x0000024046363d20 Exception <a 'java/lang/NoSuchMethodError'{0x00000006090fbf88}: 'java.lang.Object java.lang.invoke.DirectMethodHandle$Holder.invokeSpecial(java.lang.Object, java.lang.Object, java.lang.Object, java.lang.Object, long)'> (0x00000006090fbf88) 
thrown [s\src\hotspot\share\interpreter\linkResolver.cpp, line 759]
Event: 38.993 Thread 0x0000024046363d20 Exception <a 'java/lang/NoSuchMethodError'{0x000000060910c8e0}: 'int java.lang.invoke.DelegatingMethodHandle$Holder.reinvoke_L(java.lang.Object, java.lang.Object, java.lang.Object, long, java.lang.Object, java.lang.Object)'> (0x000000060910c8e0) 
thrown [s\src\hotspot\share\interpreter\linkResolver.cpp, line 759]
Event: 38.995 Thread 0x0000024046363d20 Exception <a 'java/lang/NoSuchMethodError'{0x000000060911cb10}: 'int java.lang.invoke.DelegatingMethodHandle$Holder.reinvoke_L(java.lang.Object, java.lang.Object, java.lang.Object, long, int, int)'> (0x000000060911cb10) 
thrown [s\src\hotspot\share\interpreter\linkResolver.cpp, line 759]
Event: 38.996 Thread 0x0000024046363d20 Exception <a 'java/lang/NoSuchMethodError'{0x000000060912cbc8}: 'int java.lang.invoke.DelegatingMethodHandle$Holder.reinvoke_L(java.lang.Object, java.lang.Object, java.lang.Object, long, long, long)'> (0x000000060912cbc8) 
thrown [s\src\hotspot\share\interpreter\linkResolver.cpp, line 759]
Event: 38.999 Thread 0x0000024046363d20 Exception <a 'java/lang/NoSuchMethodError'{0x000000060913c968}: 'int java.lang.invoke.DelegatingMethodHandle$Holder.reinvoke_L(java.lang.Object, java.lang.Object, java.lang.Object, long, int)'> (0x000000060913c968) 
thrown [s\src\hotspot\share\interpreter\linkResolver.cpp, line 759]
Event: 39.004 Thread 0x0000024046363d20 Exception <a 'java/lang/NoSuchMethodError'{0x0000000609157d18}: 'void java.lang.invoke.DelegatingMethodHandle$Holder.reinvoke_L(java.lang.Object, java.lang.Object, java.lang.Object, long, java.lang.Object, long, long)'> (0x0000000609157d18) 
thrown [s\src\hotspot\share\interpreter\linkResolver.cpp, line 759]
Event: 39.005 Thread 0x0000024046363d20 Exception <a 'java/lang/NoSuchMethodError'{0x0000000609160480}: 'long java.lang.invoke.Invokers$Holder.invokeExact_MT(java.lang.Object, java.lang.Object, java.lang.Object)'> (0x0000000609160480) 
thrown [s\src\hotspot\share\interpreter\linkResolver.cpp, line 759]
Event: 39.005 Thread 0x0000024046363d20 Exception <a 'java/lang/NoSuchMethodError'{0x00000006091658d0}: 'int java.lang.invoke.Invokers$Holder.invokeExact_MT(java.lang.Object, java.lang.Object, java.lang.Object)'> (0x00000006091658d0) 
thrown [s\src\hotspot\share\interpreter\linkResolver.cpp, line 759]
Event: 39.927 Thread 0x0000024046363d20 Exception <a 'java/lang/NoSuchMethodError'{0x000000060a5523d0}: 'java.lang.Object java.lang.invoke.DirectMethodHandle$Holder.invokeStatic(java.lang.Object, java.lang.Object, java.lang.Object, java.lang.Object, int, java.lang.Object)'> (0x000000060a5523d0) 
thrown [s\src\hotspot\share\interpreter\linkResolver.cpp, line 759]
Event: 39.952 Thread 0x0000024046363d20 Exception <a 'java/lang/NoSuchMethodError'{0x000000060a650cd0}: 'java.lang.Object java.lang.invoke.Invokers$Holder.invoke_MT(java.lang.Object, java.lang.Object, java.lang.Object)'> (0x000000060a650cd0) 
thrown [s\src\hotspot\share\interpreter\linkResolver.cpp, line 759]
Event: 39.961 Thread 0x0000024046363d20 Exception <a 'sun/nio/fs/WindowsException'{0x000000060a6b0838}> (0x000000060a6b0838) 
thrown [s\src\hotspot\share\prims\jni.cpp, line 516]
Event: 40.556 Thread 0x0000024046363d20 Exception <a 'java/lang/NoSuchMethodError'{0x0000000609027598}: 'java.lang.Object java.lang.invoke.Invokers$Holder.invokeExact_MT(java.lang.Object, java.lang.Object, long, java.lang.Object)'> (0x0000000609027598) 
thrown [s\src\hotspot\share\interpreter\linkResolver.cpp, line 759]
Event: 40.559 Thread 0x0000024046363d20 Exception <a 'java/lang/NoSuchMethodError'{0x000000060903def0}: 'void java.lang.invoke.Invokers$Holder.invokeExact_MT(java.lang.Object, java.lang.Object, long, java.lang.Object, java.lang.Object)'> (0x000000060903def0) 
thrown [s\src\hotspot\share\interpreter\linkResolver.cpp, line 759]
Event: 41.270 Thread 0x0000024046363d20 Implicit null exception at 0x0000023f983c8980 to 0x0000023f983cab98

VM Operations (20 events):
Event: 39.124 Executing VM operation: HandshakeAllThreads done
Event: 39.306 Executing VM operation: G1CollectForAllocation
Event: 39.313 Executing VM operation: G1CollectForAllocation done
Event: 39.978 Executing VM operation: HandshakeAllThreads
Event: 39.978 Executing VM operation: HandshakeAllThreads done
Event: 40.387 Executing VM operation: HandshakeAllThreads
Event: 40.388 Executing VM operation: HandshakeAllThreads done
Event: 40.388 Executing VM operation: Cleanup
Event: 40.389 Executing VM operation: Cleanup done
Event: 40.680 Executing VM operation: HandshakeAllThreads
Event: 40.680 Executing VM operation: HandshakeAllThreads done
Event: 40.742 Executing VM operation: G1TryInitiateConcMark
Event: 40.748 Executing VM operation: G1TryInitiateConcMark done
Event: 40.870 Executing VM operation: G1PauseRemark
Event: 40.877 Executing VM operation: G1PauseRemark done
Event: 40.926 Executing VM operation: G1PauseCleanup
Event: 40.926 Executing VM operation: G1PauseCleanup done
Event: 41.067 Executing VM operation: HandshakeAllThreads
Event: 41.067 Executing VM operation: HandshakeAllThreads done
Event: 41.319 Executing VM operation: G1CollectForAllocation

Memory protections (0 events):
No events

Nmethod flushes (20 events):
Event: 35.097 Thread 0x0000024045024ea0 flushing  nmethod 0x0000023f888ba090
Event: 35.097 Thread 0x0000024045024ea0 flushing  nmethod 0x0000023f888bb690
Event: 35.097 Thread 0x0000024045024ea0 flushing  nmethod 0x0000023f888bc610
Event: 35.097 Thread 0x0000024045024ea0 flushing  nmethod 0x0000023f888d3b10
Event: 35.097 Thread 0x0000024045024ea0 flushing  nmethod 0x0000023f888d7810
Event: 35.097 Thread 0x0000024045024ea0 flushing  nmethod 0x0000023f888fb510
Event: 35.097 Thread 0x0000024045024ea0 flushing  nmethod 0x0000023f88953890
Event: 35.098 Thread 0x0000024045024ea0 flushing  nmethod 0x0000023f88991410
Event: 35.099 Thread 0x0000024045024ea0 flushing  nmethod 0x0000023f88a60510
Event: 35.099 Thread 0x0000024045024ea0 flushing  nmethod 0x0000023f88a78810
Event: 35.100 Thread 0x0000024045024ea0 flushing  nmethod 0x0000023f88bfc110
Event: 39.130 Thread 0x0000024045024ea0 flushing  nmethod 0x0000023f87dc2e90
Event: 39.130 Thread 0x0000024045024ea0 flushing  nmethod 0x0000023f87e1df10
Event: 39.132 Thread 0x0000024045024ea0 flushing  nmethod 0x0000023f88040890
Event: 39.135 Thread 0x0000024045024ea0 flushing  nmethod 0x0000023f88235790
Event: 39.137 Thread 0x0000024045024ea0 flushing  nmethod 0x0000023f884b8490
Event: 39.138 Thread 0x0000024045024ea0 flushing  nmethod 0x0000023f885a4810
Event: 39.138 Thread 0x0000024045024ea0 flushing  nmethod 0x0000023f885a7d10
Event: 39.138 Thread 0x0000024045024ea0 flushing  nmethod 0x0000023f885e3910
Event: 39.140 Thread 0x0000024045024ea0 flushing  nmethod 0x0000023f8887be90

Events (20 events):
Event: 34.082 Thread 0x0000024046363d20 Thread added: 0x000002404bfa2810
Event: 34.087 Thread 0x0000024046363d20 Thread added: 0x000002404bfa2d20
Event: 34.089 Thread 0x0000024046363d20 Thread added: 0x000002404bfa3230
Event: 34.092 Thread 0x0000024046363d20 Thread added: 0x000002404bf9ff90
Event: 34.094 Thread 0x0000024046363d20 Thread added: 0x000002404bfa1df0
Event: 34.681 Thread 0x0000024046363d20 Thread added: 0x000002404bfa3740
Event: 34.683 Thread 0x0000024046363d20 Thread added: 0x000002404bfa3c50
Event: 34.685 Thread 0x0000024046363d20 Thread added: 0x000002404bfa4160
Event: 34.686 Thread 0x0000024046363d20 Thread added: 0x000002404bfa4670
Event: 34.687 Thread 0x0000024046363d20 Thread added: 0x000002404bfa0ec0
Event: 34.688 Thread 0x0000024046363d20 Thread added: 0x000002404bfa4b80
Event: 34.689 Thread 0x0000024046363d20 Thread added: 0x000002404bfa55a0
Event: 37.362 Thread 0x000002404b804210 Thread exited: 0x000002404b804210
Event: 37.362 Thread 0x000002404705c750 Thread exited: 0x000002404705c750
Event: 39.528 Thread 0x00000240450241a0 Thread added: 0x000002404b804210
Event: 39.888 Thread 0x000002404b804210 Thread exited: 0x000002404b804210
Event: 40.021 Thread 0x00000240450241a0 Thread added: 0x000002404b804210
Event: 40.509 Thread 0x000002404b804210 Thread exited: 0x000002404b804210
Event: 40.829 Thread 0x000002404501ad10 Thread added: 0x000002404b803220
Event: 40.878 Thread 0x000002404501ad10 Thread added: 0x000002404b804760


Dynamic libraries:
0x00007ff7fc950000 - 0x00007ff7fc95e000 	C:\Program Files\Eclipse Adoptium\jdk-17.0.13.11-hotspot\bin\java.exe
0x00007ffb887a0000 - 0x00007ffb88a08000 	C:\WINDOWS\SYSTEM32\ntdll.dll
0x00007ffb55c60000 - 0x00007ffb55c80000 	C:\Program Files\Avast Software\Avast\aswhook.dll
0x00007ffb86b90000 - 0x00007ffb86c59000 	C:\WINDOWS\System32\KERNEL32.DLL
0x00007ffb858f0000 - 0x00007ffb85ce8000 	C:\WINDOWS\System32\KERNELBASE.dll
0x00007ffb85fa0000 - 0x00007ffb860eb000 	C:\WINDOWS\System32\ucrtbase.dll
0x00007ffb6f7d0000 - 0x00007ffb6f7e7000 	C:\Program Files\Eclipse Adoptium\jdk-17.0.13.11-hotspot\bin\jli.dll
0x00007ffb77e40000 - 0x00007ffb77e5e000 	C:\Program Files\Eclipse Adoptium\jdk-17.0.13.11-hotspot\bin\VCRUNTIME140.dll
0x00007ffb87970000 - 0x00007ffb87b37000 	C:\WINDOWS\System32\USER32.dll
0x00007ffb5df10000 - 0x00007ffb5e1a4000 	C:\WINDOWS\WinSxS\amd64_microsoft.windows.common-controls_6595b64144ccf1df_6.0.26100.7019_none_3e06ffa0e335b8a8\COMCTL32.dll
0x00007ffb86180000 - 0x00007ffb861a7000 	C:\WINDOWS\System32\win32u.dll
0x00007ffb86d80000 - 0x00007ffb86e29000 	C:\WINDOWS\System32\msvcrt.dll
0x00007ffb883a0000 - 0x00007ffb883cb000 	C:\WINDOWS\System32\GDI32.dll
0x00007ffb85cf0000 - 0x00007ffb85e1c000 	C:\WINDOWS\System32\gdi32full.dll
0x00007ffb861b0000 - 0x00007ffb86253000 	C:\WINDOWS\System32\msvcp_win.dll
0x00007ffb867f0000 - 0x00007ffb86821000 	C:\WINDOWS\System32\IMM32.DLL
0x00007ffb73d40000 - 0x00007ffb73d4c000 	C:\Program Files\Eclipse Adoptium\jdk-17.0.13.11-hotspot\bin\vcruntime140_1.dll
0x00007ffb24f30000 - 0x00007ffb24fbd000 	C:\Program Files\Eclipse Adoptium\jdk-17.0.13.11-hotspot\bin\msvcp140.dll
0x00007ffafbf70000 - 0x00007ffafcbdb000 	C:\Program Files\Eclipse Adoptium\jdk-17.0.13.11-hotspot\bin\server\jvm.dll
0x00007ffb88420000 - 0x00007ffb884d4000 	C:\WINDOWS\System32\ADVAPI32.dll
0x00007ffb866c0000 - 0x00007ffb86766000 	C:\WINDOWS\System32\sechost.dll
0x00007ffb86c60000 - 0x00007ffb86d78000 	C:\WINDOWS\System32\RPCRT4.dll
0x00007ffb86640000 - 0x00007ffb866b4000 	C:\WINDOWS\System32\WS2_32.dll
0x00007ffb85750000 - 0x00007ffb857ae000 	C:\WINDOWS\SYSTEM32\POWRPROF.dll
0x00007ffb6f470000 - 0x00007ffb6f4a5000 	C:\WINDOWS\SYSTEM32\WINMM.dll
0x00007ffb79f40000 - 0x00007ffb79f4b000 	C:\WINDOWS\SYSTEM32\VERSION.dll
0x00007ffb85730000 - 0x00007ffb85744000 	C:\WINDOWS\SYSTEM32\UMPDC.dll
0x00007ffb84670000 - 0x00007ffb8468b000 	C:\WINDOWS\SYSTEM32\kernel.appcore.dll
0x00007ffb6f870000 - 0x00007ffb6f87a000 	C:\Program Files\Eclipse Adoptium\jdk-17.0.13.11-hotspot\bin\jimage.dll
0x00007ffb803c0000 - 0x00007ffb80602000 	C:\WINDOWS\SYSTEM32\DBGHELP.DLL
0x00007ffb87110000 - 0x00007ffb8749b000 	C:\WINDOWS\System32\combase.dll
0x00007ffb86ab0000 - 0x00007ffb86b87000 	C:\WINDOWS\System32\OLEAUT32.dll
0x00007ffb766b0000 - 0x00007ffb766ec000 	C:\WINDOWS\SYSTEM32\dbgcore.DLL
0x00007ffb86490000 - 0x00007ffb86535000 	C:\WINDOWS\System32\bcryptPrimitives.dll
0x00007ffb7fa20000 - 0x00007ffb7fa2e000 	C:\Program Files\Eclipse Adoptium\jdk-17.0.13.11-hotspot\bin\instrument.dll
0x00007ffb50710000 - 0x00007ffb50735000 	C:\Program Files\Eclipse Adoptium\jdk-17.0.13.11-hotspot\bin\java.dll
0x00007ffb17330000 - 0x00007ffb17407000 	C:\Program Files\Eclipse Adoptium\jdk-17.0.13.11-hotspot\bin\jsvml.dll
0x00007ffb87b40000 - 0x00007ffb8828f000 	C:\WINDOWS\System32\SHELL32.dll
0x00007ffb86260000 - 0x00007ffb863cb000 	C:\WINDOWS\System32\wintypes.dll
0x00007ffb834f0000 - 0x00007ffb83d4d000 	C:\WINDOWS\SYSTEM32\windows.storage.dll
0x00007ffb882a0000 - 0x00007ffb88392000 	C:\WINDOWS\System32\SHCORE.dll
0x00007ffb86540000 - 0x00007ffb865a7000 	C:\WINDOWS\System32\shlwapi.dll
0x00007ffb85810000 - 0x00007ffb85839000 	C:\WINDOWS\SYSTEM32\profapi.dll
0x00007ffb6d780000 - 0x00007ffb6d798000 	C:\Program Files\Eclipse Adoptium\jdk-17.0.13.11-hotspot\bin\zip.dll
0x00007ffb59c10000 - 0x00007ffb59c29000 	C:\Program Files\Eclipse Adoptium\jdk-17.0.13.11-hotspot\bin\net.dll
0x00007ffb79dc0000 - 0x00007ffb79ee8000 	C:\WINDOWS\SYSTEM32\WINHTTP.dll
0x00007ffb84bc0000 - 0x00007ffb84c2b000 	C:\WINDOWS\system32\mswsock.dll
0x00007ffb50aa0000 - 0x00007ffb50ab6000 	C:\Program Files\Eclipse Adoptium\jdk-17.0.13.11-hotspot\bin\nio.dll
0x00007ffb6f4c0000 - 0x00007ffb6f4d0000 	C:\Program Files\Eclipse Adoptium\jdk-17.0.13.11-hotspot\bin\verify.dll
0x00007ffb40520000 - 0x00007ffb40547000 	C:\Users\dawat\.gradle\native\1def1411415f61bf3af743bc5b6707747c0891f09f0c88961ee8f79bc544acac\windows-amd64\native-platform.dll
0x00007ffb50790000 - 0x00007ffb50808000 	C:\Users\dawat\.gradle\native\0.2.7\x86_64-windows-gnu\gradle-fileevents.dll
0x00007ffb82790000 - 0x00007ffb8279a000 	C:\Program Files\Eclipse Adoptium\jdk-17.0.13.11-hotspot\bin\management.dll
0x00007ffb82780000 - 0x00007ffb8278b000 	C:\Program Files\Eclipse Adoptium\jdk-17.0.13.11-hotspot\bin\management_ext.dll
0x00007ffb884e0000 - 0x00007ffb884e8000 	C:\WINDOWS\System32\PSAPI.DLL
0x00007ffb84110000 - 0x00007ffb84144000 	C:\WINDOWS\SYSTEM32\IPHLPAPI.DLL
0x00007ffb86a10000 - 0x00007ffb86a1a000 	C:\WINDOWS\System32\NSI.dll
0x00007ffb79f80000 - 0x00007ffb79f9e000 	C:\WINDOWS\SYSTEM32\dhcpcsvc6.DLL
0x00007ffb79f50000 - 0x00007ffb79f73000 	C:\WINDOWS\SYSTEM32\dhcpcsvc.DLL
0x00007ffb841f0000 - 0x00007ffb8431c000 	C:\WINDOWS\SYSTEM32\DNSAPI.dll
0x00007ffb7fa30000 - 0x00007ffb7fa39000 	C:\Program Files\Eclipse Adoptium\jdk-17.0.13.11-hotspot\bin\extnet.dll
0x00007ffb84fb0000 - 0x00007ffb84fcb000 	C:\WINDOWS\SYSTEM32\CRYPTSP.dll
0x00007ffb845d0000 - 0x00007ffb8460a000 	C:\WINDOWS\system32\rsaenh.dll
0x00007ffb84c70000 - 0x00007ffb84c9b000 	C:\WINDOWS\SYSTEM32\USERENV.dll
0x00007ffb857e0000 - 0x00007ffb8580a000 	C:\WINDOWS\SYSTEM32\bcrypt.dll
0x00007ffb84e10000 - 0x00007ffb84e1c000 	C:\WINDOWS\SYSTEM32\CRYPTBASE.dll
0x00007ffb6f890000 - 0x00007ffb6f89e000 	C:\Program Files\Eclipse Adoptium\jdk-17.0.13.11-hotspot\bin\sunmscapi.dll
0x00007ffb85e20000 - 0x00007ffb85f97000 	C:\WINDOWS\System32\CRYPT32.dll
0x00007ffb85100000 - 0x00007ffb85130000 	C:\WINDOWS\SYSTEM32\ncrypt.dll
0x00007ffb850b0000 - 0x00007ffb850ef000 	C:\WINDOWS\SYSTEM32\NTASN1.dll
0x00007ffb79900000 - 0x00007ffb79908000 	C:\WINDOWS\system32\wshunix.dll
0x00007ffb5f260000 - 0x00007ffb5f278000 	C:\WINDOWS\system32\napinsp.dll
0x00007ffb5f240000 - 0x00007ffb5f252000 	C:\WINDOWS\System32\winrnr.dll
0x00007ffb5f1d0000 - 0x00007ffb5f1f2000 	C:\WINDOWS\system32\nlansp_c.dll
0x00007ffb5f610000 - 0x00007ffb5f626000 	C:\WINDOWS\system32\wshbth.dll
0x00007ffb6da80000 - 0x00007ffb6da8b000 	C:\Windows\System32\rasadhlp.dll
0x00007ffb79210000 - 0x00007ffb79296000 	C:\WINDOWS\System32\fwpuclnt.dll

dbghelp: loaded successfully - version: 4.0.5 - missing functions: none
symbol engine: initialized successfully - sym options: 0x614 - pdb path: .;C:\Program Files\Eclipse Adoptium\jdk-17.0.13.11-hotspot\bin;C:\WINDOWS\SYSTEM32;C:\Program Files\Avast Software\Avast;C:\WINDOWS\WinSxS\amd64_microsoft.windows.common-controls_6595b64144ccf1df_6.0.26100.7019_none_3e06ffa0e335b8a8;C:\Program Files\Eclipse Adoptium\jdk-17.0.13.11-hotspot\bin\server;C:\Users\dawat\.gradle\native\1def1411415f61bf3af743bc5b6707747c0891f09f0c88961ee8f79bc544acac\windows-amd64;C:\Users\dawat\.gradle\native\0.2.7\x86_64-windows-gnu

VM Arguments:
jvm_args: --add-opens=java.base/java.lang=ALL-UNNAMED --add-opens=java.base/java.lang.invoke=ALL-UNNAMED --add-opens=java.base/java.util=ALL-UNNAMED --add-opens=java.prefs/java.util.prefs=ALL-UNNAMED --add-exports=jdk.compiler/com.sun.tools.javac.api=ALL-UNNAMED --add-exports=jdk.compiler/com.sun.tools.javac.util=ALL-UNNAMED --add-opens=java.base/java.util=ALL-UNNAMED --add-opens=java.prefs/java.util.prefs=ALL-UNNAMED --add-opens=java.base/java.nio.charset=ALL-UNNAMED --add-opens=java.base/java.net=ALL-UNNAMED --add-opens=java.base/java.util.concurrent.atomic=ALL-UNNAMED --add-opens=java.xml/javax.xml.namespace=ALL-UNNAMED -XX:MaxMetaspaceSize=4G -XX:ReservedCodeCacheSize=512m -XX:+HeapDumpOnOutOfMemoryError -Xmx8G -Dfile.encoding=UTF-8 -Duser.country=US -Duser.language=en -Duser.variant -javaagent:C:\Users\dawat\.gradle\wrapper\dists\gradle-8.14-all\c2qonpi39x1mddn7hk5gh9iqj\gradle-8.14\lib\agents\gradle-instrumentation-agent-8.14.jar 
java_command: org.gradle.launcher.daemon.bootstrap.GradleDaemon 8.14
java_class_path (initial): C:\Users\dawat\.gradle\wrapper\dists\gradle-8.14-all\c2qonpi39x1mddn7hk5gh9iqj\gradle-8.14\lib\gradle-daemon-main-8.14.jar
Launcher Type: SUN_STANDARD

[Global flags]
     intx CICompilerCount                          = 4                                         {product} {ergonomic}
     uint ConcGCThreads                            = 2                                         {product} {ergonomic}
     uint G1ConcRefinementThreads                  = 8                                         {product} {ergonomic}
   size_t G1HeapRegionSize                         = 4194304                                   {product} {ergonomic}
    uintx GCDrainStackTargetSize                   = 64                                        {product} {ergonomic}
     bool HeapDumpOnOutOfMemoryError               = true                                   {manageable} {command line}
   size_t InitialHeapSize                          = 268435456                                 {product} {ergonomic}
   size_t MarkStackSize                            = 4194304                                   {product} {ergonomic}
   size_t MaxHeapSize                              = 8589934592                                {product} {command line}
   size_t MaxMetaspaceSize                         = 4294967296                                {product} {command line}
   size_t MaxNewSize                               = 5150605312                                {product} {ergonomic}
   size_t MinHeapDeltaBytes                        = 4194304                                   {product} {ergonomic}
   size_t MinHeapSize                              = 8388608                                   {product} {ergonomic}
    uintx NonNMethodCodeHeapSize                   = 5839372                                {pd product} {ergonomic}
    uintx NonProfiledCodeHeapSize                  = 265515770                              {pd product} {ergonomic}
    uintx ProfiledCodeHeapSize                     = 265515770                              {pd product} {ergonomic}
    uintx ReservedCodeCacheSize                    = 536870912                              {pd product} {command line}
     bool SegmentedCodeCache                       = true                                      {product} {ergonomic}
   size_t SoftMaxHeapSize                          = 8589934592                             {manageable} {ergonomic}
   double SweeperThreshold                         = 0.234375                                  {product} {ergonomic}
     bool UseCompressedClassPointers               = true                           {product lp64_product} {ergonomic}
     bool UseCompressedOops                        = true                           {product lp64_product} {ergonomic}
     bool UseG1GC                                  = true                                      {product} {ergonomic}
     bool UseLargePagesIndividualAllocation        = false                                  {pd product} {ergonomic}

Logging:
Log output configuration:
 #0: stdout all=warning uptime,level,tags
 #1: stderr all=off uptime,level,tags

Environment Variables:
JAVA_HOME=C:\Program Files\Eclipse Adoptium\jdk-17.0.13.11-hotspot\
PATH=C:\Program Files\Common Files\Oracle\Java\javapath;C:\Program Files\Eclipse Adoptium\jdk-17.0.13.11-hotspot\bin;C:\WINDOWS\system32;C:\WINDOWS;C:\WINDOWS\System32\Wbem;C:\WINDOWS\System32\WindowsPowerShell\v1.0\;C:\WINDOWS\System32\OpenSSH\;C:\Program Files\Git\cmd;C:\Program Files\dotnet\;C:\Users\dawat\AppData\Local\nvm;C:\nvm4w\nodejs;c:\Users\dawat\AppData\Local\Programs\cursor\resources\app\codeBin;C:\Users\dawat\AppData\Local\Programs\Python\Python314\Scripts\;C:\Users\dawat\AppData\Local\Programs\Python\Python314\;C:\Users\dawat\AppData\Local\Programs\Python\Launcher\;C:\Users\dawat\AppData\Local\Microsoft\WindowsApps;C:\msys64\ucrt64\bin;C:\Users\dawat\AppData\Local\GitHubDesktop\bin;C:\MinGW\bin;C:\Users\dawat\AppData\Local\Programs\Microsoft VS Code\bin;C:\Program Files\JetBrains\IntelliJ IDEA 2024.3\bin;;C:\Program Files\Git\bin\git.exe;C:\Users\dawat\AppData\Roaming\npm;C:\Users\dawat\AppData\Local\Muse Hub\lib;C:\src\flutter\bin;C:\Users\dawat\AppData\Local\Android\Sdk\cmdline-tools\latest\bin;C:\Users\dawat\AppData\Local\Android\Sdk\platform-tools;C:\Exercism;C:\Users\dawat\AppData\Local\nvm;C:\nvm4w\nodejs;C:\GnuWin32\bin;C:\Dev-Cpp\bin;C:\Users\dawat\AppData\Local\Pub\Cache\bin;C:\Users\dawat\AppData\Roaming\npm;C:\Users\dawat\AppData\Local\Programs\cursor\resources\app\bin
USERNAME=dawat
OS=Windows_NT
PROCESSOR_IDENTIFIER=Intel64 Family 6 Model 142 Stepping 12, GenuineIntel
TMP=C:\Users\dawat\AppData\Local\Temp
TEMP=C:\Users\dawat\AppData\Local\Temp



Periodic native trim disabled


---------------  S Y S T E M  ---------------

OS:
 Windows 11 , 64 bit Build 26100 (10.0.26100.7019)
OS uptime: 0 days 1:55 hours
Hyper-V role detected

CPU: total 8 (initial active 8) (4 cores per cpu, 2 threads per core) family 6 model 142 stepping 12 microcode 0x100, cx8, cmov, fxsr, ht, mmx, 3dnowpref, sse, sse2, sse3, ssse3, sse4.1, sse4.2, popcnt, lzcnt, tsc, tscinvbit, avx, avx2, aes, erms, clmul, bmi1, bmi2, adx, fma, vzeroupper, clflush, clflushopt, hv
Processor Information for all 8 processors :
  Max Mhz: 1896, Current Mhz: 1596, Mhz Limit: 1592

Memory: 4k page, system-wide physical 16190M (993M free)
TotalPageFile size 19109M (AvailPageFile size 10M)
current process WorkingSet (physical memory assigned to process): 462M, peak: 462M
current process commit charge ("private bytes"): 503M, peak: 505M

vm_info: OpenJDK 64-Bit Server VM (17.0.13+11) for windows-amd64 JRE (17.0.13+11), built on Oct 16 2024 00:10:08 by "admin" with MS VC++ 17.7 (VS2022)

END.
